;  LST file generated by mikroListExporter - v.2.0 
; Date/Time: 05/01/2024 15:29:52
;----------------------------------------------

;Address Opcode 	ASM
0x0000	0xF003EFD6  	GOTO        1964
_Interrupt:
;interrupt.c,1 :: 		void Interrupt(){
0x0008	0xF01AC000  	MOVFF       R0, 26
0x000C	0xF019C001  	MOVFF       R1, 25
0x0010	0xF018C002  	MOVFF       R2, 24
0x0014	0xF017C004  	MOVFF       R4, 23
0x0018	0xF016C008  	MOVFF       R8, 22
0x001C	0xF015C00C  	MOVFF       R12, 21
;interrupt.c,3 :: 		if (TMR2IF_bit){
0x0020	0xA29E      	BTFSS       TMR2IF_bit, BitPos(TMR2IF_bit+0) 
0x0022	0xD002      	BRA         L_Interrupt73
;interrupt.c,4 :: 		TMR2IF_bit = 0;
0x0024	0x929E      	BCF         TMR2IF_bit, BitPos(TMR2IF_bit+0) 
;interrupt.c,6 :: 		UpdateExternalPorts();
0x0026	0xD9FA      	RCALL       _UpdateExternalPorts
;interrupt.c,7 :: 		}
L_Interrupt73:
;interrupt.c,10 :: 		if(RCIE_bit && RCIF_bit){   // Eger UART veri alma kesmesi aktifse ve kesme bayragi set edilmis ise
0x0028	0xAA9D      	BTFSS       RCIE_bit, BitPos(RCIE_bit+0) 
0x002A	0xD00A      	BRA         L_Interrupt76
0x002C	0xAA9E      	BTFSS       RCIF_bit, BitPos(RCIF_bit+0) 
0x002E	0xD008      	BRA         L_Interrupt76
L__Interrupt101:
;interrupt.c,11 :: 		RCIF_bit=0;               // Kesme bayragini temizle
0x0030	0x9A9E      	BCF         RCIF_bit, BitPos(RCIF_bit+0) 
;interrupt.c,12 :: 		if(UART1_Data_Ready()){   // Eger UART verisi okumaya hazir ise
0x0032	0xD9EF      	RCALL       _UART1_Data_Ready
0x0034	0x5200      	MOVF        R0, 1 
0x0036	0xE004      	BZ          L_Interrupt77
;interrupt.c,13 :: 		PrintInt(UART1_Read()); // Gelen Sayac degerini ekrana yaz  receivedText[receivedBytes-2]
0x0038	0xDA90      	RCALL       _UART1_Read
0x003A	0xF079C000  	MOVFF       R0, FARG_PrintInt_number
0x003E	0xDABA      	RCALL       _PrintInt
;interrupt.c,14 :: 		}
L_Interrupt77:
;interrupt.c,15 :: 		}
L_Interrupt76:
;interrupt.c,16 :: 		}
L_end_Interrupt:
L__Interrupt133:
0x0040	0xF000C01A  	MOVFF       26, R0
0x0044	0xF001C019  	MOVFF       25, R1
0x0048	0xF002C018  	MOVFF       24, R2
0x004C	0xF004C017  	MOVFF       23, R4
0x0050	0xF008C016  	MOVFF       22, R8
0x0054	0xF00CC015  	MOVFF       21, R12
0x0058	0x0011      	RETFIE      1
; end of _Interrupt
_Delay_5500us:
;__Lib_Delays.c,31 :: 		void Delay_5500us() {
;__Lib_Delays.c,32 :: 		Delay_us(5500);
0x005A	0x0E56      	MOVLW       86
0x005C	0x6E0C      	MOVWF       R12, 0
0x005E	0x0EB5      	MOVLW       181
0x0060	0x6E0D      	MOVWF       R13, 0
L_Delay_5500us6:
0x0062	0x2E0D      	DECFSZ      R13, 1, 0
0x0064	0xD7FE      	BRA         L_Delay_5500us6
0x0066	0x2E0C      	DECFSZ      R12, 1, 0
0x0068	0xD7FC      	BRA         L_Delay_5500us6
0x006A	0x0000      	NOP
0x006C	0x0000      	NOP
;__Lib_Delays.c,33 :: 		}
L_end_Delay_5500us:
0x006E	0x0012      	RETURN      0
; end of _Delay_5500us
_Delay_50us:
;__Lib_Delays.c,19 :: 		void Delay_50us() {
;__Lib_Delays.c,20 :: 		Delay_us(50);
0x0070	0x0EC7      	MOVLW       199
0x0072	0x6E0D      	MOVWF       R13, 0
L_Delay_50us3:
0x0074	0x2E0D      	DECFSZ      R13, 1, 0
0x0076	0xD7FE      	BRA         L_Delay_50us3
0x0078	0x0000      	NOP
0x007A	0x0000      	NOP
;__Lib_Delays.c,21 :: 		}
L_end_Delay_50us:
0x007C	0x0012      	RETURN      0
; end of _Delay_50us
_Delay_1us:
;__Lib_Delays.c,7 :: 		void Delay_1us() {
;__Lib_Delays.c,8 :: 		Delay_us(1);
0x007E	0x0E03      	MOVLW       3
0x0080	0x6E0D      	MOVWF       R13, 0
L_Delay_1us0:
0x0082	0x2E0D      	DECFSZ      R13, 1, 0
0x0084	0xD7FE      	BRA         L_Delay_1us0
0x0086	0x0000      	NOP
0x0088	0x0000      	NOP
;__Lib_Delays.c,9 :: 		}
L_end_Delay_1us:
0x008A	0x0012      	RETURN      0
; end of _Delay_1us
_Lcd_Cmd:
;__Lib_Lcd.c,18 :: 		
;__Lib_Lcd.c,20 :: 		
0x008C	0x0100      	MOVLB       0
0x008E	0xBF78      	BTFSC       FARG_Lcd_Cmd_out_char, 7, 1
0x0090	0xD002      	BRA         L__Lcd_Cmd21
0x0092	0x948C      	BCF         LCD_D7, BitPos(LCD_D7+0) 
0x0094	0xD001      	BRA         L__Lcd_Cmd22
L__Lcd_Cmd21:
0x0096	0x848C      	BSF         LCD_D7, BitPos(LCD_D7+0) 
L__Lcd_Cmd22:
;__Lib_Lcd.c,21 :: 		
0x0098	0xBD78      	BTFSC       FARG_Lcd_Cmd_out_char, 6, 1
0x009A	0xD002      	BRA         L__Lcd_Cmd23
0x009C	0x968C      	BCF         LCD_D6, BitPos(LCD_D6+0) 
0x009E	0xD001      	BRA         L__Lcd_Cmd24
L__Lcd_Cmd23:
0x00A0	0x868C      	BSF         LCD_D6, BitPos(LCD_D6+0) 
L__Lcd_Cmd24:
;__Lib_Lcd.c,22 :: 		
0x00A2	0xBB78      	BTFSC       FARG_Lcd_Cmd_out_char, 5, 1
0x00A4	0xD002      	BRA         L__Lcd_Cmd25
0x00A6	0x988C      	BCF         LCD_D5, BitPos(LCD_D5+0) 
0x00A8	0xD001      	BRA         L__Lcd_Cmd26
L__Lcd_Cmd25:
0x00AA	0x888C      	BSF         LCD_D5, BitPos(LCD_D5+0) 
L__Lcd_Cmd26:
;__Lib_Lcd.c,23 :: 		
0x00AC	0xB978      	BTFSC       FARG_Lcd_Cmd_out_char, 4, 1
0x00AE	0xD002      	BRA         L__Lcd_Cmd27
0x00B0	0x9A8C      	BCF         LCD_D4, BitPos(LCD_D4+0) 
0x00B2	0xD001      	BRA         L__Lcd_Cmd28
L__Lcd_Cmd27:
0x00B4	0x8A8C      	BSF         LCD_D4, BitPos(LCD_D4+0) 
L__Lcd_Cmd28:
;__Lib_Lcd.c,25 :: 		
0x00B6	0xB055      	BTFSC       __Lib_Lcd_cmd_status, BitPos(__Lib_Lcd_cmd_status+0) 
0x00B8	0xD002      	BRA         L__Lcd_Cmd29
0x00BA	0x8E8C      	BSF         LCD_RS, BitPos(LCD_RS+0) 
0x00BC	0xD001      	BRA         L__Lcd_Cmd30
L__Lcd_Cmd29:
0x00BE	0x9E8C      	BCF         LCD_RS, BitPos(LCD_RS+0) 
L__Lcd_Cmd30:
;__Lib_Lcd.c,28 :: 		
0x00C0	0x8C8C      	BSF         LCD_EN, BitPos(LCD_EN+0) 
;__Lib_Lcd.c,29 :: 		
0x00C2	0xDFDD      	RCALL       _Delay_1us
;__Lib_Lcd.c,30 :: 		
0x00C4	0x9C8C      	BCF         LCD_EN, BitPos(LCD_EN+0) 
;__Lib_Lcd.c,33 :: 		
0x00C6	0xB778      	BTFSC       FARG_Lcd_Cmd_out_char, 3, 1
0x00C8	0xD002      	BRA         L__Lcd_Cmd31
0x00CA	0x948C      	BCF         LCD_D7, BitPos(LCD_D7+0) 
0x00CC	0xD001      	BRA         L__Lcd_Cmd32
L__Lcd_Cmd31:
0x00CE	0x848C      	BSF         LCD_D7, BitPos(LCD_D7+0) 
L__Lcd_Cmd32:
;__Lib_Lcd.c,34 :: 		
0x00D0	0xB578      	BTFSC       FARG_Lcd_Cmd_out_char, 2, 1
0x00D2	0xD002      	BRA         L__Lcd_Cmd33
0x00D4	0x968C      	BCF         LCD_D6, BitPos(LCD_D6+0) 
0x00D6	0xD001      	BRA         L__Lcd_Cmd34
L__Lcd_Cmd33:
0x00D8	0x868C      	BSF         LCD_D6, BitPos(LCD_D6+0) 
L__Lcd_Cmd34:
;__Lib_Lcd.c,35 :: 		
0x00DA	0xB378      	BTFSC       FARG_Lcd_Cmd_out_char, 1, 1
0x00DC	0xD002      	BRA         L__Lcd_Cmd35
0x00DE	0x988C      	BCF         LCD_D5, BitPos(LCD_D5+0) 
0x00E0	0xD001      	BRA         L__Lcd_Cmd36
L__Lcd_Cmd35:
0x00E2	0x888C      	BSF         LCD_D5, BitPos(LCD_D5+0) 
L__Lcd_Cmd36:
;__Lib_Lcd.c,36 :: 		
0x00E4	0xB178      	BTFSC       FARG_Lcd_Cmd_out_char, 0, 1
0x00E6	0xD002      	BRA         L__Lcd_Cmd37
0x00E8	0x9A8C      	BCF         LCD_D4, BitPos(LCD_D4+0) 
0x00EA	0xD001      	BRA         L__Lcd_Cmd38
L__Lcd_Cmd37:
0x00EC	0x8A8C      	BSF         LCD_D4, BitPos(LCD_D4+0) 
L__Lcd_Cmd38:
;__Lib_Lcd.c,38 :: 		
0x00EE	0xB055      	BTFSC       __Lib_Lcd_cmd_status, BitPos(__Lib_Lcd_cmd_status+0) 
0x00F0	0xD002      	BRA         L__Lcd_Cmd39
0x00F2	0x8E8C      	BSF         LCD_RS, BitPos(LCD_RS+0) 
0x00F4	0xD001      	BRA         L__Lcd_Cmd40
L__Lcd_Cmd39:
0x00F6	0x9E8C      	BCF         LCD_RS, BitPos(LCD_RS+0) 
L__Lcd_Cmd40:
;__Lib_Lcd.c,40 :: 		
0x00F8	0x8C8C      	BSF         LCD_EN, BitPos(LCD_EN+0) 
;__Lib_Lcd.c,41 :: 		
0x00FA	0xDFC1      	RCALL       _Delay_1us
;__Lib_Lcd.c,42 :: 		
0x00FC	0x9C8C      	BCF         LCD_EN, BitPos(LCD_EN+0) 
;__Lib_Lcd.c,44 :: 		
0x00FE	0xA055      	BTFSS       __Lib_Lcd_cmd_status, BitPos(__Lib_Lcd_cmd_status+0) 
0x0100	0xD002      	BRA         L_Lcd_Cmd0
;__Lib_Lcd.c,45 :: 		
0x0102	0xDFAB      	RCALL       _Delay_5500us
0x0104	0xD001      	BRA         L_Lcd_Cmd1
L_Lcd_Cmd0:
;__Lib_Lcd.c,47 :: 		
0x0106	0xDFB4      	RCALL       _Delay_50us
L_Lcd_Cmd1:
;__Lib_Lcd.c,48 :: 		
L_end_Lcd_Cmd:
0x0108	0x0012      	RETURN      0
; end of _Lcd_Cmd
_Div_16X16_U:
;__Lib_Math.c,102 :: 		
;__Lib_Math.c,109 :: 		
0x010A	0x6A08      	CLRF        R8, 0
;__Lib_Math.c,110 :: 		
0x010C	0x6A09      	CLRF        R9, 0
;__Lib_Math.c,111 :: 		
0x010E	0x0E10      	MOVLW       16
;__Lib_Math.c,112 :: 		
0x0110	0x6E0C      	MOVWF       R12, 0
;__Lib_Math.c,113 :: 		
0x0112	0x3401      	RLCF        R1, 0, 0
;__Lib_Math.c,114 :: 		
0x0114	0x3608      	RLCF        R8, 1, 0
;__Lib_Math.c,115 :: 		
0x0116	0x3609      	RLCF        R9, 1, 0
;__Lib_Math.c,116 :: 		
0x0118	0x5004      	MOVF        R4, 0, 0
;__Lib_Math.c,117 :: 		
0x011A	0x5E08      	SUBWF       R8, 1, 0
;__Lib_Math.c,118 :: 		
0x011C	0x5005      	MOVF        R5, 0, 0
;__Lib_Math.c,119 :: 		
0x011E	0xA0D8      	BTFSS       STATUS, 0, 0
;__Lib_Math.c,120 :: 		
0x0120	0x3C05      	INCFSZ      R5, 0, 0
;__Lib_Math.c,121 :: 		
0x0122	0x5E09      	SUBWF       R9, 1, 0
;__Lib_Math.c,122 :: 		
0x0124	0xB0D8      	BTFSC       STATUS, 0, 0
;__Lib_Math.c,123 :: 		
0x0126	0xD007      	BRA         $+16
;__Lib_Math.c,124 :: 		
0x0128	0x5004      	MOVF        R4, 0, 0
;__Lib_Math.c,125 :: 		
0x012A	0x2608      	ADDWF       R8, 1, 0
;__Lib_Math.c,126 :: 		
0x012C	0x5005      	MOVF        R5, 0, 0
;__Lib_Math.c,127 :: 		
0x012E	0xB0D8      	BTFSC       STATUS, 0, 0
;__Lib_Math.c,128 :: 		
0x0130	0x3C05      	INCFSZ      R5, 0, 0
;__Lib_Math.c,129 :: 		
0x0132	0x2609      	ADDWF       R9, 1, 0
;__Lib_Math.c,130 :: 		
0x0134	0x90D8      	BCF         STATUS, 0, 0
;__Lib_Math.c,131 :: 		
0x0136	0x3600      	RLCF        R0, 1, 0
;__Lib_Math.c,132 :: 		
0x0138	0x3601      	RLCF        R1, 1, 0
;__Lib_Math.c,133 :: 		
0x013A	0x2E0C      	DECFSZ      R12, 1, 0
;__Lib_Math.c,134 :: 		
0x013C	0xD7EA      	BRA         $-42
;__Lib_Math.c,136 :: 		
L_end_Div_16X16_U:
0x013E	0x0012      	RETURN      0
; end of _Div_16X16_U
_Lcd_Chr_CP:
;__Lib_Lcd.c,50 :: 		
;__Lib_Lcd.c,52 :: 		
0x0140	0x9055      	BCF         __Lib_Lcd_cmd_status, BitPos(__Lib_Lcd_cmd_status+0) 
;__Lib_Lcd.c,53 :: 		
0x0142	0xF078C060  	MOVFF       FARG_Lcd_Chr_CP_out_char, FARG_Lcd_Cmd_out_char
0x0146	0xDFA2      	RCALL       _Lcd_Cmd
;__Lib_Lcd.c,54 :: 		
0x0148	0x8055      	BSF         __Lib_Lcd_cmd_status, BitPos(__Lib_Lcd_cmd_status+0) 
;__Lib_Lcd.c,55 :: 		
L_end_Lcd_Chr_CP:
0x014A	0x0012      	RETURN      0
; end of _Lcd_Chr_CP
_Lcd_Init:
;__Lib_Lcd.c,84 :: 		
;__Lib_Lcd.c,86 :: 		
0x014C	0x9C95      	BCF         LCD_EN_Direction, BitPos(LCD_EN_Direction+0) 
;__Lib_Lcd.c,87 :: 		
0x014E	0x9E95      	BCF         LCD_RS_Direction, BitPos(LCD_RS_Direction+0) 
;__Lib_Lcd.c,88 :: 		
0x0150	0x9495      	BCF         LCD_D4_Direction, BitPos(LCD_D4_Direction+0) 
;__Lib_Lcd.c,89 :: 		
0x0152	0x9695      	BCF         LCD_D5_Direction, BitPos(LCD_D5_Direction+0) 
;__Lib_Lcd.c,90 :: 		
0x0154	0x9895      	BCF         LCD_D6_Direction, BitPos(LCD_D6_Direction+0) 
;__Lib_Lcd.c,91 :: 		
0x0156	0x9A95      	BCF         LCD_D7_Direction, BitPos(LCD_D7_Direction+0) 
;__Lib_Lcd.c,93 :: 		
0x0158	0x9C8C      	BCF         LCD_EN, BitPos(LCD_EN+0) 
;__Lib_Lcd.c,94 :: 		
0x015A	0x9E8C      	BCF         LCD_RS, BitPos(LCD_RS+0) 
;__Lib_Lcd.c,95 :: 		
0x015C	0x948C      	BCF         LCD_D7, BitPos(LCD_D7+0) 
;__Lib_Lcd.c,96 :: 		
0x015E	0x968C      	BCF         LCD_D6, BitPos(LCD_D6+0) 
;__Lib_Lcd.c,97 :: 		
0x0160	0x988C      	BCF         LCD_D5, BitPos(LCD_D5+0) 
;__Lib_Lcd.c,98 :: 		
0x0162	0x9A8C      	BCF         LCD_D4, BitPos(LCD_D4+0) 
;__Lib_Lcd.c,100 :: 		
0x0164	0xDF7A      	RCALL       _Delay_5500us
;__Lib_Lcd.c,101 :: 		
0x0166	0xDF79      	RCALL       _Delay_5500us
;__Lib_Lcd.c,102 :: 		
0x0168	0xDF78      	RCALL       _Delay_5500us
;__Lib_Lcd.c,105 :: 		
0x016A	0x888C      	BSF         LCD_D5, BitPos(LCD_D5+0) 
;__Lib_Lcd.c,106 :: 		
0x016C	0x8A8C      	BSF         LCD_D4, BitPos(LCD_D4+0) 
;__Lib_Lcd.c,107 :: 		
0x016E	0x8C8C      	BSF         LCD_EN, BitPos(LCD_EN+0) 
;__Lib_Lcd.c,108 :: 		
0x0170	0xDF86      	RCALL       _Delay_1us
;__Lib_Lcd.c,109 :: 		
0x0172	0x9C8C      	BCF         LCD_EN, BitPos(LCD_EN+0) 
;__Lib_Lcd.c,110 :: 		
0x0174	0xDF72      	RCALL       _Delay_5500us
;__Lib_Lcd.c,112 :: 		
0x0176	0x8C8C      	BSF         LCD_EN, BitPos(LCD_EN+0) 
;__Lib_Lcd.c,113 :: 		
0x0178	0xDF82      	RCALL       _Delay_1us
;__Lib_Lcd.c,114 :: 		
0x017A	0x9C8C      	BCF         LCD_EN, BitPos(LCD_EN+0) 
;__Lib_Lcd.c,115 :: 		
0x017C	0xDF6E      	RCALL       _Delay_5500us
;__Lib_Lcd.c,117 :: 		
0x017E	0x8C8C      	BSF         LCD_EN, BitPos(LCD_EN+0) 
;__Lib_Lcd.c,118 :: 		
0x0180	0xDF7E      	RCALL       _Delay_1us
;__Lib_Lcd.c,119 :: 		
0x0182	0x9C8C      	BCF         LCD_EN, BitPos(LCD_EN+0) 
;__Lib_Lcd.c,120 :: 		
0x0184	0xDF6A      	RCALL       _Delay_5500us
;__Lib_Lcd.c,123 :: 		
0x0186	0x9A8C      	BCF         LCD_D4, BitPos(LCD_D4+0) 
;__Lib_Lcd.c,124 :: 		
0x0188	0x8C8C      	BSF         LCD_EN, BitPos(LCD_EN+0) 
;__Lib_Lcd.c,125 :: 		
0x018A	0xDF79      	RCALL       _Delay_1us
;__Lib_Lcd.c,126 :: 		
0x018C	0x9C8C      	BCF         LCD_EN, BitPos(LCD_EN+0) 
;__Lib_Lcd.c,127 :: 		
0x018E	0xDF65      	RCALL       _Delay_5500us
;__Lib_Lcd.c,130 :: 		
0x0190	0x8C8C      	BSF         LCD_EN, BitPos(LCD_EN+0) 
;__Lib_Lcd.c,131 :: 		
0x0192	0xDF75      	RCALL       _Delay_1us
;__Lib_Lcd.c,132 :: 		
0x0194	0x9C8C      	BCF         LCD_EN, BitPos(LCD_EN+0) 
;__Lib_Lcd.c,134 :: 		
0x0196	0x988C      	BCF         LCD_D5, BitPos(LCD_D5+0) 
;__Lib_Lcd.c,135 :: 		
0x0198	0x848C      	BSF         LCD_D7, BitPos(LCD_D7+0) 
;__Lib_Lcd.c,136 :: 		
0x019A	0x8C8C      	BSF         LCD_EN, BitPos(LCD_EN+0) 
;__Lib_Lcd.c,137 :: 		
0x019C	0xDF70      	RCALL       _Delay_1us
;__Lib_Lcd.c,138 :: 		
0x019E	0x9C8C      	BCF         LCD_EN, BitPos(LCD_EN+0) 
;__Lib_Lcd.c,139 :: 		
0x01A0	0xDF5C      	RCALL       _Delay_5500us
;__Lib_Lcd.c,142 :: 		
0x01A2	0x948C      	BCF         LCD_D7, BitPos(LCD_D7+0) 
;__Lib_Lcd.c,143 :: 		
0x01A4	0x8A8C      	BSF         LCD_D4, BitPos(LCD_D4+0) 
;__Lib_Lcd.c,144 :: 		
0x01A6	0x8C8C      	BSF         LCD_EN, BitPos(LCD_EN+0) 
;__Lib_Lcd.c,145 :: 		
0x01A8	0xDF6A      	RCALL       _Delay_1us
;__Lib_Lcd.c,146 :: 		
0x01AA	0x9C8C      	BCF         LCD_EN, BitPos(LCD_EN+0) 
;__Lib_Lcd.c,148 :: 		
0x01AC	0x9A8C      	BCF         LCD_D4, BitPos(LCD_D4+0) 
;__Lib_Lcd.c,149 :: 		
0x01AE	0x8C8C      	BSF         LCD_EN, BitPos(LCD_EN+0) 
;__Lib_Lcd.c,150 :: 		
0x01B0	0xDF66      	RCALL       _Delay_1us
;__Lib_Lcd.c,151 :: 		
0x01B2	0x9C8C      	BCF         LCD_EN, BitPos(LCD_EN+0) 
;__Lib_Lcd.c,152 :: 		
0x01B4	0xDF52      	RCALL       _Delay_5500us
;__Lib_Lcd.c,155 :: 		
0x01B6	0x8C8C      	BSF         LCD_EN, BitPos(LCD_EN+0) 
;__Lib_Lcd.c,156 :: 		
0x01B8	0xDF62      	RCALL       _Delay_1us
;__Lib_Lcd.c,157 :: 		
0x01BA	0x9C8C      	BCF         LCD_EN, BitPos(LCD_EN+0) 
;__Lib_Lcd.c,159 :: 		
0x01BC	0x8A8C      	BSF         LCD_D4, BitPos(LCD_D4+0) 
;__Lib_Lcd.c,160 :: 		
0x01BE	0x8C8C      	BSF         LCD_EN, BitPos(LCD_EN+0) 
;__Lib_Lcd.c,161 :: 		
0x01C0	0xDF5E      	RCALL       _Delay_1us
;__Lib_Lcd.c,162 :: 		
0x01C2	0x9C8C      	BCF         LCD_EN, BitPos(LCD_EN+0) 
;__Lib_Lcd.c,163 :: 		
0x01C4	0xDF4A      	RCALL       _Delay_5500us
;__Lib_Lcd.c,166 :: 		
0x01C6	0x9A8C      	BCF         LCD_D4, BitPos(LCD_D4+0) 
;__Lib_Lcd.c,167 :: 		
0x01C8	0x8C8C      	BSF         LCD_EN, BitPos(LCD_EN+0) 
;__Lib_Lcd.c,168 :: 		
0x01CA	0xDF59      	RCALL       _Delay_1us
;__Lib_Lcd.c,169 :: 		
0x01CC	0x9C8C      	BCF         LCD_EN, BitPos(LCD_EN+0) 
;__Lib_Lcd.c,171 :: 		
0x01CE	0x848C      	BSF         LCD_D7, BitPos(LCD_D7+0) 
;__Lib_Lcd.c,172 :: 		
0x01D0	0x868C      	BSF         LCD_D6, BitPos(LCD_D6+0) 
;__Lib_Lcd.c,173 :: 		
0x01D2	0x888C      	BSF         LCD_D5, BitPos(LCD_D5+0) 
;__Lib_Lcd.c,174 :: 		
0x01D4	0x8A8C      	BSF         LCD_D4, BitPos(LCD_D4+0) 
;__Lib_Lcd.c,175 :: 		
0x01D6	0x8C8C      	BSF         LCD_EN, BitPos(LCD_EN+0) 
;__Lib_Lcd.c,176 :: 		
0x01D8	0xDF52      	RCALL       _Delay_1us
;__Lib_Lcd.c,177 :: 		
0x01DA	0x9C8C      	BCF         LCD_EN, BitPos(LCD_EN+0) 
;__Lib_Lcd.c,179 :: 		
0x01DC	0xDF3E      	RCALL       _Delay_5500us
;__Lib_Lcd.c,181 :: 		
0x01DE	0x8055      	BSF         __Lib_Lcd_cmd_status, BitPos(__Lib_Lcd_cmd_status+0) 
;__Lib_Lcd.c,182 :: 		
L_end_Lcd_Init:
0x01E0	0x0012      	RETURN      0
; end of _Lcd_Init
_getChar:
;display.c,1 :: 		char getChar(char c){
;display.c,2 :: 		switch(c){
0x01E2	0xD068      	BRA         L_getChar35
;display.c,3 :: 		case 'A': return 0xDE;
L_getChar37:
0x01E4	0x0EDE      	MOVLW       222
0x01E6	0x6E00      	MOVWF       R0 
0x01E8	0xD0D0      	BRA         L_end_getChar
;display.c,4 :: 		case 'B': return 0xF4;
L_getChar38:
0x01EA	0x0EF4      	MOVLW       244
0x01EC	0x6E00      	MOVWF       R0 
0x01EE	0xD0CD      	BRA         L_end_getChar
;display.c,5 :: 		case 'C': return 0xB8;
L_getChar39:
0x01F0	0x0EB8      	MOVLW       184
0x01F2	0x6E00      	MOVWF       R0 
0x01F4	0xD0CA      	BRA         L_end_getChar
;display.c,6 :: 		case 'D': return 0xE6;
L_getChar40:
0x01F6	0x0EE6      	MOVLW       230
0x01F8	0x6E00      	MOVWF       R0 
0x01FA	0xD0C7      	BRA         L_end_getChar
;display.c,7 :: 		case 'E': return 0xF8;
L_getChar41:
0x01FC	0x0EF8      	MOVLW       248
0x01FE	0x6E00      	MOVWF       R0 
0x0200	0xD0C4      	BRA         L_end_getChar
;display.c,8 :: 		case 'F': return 0xD8;
L_getChar42:
0x0202	0x0ED8      	MOVLW       216
0x0204	0x6E00      	MOVWF       R0 
0x0206	0xD0C1      	BRA         L_end_getChar
;display.c,9 :: 		case 'G': return 0xBC;
L_getChar43:
0x0208	0x0EBC      	MOVLW       188
0x020A	0x6E00      	MOVWF       R0 
0x020C	0xD0BE      	BRA         L_end_getChar
;display.c,10 :: 		case 'H': return 0xD6;
L_getChar44:
0x020E	0x0ED6      	MOVLW       214
0x0210	0x6E00      	MOVWF       R0 
0x0212	0xD0BB      	BRA         L_end_getChar
;display.c,11 :: 		case 'I': return 0x06;
L_getChar45:
0x0214	0x0E06      	MOVLW       6
0x0216	0x6E00      	MOVWF       R0 
0x0218	0xD0B8      	BRA         L_end_getChar
;display.c,12 :: 		case 'J': return 0xA6;
L_getChar46:
0x021A	0x0EA6      	MOVLW       166
0x021C	0x6E00      	MOVWF       R0 
0x021E	0xD0B5      	BRA         L_end_getChar
;display.c,13 :: 		case 'K': return 0xD4;
L_getChar47:
0x0220	0x0ED4      	MOVLW       212
0x0222	0x6E00      	MOVWF       R0 
0x0224	0xD0B2      	BRA         L_end_getChar
;display.c,14 :: 		case 'L': return 0xB0;
L_getChar48:
0x0226	0x0EB0      	MOVLW       176
0x0228	0x6E00      	MOVWF       R0 
0x022A	0xD0AF      	BRA         L_end_getChar
;display.c,15 :: 		case 'M': return 0xCC;
L_getChar49:
0x022C	0x0ECC      	MOVLW       204
0x022E	0x6E00      	MOVWF       R0 
0x0230	0xD0AC      	BRA         L_end_getChar
;display.c,16 :: 		case 'N': return 0xC4;
L_getChar50:
0x0232	0x0EC4      	MOVLW       196
0x0234	0x6E00      	MOVWF       R0 
0x0236	0xD0A9      	BRA         L_end_getChar
;display.c,17 :: 		case 'O': return 0xE4;
L_getChar51:
0x0238	0x0EE4      	MOVLW       228
0x023A	0x6E00      	MOVWF       R0 
0x023C	0xD0A6      	BRA         L_end_getChar
;display.c,18 :: 		case 'P': return 0xDA;
L_getChar52:
0x023E	0x0EDA      	MOVLW       218
0x0240	0x6E00      	MOVWF       R0 
0x0242	0xD0A3      	BRA         L_end_getChar
;display.c,19 :: 		case 'Q': return 0x5E;
L_getChar53:
0x0244	0x0E5E      	MOVLW       94
0x0246	0x6E00      	MOVWF       R0 
0x0248	0xD0A0      	BRA         L_end_getChar
;display.c,20 :: 		case 'R': return 0xC0;
L_getChar54:
0x024A	0x0EC0      	MOVLW       192
0x024C	0x6E00      	MOVWF       R0 
0x024E	0xD09D      	BRA         L_end_getChar
;display.c,21 :: 		case 'S': return 0x7C;
L_getChar55:
0x0250	0x0E7C      	MOVLW       124
0x0252	0x6E00      	MOVWF       R0 
0x0254	0xD09A      	BRA         L_end_getChar
;display.c,22 :: 		case 'T': return 0xF0;
L_getChar56:
0x0256	0x0EF0      	MOVLW       240
0x0258	0x6E00      	MOVWF       R0 
0x025A	0xD097      	BRA         L_end_getChar
;display.c,23 :: 		case 'U': return 0xB6;
L_getChar57:
0x025C	0x0EB6      	MOVLW       182
0x025E	0x6E00      	MOVWF       R0 
0x0260	0xD094      	BRA         L_end_getChar
;display.c,24 :: 		case 'V': return 0xA4;
L_getChar58:
0x0262	0x0EA4      	MOVLW       164
0x0264	0x6E00      	MOVWF       R0 
0x0266	0xD091      	BRA         L_end_getChar
;display.c,25 :: 		case 'Y': return 0x76;
L_getChar59:
0x0268	0x0E76      	MOVLW       118
0x026A	0x6E00      	MOVWF       R0 
0x026C	0xD08E      	BRA         L_end_getChar
;display.c,26 :: 		case 'Z': return 0xEA;
L_getChar60:
0x026E	0x0EEA      	MOVLW       234
0x0270	0x6E00      	MOVWF       R0 
0x0272	0xD08B      	BRA         L_end_getChar
;display.c,27 :: 		case '0': return 0xBE;
L_getChar61:
0x0274	0x0EBE      	MOVLW       190
0x0276	0x6E00      	MOVWF       R0 
0x0278	0xD088      	BRA         L_end_getChar
;display.c,28 :: 		case '1': return 0x06;
L_getChar62:
0x027A	0x0E06      	MOVLW       6
0x027C	0x6E00      	MOVWF       R0 
0x027E	0xD085      	BRA         L_end_getChar
;display.c,29 :: 		case '2': return 0xEA;
L_getChar63:
0x0280	0x0EEA      	MOVLW       234
0x0282	0x6E00      	MOVWF       R0 
0x0284	0xD082      	BRA         L_end_getChar
;display.c,30 :: 		case '3': return 0x6E;
L_getChar64:
0x0286	0x0E6E      	MOVLW       110
0x0288	0x6E00      	MOVWF       R0 
0x028A	0xD07F      	BRA         L_end_getChar
;display.c,31 :: 		case '4': return 0x56;
L_getChar65:
0x028C	0x0E56      	MOVLW       86
0x028E	0x6E00      	MOVWF       R0 
0x0290	0xD07C      	BRA         L_end_getChar
;display.c,32 :: 		case '5': return 0x7C;
L_getChar66:
0x0292	0x0E7C      	MOVLW       124
0x0294	0x6E00      	MOVWF       R0 
0x0296	0xD079      	BRA         L_end_getChar
;display.c,33 :: 		case '6': return 0xFC;
L_getChar67:
0x0298	0x0EFC      	MOVLW       252
0x029A	0x6E00      	MOVWF       R0 
0x029C	0xD076      	BRA         L_end_getChar
;display.c,34 :: 		case '7': return 0x0E;
L_getChar68:
0x029E	0x0E0E      	MOVLW       14
0x02A0	0x6E00      	MOVWF       R0 
0x02A2	0xD073      	BRA         L_end_getChar
;display.c,35 :: 		case '8': return 0xFE;
L_getChar69:
0x02A4	0x0EFE      	MOVLW       254
0x02A6	0x6E00      	MOVWF       R0 
0x02A8	0xD070      	BRA         L_end_getChar
;display.c,36 :: 		case '9': return 0x7E;
L_getChar70:
0x02AA	0x0E7E      	MOVLW       126
0x02AC	0x6E00      	MOVWF       R0 
0x02AE	0xD06D      	BRA         L_end_getChar
;display.c,37 :: 		case ' ': return 0x00;
L_getChar71:
0x02B0	0x6A00      	CLRF        R0 
0x02B2	0xD06B      	BRA         L_end_getChar
;display.c,38 :: 		}
L_getChar35:
0x02B4	0x0100      	MOVLB       0
0x02B6	0x517A      	MOVF        FARG_getChar_c, 0, 1
0x02B8	0x0A41      	XORLW       65
0x02BA	0xE094      	BZ          L_getChar37
0x02BC	0x517A      	MOVF        FARG_getChar_c, 0, 1
0x02BE	0x0A42      	XORLW       66
0x02C0	0xE094      	BZ          L_getChar38
0x02C2	0x517A      	MOVF        FARG_getChar_c, 0, 1
0x02C4	0x0A43      	XORLW       67
0x02C6	0xE094      	BZ          L_getChar39
0x02C8	0x517A      	MOVF        FARG_getChar_c, 0, 1
0x02CA	0x0A44      	XORLW       68
0x02CC	0xE094      	BZ          L_getChar40
0x02CE	0x517A      	MOVF        FARG_getChar_c, 0, 1
0x02D0	0x0A45      	XORLW       69
0x02D2	0xE094      	BZ          L_getChar41
0x02D4	0x517A      	MOVF        FARG_getChar_c, 0, 1
0x02D6	0x0A46      	XORLW       70
0x02D8	0xE094      	BZ          L_getChar42
0x02DA	0x517A      	MOVF        FARG_getChar_c, 0, 1
0x02DC	0x0A47      	XORLW       71
0x02DE	0xE094      	BZ          L_getChar43
0x02E0	0x517A      	MOVF        FARG_getChar_c, 0, 1
0x02E2	0x0A48      	XORLW       72
0x02E4	0xE094      	BZ          L_getChar44
0x02E6	0x517A      	MOVF        FARG_getChar_c, 0, 1
0x02E8	0x0A49      	XORLW       73
0x02EA	0xE094      	BZ          L_getChar45
0x02EC	0x517A      	MOVF        FARG_getChar_c, 0, 1
0x02EE	0x0A4A      	XORLW       74
0x02F0	0xE094      	BZ          L_getChar46
0x02F2	0x517A      	MOVF        FARG_getChar_c, 0, 1
0x02F4	0x0A4B      	XORLW       75
0x02F6	0xE094      	BZ          L_getChar47
0x02F8	0x517A      	MOVF        FARG_getChar_c, 0, 1
0x02FA	0x0A4C      	XORLW       76
0x02FC	0xE094      	BZ          L_getChar48
0x02FE	0x517A      	MOVF        FARG_getChar_c, 0, 1
0x0300	0x0A4D      	XORLW       77
0x0302	0xE094      	BZ          L_getChar49
0x0304	0x517A      	MOVF        FARG_getChar_c, 0, 1
0x0306	0x0A4E      	XORLW       78
0x0308	0xE094      	BZ          L_getChar50
0x030A	0x517A      	MOVF        FARG_getChar_c, 0, 1
0x030C	0x0A4F      	XORLW       79
0x030E	0xE094      	BZ          L_getChar51
0x0310	0x517A      	MOVF        FARG_getChar_c, 0, 1
0x0312	0x0A50      	XORLW       80
0x0314	0xE094      	BZ          L_getChar52
0x0316	0x517A      	MOVF        FARG_getChar_c, 0, 1
0x0318	0x0A51      	XORLW       81
0x031A	0xE094      	BZ          L_getChar53
0x031C	0x517A      	MOVF        FARG_getChar_c, 0, 1
0x031E	0x0A52      	XORLW       82
0x0320	0xE094      	BZ          L_getChar54
0x0322	0x517A      	MOVF        FARG_getChar_c, 0, 1
0x0324	0x0A53      	XORLW       83
0x0326	0xE094      	BZ          L_getChar55
0x0328	0x517A      	MOVF        FARG_getChar_c, 0, 1
0x032A	0x0A54      	XORLW       84
0x032C	0xE094      	BZ          L_getChar56
0x032E	0x517A      	MOVF        FARG_getChar_c, 0, 1
0x0330	0x0A55      	XORLW       85
0x0332	0xE094      	BZ          L_getChar57
0x0334	0x517A      	MOVF        FARG_getChar_c, 0, 1
0x0336	0x0A56      	XORLW       86
0x0338	0xE094      	BZ          L_getChar58
0x033A	0x517A      	MOVF        FARG_getChar_c, 0, 1
0x033C	0x0A59      	XORLW       89
0x033E	0xE094      	BZ          L_getChar59
0x0340	0x517A      	MOVF        FARG_getChar_c, 0, 1
0x0342	0x0A5A      	XORLW       90
0x0344	0xE094      	BZ          L_getChar60
0x0346	0x517A      	MOVF        FARG_getChar_c, 0, 1
0x0348	0x0A30      	XORLW       48
0x034A	0xE094      	BZ          L_getChar61
0x034C	0x517A      	MOVF        FARG_getChar_c, 0, 1
0x034E	0x0A31      	XORLW       49
0x0350	0xE094      	BZ          L_getChar62
0x0352	0x517A      	MOVF        FARG_getChar_c, 0, 1
0x0354	0x0A32      	XORLW       50
0x0356	0xE094      	BZ          L_getChar63
0x0358	0x517A      	MOVF        FARG_getChar_c, 0, 1
0x035A	0x0A33      	XORLW       51
0x035C	0xE094      	BZ          L_getChar64
0x035E	0x517A      	MOVF        FARG_getChar_c, 0, 1
0x0360	0x0A34      	XORLW       52
0x0362	0xE094      	BZ          L_getChar65
0x0364	0x517A      	MOVF        FARG_getChar_c, 0, 1
0x0366	0x0A35      	XORLW       53
0x0368	0xE094      	BZ          L_getChar66
0x036A	0x517A      	MOVF        FARG_getChar_c, 0, 1
0x036C	0x0A36      	XORLW       54
0x036E	0xE094      	BZ          L_getChar67
0x0370	0x517A      	MOVF        FARG_getChar_c, 0, 1
0x0372	0x0A37      	XORLW       55
0x0374	0xE094      	BZ          L_getChar68
0x0376	0x517A      	MOVF        FARG_getChar_c, 0, 1
0x0378	0x0A38      	XORLW       56
0x037A	0xE094      	BZ          L_getChar69
0x037C	0x517A      	MOVF        FARG_getChar_c, 0, 1
0x037E	0x0A39      	XORLW       57
0x0380	0xE094      	BZ          L_getChar70
0x0382	0x517A      	MOVF        FARG_getChar_c, 0, 1
0x0384	0x0A20      	XORLW       32
0x0386	0xE094      	BZ          L_getChar71
;display.c,39 :: 		return 0;
0x0388	0x6A00      	CLRF        R0 
;display.c,40 :: 		}
L_end_getChar:
0x038A	0x0012      	RETURN      0
; end of _getChar
_Div_8X8_U:
;__Lib_Math.c,77 :: 		
;__Lib_Math.c,84 :: 		
0x038C	0x6A08      	CLRF        R8, 0
;__Lib_Math.c,85 :: 		
0x038E	0x0E08      	MOVLW       8
;__Lib_Math.c,86 :: 		
0x0390	0x6E0C      	MOVWF       R12, 0
;__Lib_Math.c,87 :: 		
0x0392	0x3400      	RLCF        R0, 0, 0
;__Lib_Math.c,88 :: 		
0x0394	0x3608      	RLCF        R8, 1, 0
;__Lib_Math.c,89 :: 		
0x0396	0x5004      	MOVF        R4, 0, 0
;__Lib_Math.c,90 :: 		
0x0398	0x5E08      	SUBWF       R8, 1, 0
;__Lib_Math.c,91 :: 		
0x039A	0xB0D8      	BTFSC       STATUS, 0, 0
;__Lib_Math.c,92 :: 		
0x039C	0xD002      	BRA         $+6
;__Lib_Math.c,93 :: 		
0x039E	0x2608      	ADDWF       R8, 1, 0
;__Lib_Math.c,94 :: 		
0x03A0	0x90D8      	BCF         STATUS, 0, 0
;__Lib_Math.c,95 :: 		
0x03A2	0x3600      	RLCF        R0, 1, 0
;__Lib_Math.c,96 :: 		
0x03A4	0x2E0C      	DECFSZ      R12, 1, 0
;__Lib_Math.c,97 :: 		
0x03A6	0xD7F5      	BRA         $-20
;__Lib_Math.c,99 :: 		
L_end_Div_8X8_U:
0x03A8	0x0012      	RETURN      0
; end of _Div_8X8_U
_UART1_Init:
;__Lib_UART_c67.c,15 :: 		
;__Lib_UART_c67.c,18 :: 		
0x03AA	0x0E9E      	MOVLW       _UART1_Write
0x03AC	0x6E56      	MOVWF       _UART_Wr_Ptr 
0x03AE	0x0E07      	MOVLW       hi_addr(_UART1_Write)
0x03B0	0x6E57      	MOVWF       _UART_Wr_Ptr+1 
0x03B2	0x0E5E      	MOVLW       FARG_UART1_Write_data_
0x03B4	0x6E58      	MOVWF       _UART_Wr_Ptr+2 
0x03B6	0x0E00      	MOVLW       hi_addr(FARG_UART1_Write_data_)
0x03B8	0x6E59      	MOVWF       _UART_Wr_Ptr+3 
;__Lib_UART_c67.c,19 :: 		
0x03BA	0x0E5A      	MOVLW       _UART1_Read
0x03BC	0x0100      	MOVLB       0
0x03BE	0x6F61      	MOVWF       _UART_Rd_Ptr, 1
0x03C0	0x0E05      	MOVLW       hi_addr(_UART1_Read)
0x03C2	0x6F62      	MOVWF       _UART_Rd_Ptr+1, 1
0x03C4	0x0E00      	MOVLW       0
0x03C6	0x6F63      	MOVWF       _UART_Rd_Ptr+2, 1
0x03C8	0x0E00      	MOVLW       0
0x03CA	0x6F64      	MOVWF       _UART_Rd_Ptr+3, 1
;__Lib_UART_c67.c,20 :: 		
0x03CC	0x0E12      	MOVLW       _UART1_Data_Ready
0x03CE	0x6F65      	MOVWF       _UART_Rdy_Ptr, 1
0x03D0	0x0E04      	MOVLW       hi_addr(_UART1_Data_Ready)
0x03D2	0x6F66      	MOVWF       _UART_Rdy_Ptr+1, 1
0x03D4	0x0E00      	MOVLW       0
0x03D6	0x6F67      	MOVWF       _UART_Rdy_Ptr+2, 1
0x03D8	0x0E00      	MOVLW       0
0x03DA	0x6F68      	MOVWF       _UART_Rdy_Ptr+3, 1
;__Lib_UART_c67.c,21 :: 		
0x03DC	0x0EFF      	MOVLW       _UART1_Tx_Idle
0x03DE	0x6E5A      	MOVWF       _UART_Tx_Idle_Ptr 
0x03E0	0x0EFF      	MOVLW       hi_addr(_UART1_Tx_Idle)
0x03E2	0x6E5B      	MOVWF       _UART_Tx_Idle_Ptr+1 
0x03E4	0x0E00      	MOVLW       0
0x03E6	0x6E5C      	MOVWF       _UART_Tx_Idle_Ptr+2 
0x03E8	0x0E00      	MOVLW       0
0x03EA	0x6E5D      	MOVWF       _UART_Tx_Idle_Ptr+3 
;__Lib_UART_c67.c,23 :: 		
0x03EC	0x8AAC      	BSF         TXSTA, 5 
;__Lib_UART_c67.c,24 :: 		
0x03EE	0x0E90      	MOVLW       144
0x03F0	0x6EAB      	MOVWF       RCSTA 
;__Lib_UART_c67.c,25 :: 		
0x03F2	0x8E94      	BSF         TRISC7_bit, BitPos(TRISC7_bit+0) 
;__Lib_UART_c67.c,26 :: 		
0x03F4	0x9C94      	BCF         TRISC6_bit, BitPos(TRISC6_bit+0) 
;__Lib_UART_c67.c,28 :: 		
L_UART1_Init0:
0x03F6	0xAA9E      	BTFSS       PIR1, 5 
0x03F8	0xD003      	BRA         L_UART1_Init1
;__Lib_UART_c67.c,29 :: 		
0x03FA	0xF000CFAE  	MOVFF       RCREG, R0
0x03FE	0xD7FB      	BRA         L_UART1_Init0
L_UART1_Init1:
;__Lib_UART_c67.c,30 :: 		
L_end_UART1_Init:
0x0400	0x0012      	RETURN      0
; end of _UART1_Init
_InitTimer2:
;initialize.c,2 :: 		void InitTimer2(){
;initialize.c,3 :: 		T2CON	 = 0x76;
0x0402	0x0E76      	MOVLW       118
0x0404	0x6EBA      	MOVWF       T2CON 
;initialize.c,4 :: 		TMR2IE_bit	 = 1;
0x0406	0x829D      	BSF         TMR2IE_bit, BitPos(TMR2IE_bit+0) 
;initialize.c,5 :: 		PR2		 = 250;
0x0408	0x0EFA      	MOVLW       250
0x040A	0x6EBB      	MOVWF       PR2 
;initialize.c,6 :: 		INTCON	 = 0xC0;
0x040C	0x0EC0      	MOVLW       192
0x040E	0x6EF2      	MOVWF       INTCON 
;initialize.c,7 :: 		}
L_end_InitTimer2:
0x0410	0x0012      	RETURN      0
; end of _InitTimer2
_UART1_Data_Ready:
;__Lib_UART_c67.c,34 :: 		
;__Lib_UART_c67.c,35 :: 		
0x0412	0x0E00      	MOVLW       0
0x0414	0xBA9E      	BTFSC       PIR1, 5 
0x0416	0x0E01      	MOVLW       1
0x0418	0x6E00      	MOVWF       R0 
;__Lib_UART_c67.c,36 :: 		
L_end_UART1_Data_Ready:
0x041A	0x0012      	RETURN      0
; end of _UART1_Data_Ready
_UpdateExternalPorts:
;function.c,10 :: 		void UpdateExternalPorts(){
;function.c,13 :: 		if(LATI==0b00000000)
0x041C	0x5052      	MOVF        _LATI, 0 
0x041E	0x0A00      	XORLW       0
0x0420	0xE102      	BNZ         L_UpdateExternalPorts4
;function.c,14 :: 		LATI=0b00000001;
0x0422	0x0E01      	MOVLW       1
0x0424	0x6E52      	MOVWF       _LATI 
L_UpdateExternalPorts4:
;function.c,16 :: 		ST_CP=0;
0x0426	0x928D      	BCF         LATE1_bit, BitPos(LATE1_bit+0) 
;function.c,17 :: 		SH_CP=0;
0x0428	0x948D      	BCF         LATE2_bit, BitPos(LATE2_bit+0) 
;function.c,18 :: 		DS=0;
0x042A	0x968A      	BCF         LATB3_bit, BitPos(LATB3_bit+0) 
;function.c,21 :: 		buffer=LATF;
0x042C	0xF002C01B  	MOVFF       _LATF, R2
;function.c,22 :: 		for(i=0;i<8;i++){
0x0430	0x6A01      	CLRF        R1 
L_UpdateExternalPorts5:
0x0432	0x0E08      	MOVLW       8
0x0434	0x5C01      	SUBWF       R1, 0 
0x0436	0xE20C      	BC          L_UpdateExternalPorts6
;function.c,23 :: 		if(buffer.B7)
0x0438	0xAE02      	BTFSS       R2, 7 
0x043A	0xD002      	BRA         L_UpdateExternalPorts8
;function.c,24 :: 		DS=1;
0x043C	0x868A      	BSF         LATB3_bit, BitPos(LATB3_bit+0) 
0x043E	0xD001      	BRA         L_UpdateExternalPorts9
L_UpdateExternalPorts8:
;function.c,26 :: 		DS=0;
0x0440	0x968A      	BCF         LATB3_bit, BitPos(LATB3_bit+0) 
L_UpdateExternalPorts9:
;function.c,28 :: 		SH_CP=1;
0x0442	0x848D      	BSF         LATE2_bit, BitPos(LATE2_bit+0) 
;function.c,29 :: 		asm nop;
0x0444	0x0000      	NOP
;function.c,30 :: 		SH_CP=0;
0x0446	0x948D      	BCF         LATE2_bit, BitPos(LATE2_bit+0) 
;function.c,32 :: 		buffer<<=1;
0x0448	0x3602      	RLCF        R2, 1 
0x044A	0x9002      	BCF         R2, 0 
;function.c,22 :: 		for(i=0;i<8;i++){
0x044C	0x2A01      	INCF        R1, 1 
;function.c,33 :: 		}
0x044E	0xD7F1      	BRA         L_UpdateExternalPorts5
L_UpdateExternalPorts6:
;function.c,36 :: 		buffer=LATG;
0x0450	0xF002C051  	MOVFF       _LATG, R2
;function.c,37 :: 		for(i=0;i<8;i++){
0x0454	0x6A01      	CLRF        R1 
L_UpdateExternalPorts10:
0x0456	0x0E08      	MOVLW       8
0x0458	0x5C01      	SUBWF       R1, 0 
0x045A	0xE20C      	BC          L_UpdateExternalPorts11
;function.c,38 :: 		if(buffer.B7)
0x045C	0xAE02      	BTFSS       R2, 7 
0x045E	0xD002      	BRA         L_UpdateExternalPorts13
;function.c,39 :: 		DS=1;
0x0460	0x868A      	BSF         LATB3_bit, BitPos(LATB3_bit+0) 
0x0462	0xD001      	BRA         L_UpdateExternalPorts14
L_UpdateExternalPorts13:
;function.c,41 :: 		DS=0;
0x0464	0x968A      	BCF         LATB3_bit, BitPos(LATB3_bit+0) 
L_UpdateExternalPorts14:
;function.c,43 :: 		SH_CP=1;
0x0466	0x848D      	BSF         LATE2_bit, BitPos(LATE2_bit+0) 
;function.c,44 :: 		asm nop;
0x0468	0x0000      	NOP
;function.c,45 :: 		SH_CP=0;
0x046A	0x948D      	BCF         LATE2_bit, BitPos(LATE2_bit+0) 
;function.c,47 :: 		buffer<<=1;
0x046C	0x3602      	RLCF        R2, 1 
0x046E	0x9002      	BCF         R2, 0 
;function.c,37 :: 		for(i=0;i<8;i++){
0x0470	0x2A01      	INCF        R1, 1 
;function.c,48 :: 		}
0x0472	0xD7F1      	BRA         L_UpdateExternalPorts10
L_UpdateExternalPorts11:
;function.c,51 :: 		buffer=LATH;
0x0474	0xF002C054  	MOVFF       _LATH, R2
;function.c,52 :: 		for(i=0;i<8;i++){
0x0478	0x6A01      	CLRF        R1 
L_UpdateExternalPorts15:
0x047A	0x0E08      	MOVLW       8
0x047C	0x5C01      	SUBWF       R1, 0 
0x047E	0xE20C      	BC          L_UpdateExternalPorts16
;function.c,53 :: 		if(buffer.B7)
0x0480	0xAE02      	BTFSS       R2, 7 
0x0482	0xD002      	BRA         L_UpdateExternalPorts18
;function.c,54 :: 		DS=1;
0x0484	0x868A      	BSF         LATB3_bit, BitPos(LATB3_bit+0) 
0x0486	0xD001      	BRA         L_UpdateExternalPorts19
L_UpdateExternalPorts18:
;function.c,56 :: 		DS=0;
0x0488	0x968A      	BCF         LATB3_bit, BitPos(LATB3_bit+0) 
L_UpdateExternalPorts19:
;function.c,58 :: 		SH_CP=1;
0x048A	0x848D      	BSF         LATE2_bit, BitPos(LATE2_bit+0) 
;function.c,59 :: 		asm nop;
0x048C	0x0000      	NOP
;function.c,60 :: 		SH_CP=0;
0x048E	0x948D      	BCF         LATE2_bit, BitPos(LATE2_bit+0) 
;function.c,62 :: 		buffer<<=1;
0x0490	0x3602      	RLCF        R2, 1 
0x0492	0x9002      	BCF         R2, 0 
;function.c,52 :: 		for(i=0;i<8;i++){
0x0494	0x2A01      	INCF        R1, 1 
;function.c,63 :: 		}
0x0496	0xD7F1      	BRA         L_UpdateExternalPorts15
L_UpdateExternalPorts16:
;function.c,66 :: 		buffer=LATI;
0x0498	0xF002C052  	MOVFF       _LATI, R2
;function.c,67 :: 		for(i=0;i<8;i++){
0x049C	0x6A01      	CLRF        R1 
L_UpdateExternalPorts20:
0x049E	0x0E08      	MOVLW       8
0x04A0	0x5C01      	SUBWF       R1, 0 
0x04A2	0xE20C      	BC          L_UpdateExternalPorts21
;function.c,68 :: 		if(buffer.B7)
0x04A4	0xAE02      	BTFSS       R2, 7 
0x04A6	0xD002      	BRA         L_UpdateExternalPorts23
;function.c,69 :: 		DS=1;
0x04A8	0x868A      	BSF         LATB3_bit, BitPos(LATB3_bit+0) 
0x04AA	0xD001      	BRA         L_UpdateExternalPorts24
L_UpdateExternalPorts23:
;function.c,71 :: 		DS=0;
0x04AC	0x968A      	BCF         LATB3_bit, BitPos(LATB3_bit+0) 
L_UpdateExternalPorts24:
;function.c,73 :: 		SH_CP=1;
0x04AE	0x848D      	BSF         LATE2_bit, BitPos(LATE2_bit+0) 
;function.c,74 :: 		asm nop;
0x04B0	0x0000      	NOP
;function.c,75 :: 		SH_CP=0;
0x04B2	0x948D      	BCF         LATE2_bit, BitPos(LATE2_bit+0) 
;function.c,77 :: 		buffer<<=1;
0x04B4	0x3602      	RLCF        R2, 1 
0x04B6	0x9002      	BCF         R2, 0 
;function.c,67 :: 		for(i=0;i<8;i++){
0x04B8	0x2A01      	INCF        R1, 1 
;function.c,78 :: 		}
0x04BA	0xD7F1      	BRA         L_UpdateExternalPorts20
L_UpdateExternalPorts21:
;function.c,79 :: 		ST_CP=1;
0x04BC	0x828D      	BSF         LATE1_bit, BitPos(LATE1_bit+0) 
;function.c,80 :: 		asm nop;
0x04BE	0x0000      	NOP
;function.c,81 :: 		ST_CP=0;
0x04C0	0x928D      	BCF         LATE1_bit, BitPos(LATE1_bit+0) 
;function.c,83 :: 		switch(LATI){
0x04C2	0xD030      	BRA         L_UpdateExternalPorts25
;function.c,84 :: 		case 0b00000001:
L_UpdateExternalPorts27:
;function.c,85 :: 		PORTI0_bit=DIPSW;
0x04C4	0xBA80      	BTFSC       RA5_bit, BitPos(RA5_bit+0) 
0x04C6	0xD002      	BRA         L__UpdateExternalPorts111
0x04C8	0x9053      	BCF         _PORTI, 0 
0x04CA	0xD001      	BRA         L__UpdateExternalPorts112
L__UpdateExternalPorts111:
0x04CC	0x8053      	BSF         _PORTI, 0 
L__UpdateExternalPorts112:
;function.c,86 :: 		break;
0x04CE	0xD042      	BRA         L_UpdateExternalPorts26
;function.c,87 :: 		case 0b00000010:
L_UpdateExternalPorts28:
;function.c,88 :: 		PORTI1_bit=DIPSW;
0x04D0	0xBA80      	BTFSC       RA5_bit, BitPos(RA5_bit+0) 
0x04D2	0xD002      	BRA         L__UpdateExternalPorts113
0x04D4	0x9253      	BCF         _PORTI, 1 
0x04D6	0xD001      	BRA         L__UpdateExternalPorts114
L__UpdateExternalPorts113:
0x04D8	0x8253      	BSF         _PORTI, 1 
L__UpdateExternalPorts114:
;function.c,89 :: 		break;
0x04DA	0xD03C      	BRA         L_UpdateExternalPorts26
;function.c,90 :: 		case 0b00000100:
L_UpdateExternalPorts29:
;function.c,91 :: 		PORTI2_bit=DIPSW;
0x04DC	0xBA80      	BTFSC       RA5_bit, BitPos(RA5_bit+0) 
0x04DE	0xD002      	BRA         L__UpdateExternalPorts115
0x04E0	0x9453      	BCF         _PORTI, 2 
0x04E2	0xD001      	BRA         L__UpdateExternalPorts116
L__UpdateExternalPorts115:
0x04E4	0x8453      	BSF         _PORTI, 2 
L__UpdateExternalPorts116:
;function.c,92 :: 		break;
0x04E6	0xD036      	BRA         L_UpdateExternalPorts26
;function.c,93 :: 		case 0b00001000:
L_UpdateExternalPorts30:
;function.c,94 :: 		PORTI3_bit=DIPSW;
0x04E8	0xBA80      	BTFSC       RA5_bit, BitPos(RA5_bit+0) 
0x04EA	0xD002      	BRA         L__UpdateExternalPorts117
0x04EC	0x9653      	BCF         _PORTI, 3 
0x04EE	0xD001      	BRA         L__UpdateExternalPorts118
L__UpdateExternalPorts117:
0x04F0	0x8653      	BSF         _PORTI, 3 
L__UpdateExternalPorts118:
;function.c,95 :: 		break;
0x04F2	0xD030      	BRA         L_UpdateExternalPorts26
;function.c,96 :: 		case 0b00010000:
L_UpdateExternalPorts31:
;function.c,97 :: 		PORTI4_bit=DIPSW;
0x04F4	0xBA80      	BTFSC       RA5_bit, BitPos(RA5_bit+0) 
0x04F6	0xD002      	BRA         L__UpdateExternalPorts119
0x04F8	0x9853      	BCF         _PORTI, 4 
0x04FA	0xD001      	BRA         L__UpdateExternalPorts120
L__UpdateExternalPorts119:
0x04FC	0x8853      	BSF         _PORTI, 4 
L__UpdateExternalPorts120:
;function.c,98 :: 		break;
0x04FE	0xD02A      	BRA         L_UpdateExternalPorts26
;function.c,99 :: 		case 0b00100000:
L_UpdateExternalPorts32:
;function.c,100 :: 		PORTI5_bit=DIPSW;
0x0500	0xBA80      	BTFSC       RA5_bit, BitPos(RA5_bit+0) 
0x0502	0xD002      	BRA         L__UpdateExternalPorts121
0x0504	0x9A53      	BCF         _PORTI, 5 
0x0506	0xD001      	BRA         L__UpdateExternalPorts122
L__UpdateExternalPorts121:
0x0508	0x8A53      	BSF         _PORTI, 5 
L__UpdateExternalPorts122:
;function.c,101 :: 		break;
0x050A	0xD024      	BRA         L_UpdateExternalPorts26
;function.c,102 :: 		case 0b01000000:
L_UpdateExternalPorts33:
;function.c,103 :: 		PORTI6_bit=DIPSW;
0x050C	0xBA80      	BTFSC       RA5_bit, BitPos(RA5_bit+0) 
0x050E	0xD002      	BRA         L__UpdateExternalPorts123
0x0510	0x9C53      	BCF         _PORTI, 6 
0x0512	0xD001      	BRA         L__UpdateExternalPorts124
L__UpdateExternalPorts123:
0x0514	0x8C53      	BSF         _PORTI, 6 
L__UpdateExternalPorts124:
;function.c,104 :: 		break;
0x0516	0xD01E      	BRA         L_UpdateExternalPorts26
;function.c,105 :: 		case 0b10000000:
L_UpdateExternalPorts34:
;function.c,106 :: 		PORTI7_bit=DIPSW;
0x0518	0xBA80      	BTFSC       RA5_bit, BitPos(RA5_bit+0) 
0x051A	0xD002      	BRA         L__UpdateExternalPorts125
0x051C	0x9E53      	BCF         _PORTI, 7 
0x051E	0xD001      	BRA         L__UpdateExternalPorts126
L__UpdateExternalPorts125:
0x0520	0x8E53      	BSF         _PORTI, 7 
L__UpdateExternalPorts126:
;function.c,107 :: 		break;
0x0522	0xD018      	BRA         L_UpdateExternalPorts26
;function.c,108 :: 		}
L_UpdateExternalPorts25:
0x0524	0x5052      	MOVF        _LATI, 0 
0x0526	0x0A01      	XORLW       1
0x0528	0xE0CD      	BZ          L_UpdateExternalPorts27
0x052A	0x5052      	MOVF        _LATI, 0 
0x052C	0x0A02      	XORLW       2
0x052E	0xE0D0      	BZ          L_UpdateExternalPorts28
0x0530	0x5052      	MOVF        _LATI, 0 
0x0532	0x0A04      	XORLW       4
0x0534	0xE0D3      	BZ          L_UpdateExternalPorts29
0x0536	0x5052      	MOVF        _LATI, 0 
0x0538	0x0A08      	XORLW       8
0x053A	0xE0D6      	BZ          L_UpdateExternalPorts30
0x053C	0x5052      	MOVF        _LATI, 0 
0x053E	0x0A10      	XORLW       16
0x0540	0xE0D9      	BZ          L_UpdateExternalPorts31
0x0542	0x5052      	MOVF        _LATI, 0 
0x0544	0x0A20      	XORLW       32
0x0546	0xE0DC      	BZ          L_UpdateExternalPorts32
0x0548	0x5052      	MOVF        _LATI, 0 
0x054A	0x0A40      	XORLW       64
0x054C	0xE0DF      	BZ          L_UpdateExternalPorts33
0x054E	0x5052      	MOVF        _LATI, 0 
0x0550	0x0A80      	XORLW       128
0x0552	0xE0E2      	BZ          L_UpdateExternalPorts34
L_UpdateExternalPorts26:
;function.c,109 :: 		LATI<<=1;
0x0554	0x3652      	RLCF        _LATI, 1 
0x0556	0x9052      	BCF         _LATI, 0 
;function.c,110 :: 		}
L_end_UpdateExternalPorts:
0x0558	0x0012      	RETURN      0
; end of _UpdateExternalPorts
_UART1_Read:
;__Lib_UART_c67.c,39 :: 		
;__Lib_UART_c67.c,42 :: 		
0x055A	0xF001CFAE  	MOVFF       RCREG, R1
;__Lib_UART_c67.c,43 :: 		
0x055E	0xA2AB      	BTFSS       RCSTA, 1 
0x0560	0xD002      	BRA         L_UART1_Read2
;__Lib_UART_c67.c,44 :: 		
0x0562	0x98AB      	BCF         RCSTA, 4 
;__Lib_UART_c67.c,45 :: 		
0x0564	0x88AB      	BSF         RCSTA, 4 
;__Lib_UART_c67.c,46 :: 		
L_UART1_Read2:
;__Lib_UART_c67.c,47 :: 		
0x0566	0xF000C001  	MOVFF       R1, R0
;__Lib_UART_c67.c,48 :: 		
L_end_UART1_Read:
0x056A	0x0012      	RETURN      0
; end of _UART1_Read
_InitMCU:
;initialize.c,9 :: 		void InitMCU(){
;initialize.c,11 :: 		TRISA=0b00101010;// [][][DIPSW][LED][TRIMPOT2][BUZZER][TRIMPOT1][RELAY]
0x056C	0x0E2A      	MOVLW       42
0x056E	0x6E92      	MOVWF       TRISA 
;initialize.c,12 :: 		TRISB=0b11100100;// [BUTTON_ESC][BUTTON_DOWN][BUTTON_UP][IN4][DS][BUTTON_MENU][][]
0x0570	0x0EE4      	MOVLW       228
0x0572	0x6E93      	MOVWF       TRISB 
;initialize.c,13 :: 		TRISC=0b10000001;// [RXD][TXD][][][][LEDG-IN3][EXT_OUT][EXT_IN]
0x0574	0x0E81      	MOVLW       129
0x0576	0x6E94      	MOVWF       TRISC 
;initialize.c,14 :: 		TRISD=0b00000000;// [LCD_RS][LCD_EN][LCD_D4][LCD_D5][LCD_D6][LCD_D7][LEDB-IN1][LEDR-IN2]
0x0578	0x6A95      	CLRF        TRISD 
;initialize.c,15 :: 		TRISE=0b00000000;// [][][][][][SH_CP][ST_CP][DS18B20]
0x057A	0x6A96      	CLRF        TRISE 
;initialize.c,18 :: 		ANSELA=0b00001010;// [][][][][TRIMPOT2][][TRIMPOT1][]
0x057C	0x0E0A      	MOVLW       10
0x057E	0x010F      	MOVLB       15
0x0580	0x6F5B      	MOVWF       ANSELA, 1
;initialize.c,19 :: 		ANSELB=0b00000000;// [][][][][][][][]
0x0582	0x6B5C      	CLRF        ANSELB, 1
;initialize.c,20 :: 		ANSELC=0b00000000;// [][][][][][][][]
0x0584	0x6B5D      	CLRF        ANSELC, 1
;initialize.c,21 :: 		ANSELD=0b00000000;// [][][][][][][][]
0x0586	0x6B5E      	CLRF        ANSELD, 1
;initialize.c,22 :: 		ANSELE=0b00000000;// [][][][][][][][]
0x0588	0x6B5F      	CLRF        ANSELE, 1
;initialize.c,25 :: 		LATA=0x00;
0x058A	0x6A89      	CLRF        LATA 
;initialize.c,26 :: 		LATB=0x00;
0x058C	0x6A8A      	CLRF        LATB 
;initialize.c,27 :: 		LATC=0x00;
0x058E	0x6A8B      	CLRF        LATC 
;initialize.c,28 :: 		LATD=0x00;
0x0590	0x6A8C      	CLRF        LATD 
;initialize.c,29 :: 		LATE=0x00;
0x0592	0x6A8D      	CLRF        LATE 
;initialize.c,32 :: 		InitTimer2();
0x0594	0xDF36      	RCALL       _InitTimer2
;initialize.c,35 :: 		UART1_Init(9600);
0x0596	0x86B8      	BSF         BAUDCON, 3, 0
0x0598	0x0E04      	MOVLW       4
0x059A	0x6EB0      	MOVWF       SPBRGH 
0x059C	0x0EE1      	MOVLW       225
0x059E	0x6EAF      	MOVWF       SPBRG 
0x05A0	0x84AC      	BSF         TXSTA, 2, 0
0x05A2	0xDF03      	RCALL       _UART1_Init
;initialize.c,38 :: 		Lcd_Init();
0x05A4	0xDDD3      	RCALL       _Lcd_Init
;initialize.c,39 :: 		Lcd_Cmd(_LCD_CURSOR_OFF);
0x05A6	0x0E0C      	MOVLW       12
0x05A8	0x6F78      	MOVWF       FARG_Lcd_Cmd_out_char, 1
0x05AA	0xDD70      	RCALL       _Lcd_Cmd
;initialize.c,40 :: 		Lcd_Cmd(_LCD_CLEAR);
0x05AC	0x0E01      	MOVLW       1
0x05AE	0x6F78      	MOVWF       FARG_Lcd_Cmd_out_char, 1
0x05B0	0xDD6D      	RCALL       _Lcd_Cmd
;initialize.c,41 :: 		}
L_end_InitMCU:
0x05B2	0x0012      	RETURN      0
; end of _InitMCU
_PrintInt:
;display.c,46 :: 		void PrintInt(unsigned short number){
;display.c,48 :: 		if(number>99)
0x05B4	0x0100      	MOVLB       0
0x05B6	0x5179      	MOVF        FARG_PrintInt_number, 0, 1
0x05B8	0x0863      	SUBLW       99
0x05BA	0xE209      	BC          L_PrintInt72
;display.c,49 :: 		number=number%100;
0x05BC	0x0E64      	MOVLW       100
0x05BE	0x6E04      	MOVWF       R4 
0x05C0	0xF000C079  	MOVFF       FARG_PrintInt_number, R0
0x05C4	0xDEE3      	RCALL       _Div_8X8_U
0x05C6	0xF000C008  	MOVFF       R8, R0
0x05CA	0xF079C000  	MOVFF       R0, FARG_PrintInt_number
L_PrintInt72:
;display.c,51 :: 		LATF=getChar(number/10+48);
0x05CE	0x0E0A      	MOVLW       10
0x05D0	0x6E04      	MOVWF       R4 
0x05D2	0xF000C079  	MOVFF       FARG_PrintInt_number, R0
0x05D6	0xDEDA      	RCALL       _Div_8X8_U
0x05D8	0x0E30      	MOVLW       48
0x05DA	0x2400      	ADDWF       R0, 0 
0x05DC	0x6F7A      	MOVWF       FARG_getChar_c, 1
0x05DE	0xDE01      	RCALL       _getChar
0x05E0	0xF01BC000  	MOVFF       R0, _LATF
;display.c,52 :: 		LATG=getChar(number%10+48);
0x05E4	0x0E0A      	MOVLW       10
0x05E6	0x6E04      	MOVWF       R4 
0x05E8	0xF000C079  	MOVFF       FARG_PrintInt_number, R0
0x05EC	0xDECF      	RCALL       _Div_8X8_U
0x05EE	0xF000C008  	MOVFF       R8, R0
0x05F2	0x0E30      	MOVLW       48
0x05F4	0x2400      	ADDWF       R0, 0 
0x05F6	0x0100      	MOVLB       0
0x05F8	0x6F7A      	MOVWF       FARG_getChar_c, 1
0x05FA	0xDDF3      	RCALL       _getChar
0x05FC	0xF051C000  	MOVFF       R0, _LATG
;display.c,53 :: 		}
L_end_PrintInt:
0x0600	0x0012      	RETURN      0
; end of _PrintInt
_Lcd_Out:
;__Lib_Lcd.c,184 :: 		
;__Lib_Lcd.c,187 :: 		
0x0602	0xD010      	BRA         L_Lcd_Out11
;__Lib_Lcd.c,188 :: 		
L_Lcd_Out13:
0x0604	0x0E80      	MOVLW       128
0x0606	0x0100      	MOVLB       0
0x0608	0x6F70      	MOVWF       FARG_Lcd_Out_row, 1
0x060A	0xD01A      	BRA         L_Lcd_Out12
;__Lib_Lcd.c,189 :: 		
L_Lcd_Out14:
0x060C	0x0EC0      	MOVLW       192
0x060E	0x6F70      	MOVWF       FARG_Lcd_Out_row, 1
0x0610	0xD017      	BRA         L_Lcd_Out12
;__Lib_Lcd.c,190 :: 		
L_Lcd_Out15:
0x0612	0x0E94      	MOVLW       148
0x0614	0x6F70      	MOVWF       FARG_Lcd_Out_row, 1
0x0616	0xD014      	BRA         L_Lcd_Out12
;__Lib_Lcd.c,191 :: 		
L_Lcd_Out16:
0x0618	0x0ED4      	MOVLW       212
0x061A	0x6F70      	MOVWF       FARG_Lcd_Out_row, 1
0x061C	0xD011      	BRA         L_Lcd_Out12
;__Lib_Lcd.c,192 :: 		
L_Lcd_Out17:
0x061E	0x0E80      	MOVLW       128
0x0620	0x6F70      	MOVWF       FARG_Lcd_Out_row, 1
;__Lib_Lcd.c,193 :: 		
0x0622	0xD00E      	BRA         L_Lcd_Out12
L_Lcd_Out11:
0x0624	0x0100      	MOVLB       0
0x0626	0x5170      	MOVF        FARG_Lcd_Out_row, 0, 1
0x0628	0x0A01      	XORLW       1
0x062A	0xE0EC      	BZ          L_Lcd_Out13
0x062C	0x5170      	MOVF        FARG_Lcd_Out_row, 0, 1
0x062E	0x0A02      	XORLW       2
0x0630	0xE0ED      	BZ          L_Lcd_Out14
0x0632	0x5170      	MOVF        FARG_Lcd_Out_row, 0, 1
0x0634	0x0A03      	XORLW       3
0x0636	0xE0ED      	BZ          L_Lcd_Out15
0x0638	0x5170      	MOVF        FARG_Lcd_Out_row, 0, 1
0x063A	0x0A04      	XORLW       4
0x063C	0xE0ED      	BZ          L_Lcd_Out16
0x063E	0xD7EF      	BRA         L_Lcd_Out17
L_Lcd_Out12:
;__Lib_Lcd.c,194 :: 		
0x0640	0x0571      	DECF        FARG_Lcd_Out_column, 0, 1
0x0642	0x6E00      	MOVWF       R0 
0x0644	0x5170      	MOVF        FARG_Lcd_Out_row, 0, 1
0x0646	0x2600      	ADDWF       R0, 1 
0x0648	0xF070C000  	MOVFF       R0, FARG_Lcd_Out_row
;__Lib_Lcd.c,196 :: 		
0x064C	0xF078C000  	MOVFF       R0, FARG_Lcd_Cmd_out_char
0x0650	0xDD1D      	RCALL       _Lcd_Cmd
;__Lib_Lcd.c,197 :: 		
0x0652	0x9055      	BCF         __Lib_Lcd_cmd_status, BitPos(__Lib_Lcd_cmd_status+0) 
;__Lib_Lcd.c,198 :: 		
0x0654	0x6A5E      	CLRF        Lcd_Out_i_L0 
;__Lib_Lcd.c,199 :: 		
L_Lcd_Out18:
0x0656	0x505E      	MOVF        Lcd_Out_i_L0, 0 
0x0658	0x2572      	ADDWF       FARG_Lcd_Out_text, 0, 1
0x065A	0x6EE9      	MOVWF       FSR0L 
0x065C	0x0E00      	MOVLW       0
0x065E	0x2173      	ADDWFC      FARG_Lcd_Out_text+1, 0, 1
0x0660	0x6EEA      	MOVWF       FSR0L+1 
0x0662	0x52EE      	MOVF        POSTINC0, 1 
0x0664	0xE00B      	BZ          L_Lcd_Out19
;__Lib_Lcd.c,200 :: 		
0x0666	0x505E      	MOVF        Lcd_Out_i_L0, 0 
0x0668	0x2572      	ADDWF       FARG_Lcd_Out_text, 0, 1
0x066A	0x6EE9      	MOVWF       FSR0L 
0x066C	0x0E00      	MOVLW       0
0x066E	0x2173      	ADDWFC      FARG_Lcd_Out_text+1, 0, 1
0x0670	0x6EEA      	MOVWF       FSR0L+1 
0x0672	0xF060CFEE  	MOVFF       POSTINC0, FARG_Lcd_Chr_CP_out_char
0x0676	0xDD64      	RCALL       _Lcd_Chr_CP
0x0678	0x2A5E      	INCF        Lcd_Out_i_L0, 1 
0x067A	0xD7ED      	BRA         L_Lcd_Out18
L_Lcd_Out19:
;__Lib_Lcd.c,201 :: 		
0x067C	0x8055      	BSF         __Lib_Lcd_cmd_status, BitPos(__Lib_Lcd_cmd_status+0) 
;__Lib_Lcd.c,202 :: 		
L_end_Lcd_Out:
0x067E	0x0012      	RETURN      0
; end of _Lcd_Out
_wait:
;function.c,1 :: 		void wait(unsigned int time){
;function.c,4 :: 		for(i=0;i<time;i++){
0x0680	0x6A01      	CLRF        R1 
0x0682	0x6A02      	CLRF        R2 
L_wait0:
0x0684	0x505F      	MOVF        FARG_wait_time+1, 0 
0x0686	0x5C02      	SUBWF       R2, 0 
0x0688	0xE102      	BNZ         L__wait109
0x068A	0x505E      	MOVF        FARG_wait_time, 0 
0x068C	0x5C01      	SUBWF       R1, 0 
L__wait109:
0x068E	0xE20D      	BC          L_wait1
;function.c,5 :: 		delay_ms(1);
0x0690	0x0E10      	MOVLW       16
0x0692	0x6E0C      	MOVWF       R12, 0
0x0694	0x0E94      	MOVLW       148
0x0696	0x6E0D      	MOVWF       R13, 0
L_wait3:
0x0698	0x2E0D      	DECFSZ      R13, 1, 0
0x069A	0xD7FE      	BRA         L_wait3
0x069C	0x2E0C      	DECFSZ      R12, 1, 0
0x069E	0xD7FC      	BRA         L_wait3
0x06A0	0x0000      	NOP
;function.c,6 :: 		asm clrwdt;
0x06A2	0x0004      	CLRWDT
;function.c,4 :: 		for(i=0;i<time;i++){
0x06A4	0x4A01      	INFSNZ      R1, 1 
0x06A6	0x2A02      	INCF        R2, 1 
;function.c,7 :: 		}
0x06A8	0xD7ED      	BRA         L_wait0
L_wait1:
;function.c,8 :: 		}
L_end_wait:
0x06AA	0x0012      	RETURN      0
; end of _wait
_IntToStrWithZeros:
;__Lib_Conversions.c,223 :: 		
;__Lib_Conversions.c,228 :: 		
0x06AC	0x6A5F      	CLRF        IntToStrWithZeros_len_L0 
L_IntToStrWithZeros43:
0x06AE	0x0E06      	MOVLW       6
0x06B0	0x5C5F      	SUBWF       IntToStrWithZeros_len_L0, 0 
0x06B2	0xE20B      	BC          L_IntToStrWithZeros44
;__Lib_Conversions.c,229 :: 		
0x06B4	0x505F      	MOVF        IntToStrWithZeros_len_L0, 0 
0x06B6	0x0100      	MOVLB       0
0x06B8	0x2572      	ADDWF       FARG_IntToStrWithZeros_output, 0, 1
0x06BA	0x6EE1      	MOVWF       FSR1L 
0x06BC	0x0E00      	MOVLW       0
0x06BE	0x2173      	ADDWFC      FARG_IntToStrWithZeros_output+1, 0, 1
0x06C0	0x6EE2      	MOVWF       FSR1L+1 
0x06C2	0x0E30      	MOVLW       48
0x06C4	0x6EE6      	MOVWF       POSTINC1 
;__Lib_Conversions.c,228 :: 		
0x06C6	0x2A5F      	INCF        IntToStrWithZeros_len_L0, 1 
;__Lib_Conversions.c,229 :: 		
0x06C8	0xD7F2      	BRA         L_IntToStrWithZeros43
L_IntToStrWithZeros44:
0x06CA	0x0100      	MOVLB       0
;__Lib_Conversions.c,231 :: 		
0x06CC	0x505F      	MOVF        IntToStrWithZeros_len_L0, 0 
0x06CE	0x2572      	ADDWF       FARG_IntToStrWithZeros_output, 0, 1
0x06D0	0x6EE1      	MOVWF       FSR1L 
0x06D2	0x0E00      	MOVLW       0
0x06D4	0x2173      	ADDWFC      FARG_IntToStrWithZeros_output+1, 0, 1
0x06D6	0x6EE2      	MOVWF       FSR1L+1 
0x06D8	0x6AE6      	CLRF        POSTINC1 
;__Lib_Conversions.c,233 :: 		
0x06DA	0x0E00      	MOVLW       0
0x06DC	0x1971      	XORWF       FARG_IntToStrWithZeros_input+1, 0, 1
0x06DE	0xE102      	BNZ         L__IntToStrWithZeros390
0x06E0	0x0E00      	MOVLW       0
0x06E2	0x1970      	XORWF       FARG_IntToStrWithZeros_input, 0, 1
L__IntToStrWithZeros390:
0x06E4	0xE101      	BNZ         L_IntToStrWithZeros46
;__Lib_Conversions.c,234 :: 		
0x06E6	0xD052      	BRA         L_end_IntToStrWithZeros
;__Lib_Conversions.c,235 :: 		
L_IntToStrWithZeros46:
;__Lib_Conversions.c,237 :: 		
0x06E8	0x6A5E      	CLRF        IntToStrWithZeros_negative_L0 
;__Lib_Conversions.c,239 :: 		
0x06EA	0x0E80      	MOVLW       128
0x06EC	0x1971      	XORWF       FARG_IntToStrWithZeros_input+1, 0, 1
0x06EE	0x6E00      	MOVWF       R0 
0x06F0	0x0E80      	MOVLW       128
0x06F2	0x5C00      	SUBWF       R0, 0 
0x06F4	0xE102      	BNZ         L__IntToStrWithZeros391
0x06F6	0x0E00      	MOVLW       0
0x06F8	0x5D70      	SUBWF       FARG_IntToStrWithZeros_input, 0, 1
L__IntToStrWithZeros391:
0x06FA	0xE20A      	BC          L_IntToStrWithZeros47
;__Lib_Conversions.c,240 :: 		
0x06FC	0x0E01      	MOVLW       1
0x06FE	0x6E5E      	MOVWF       IntToStrWithZeros_negative_L0 
;__Lib_Conversions.c,241 :: 		
0x0700	0x5170      	MOVF        FARG_IntToStrWithZeros_input, 0, 1
0x0702	0x0800      	SUBLW       0
0x0704	0x6F74      	MOVWF       IntToStrWithZeros_tmp_L0, 1
0x0706	0xF075C071  	MOVFF       FARG_IntToStrWithZeros_input+1, IntToStrWithZeros_tmp_L0+1
0x070A	0x0E00      	MOVLW       0
0x070C	0x5775      	SUBFWB      IntToStrWithZeros_tmp_L0+1, 1, 1
;__Lib_Conversions.c,242 :: 		
0x070E	0xD004      	BRA         L_IntToStrWithZeros48
L_IntToStrWithZeros47:
;__Lib_Conversions.c,243 :: 		
0x0710	0xF074C070  	MOVFF       FARG_IntToStrWithZeros_input, IntToStrWithZeros_tmp_L0
0x0714	0xF075C071  	MOVFF       FARG_IntToStrWithZeros_input+1, IntToStrWithZeros_tmp_L0+1
;__Lib_Conversions.c,244 :: 		
L_IntToStrWithZeros48:
;__Lib_Conversions.c,246 :: 		
0x0718	0x0E05      	MOVLW       5
0x071A	0x6E5F      	MOVWF       IntToStrWithZeros_len_L0 
;__Lib_Conversions.c,247 :: 		
L_IntToStrWithZeros49:
0x071C	0x0E00      	MOVLW       0
0x071E	0x1975      	XORWF       IntToStrWithZeros_tmp_L0+1, 0, 1
0x0720	0xE102      	BNZ         L__IntToStrWithZeros392
0x0722	0x0E00      	MOVLW       0
0x0724	0x1974      	XORWF       IntToStrWithZeros_tmp_L0, 0, 1
L__IntToStrWithZeros392:
0x0726	0xE02A      	BZ          L_IntToStrWithZeros50
;__Lib_Conversions.c,248 :: 		
0x0728	0x505F      	MOVF        IntToStrWithZeros_len_L0, 0 
0x072A	0x2572      	ADDWF       FARG_IntToStrWithZeros_output, 0, 1
0x072C	0x6F76      	MOVWF       FLOC__IntToStrWithZeros, 1
0x072E	0x0E00      	MOVLW       0
0x0730	0x2173      	ADDWFC      FARG_IntToStrWithZeros_output+1, 0, 1
0x0732	0x6F77      	MOVWF       FLOC__IntToStrWithZeros+1, 1
0x0734	0x0E0A      	MOVLW       10
0x0736	0x6E04      	MOVWF       R4 
0x0738	0x0E00      	MOVLW       0
0x073A	0x6E05      	MOVWF       R5 
0x073C	0xF000C074  	MOVFF       IntToStrWithZeros_tmp_L0, R0
0x0740	0xF001C075  	MOVFF       IntToStrWithZeros_tmp_L0+1, R1
0x0744	0xDCE2      	RCALL       _Div_16X16_U
0x0746	0xF000C008  	MOVFF       R8, R0
0x074A	0xF001C009  	MOVFF       R9, R1
0x074E	0x0E30      	MOVLW       48
0x0750	0x2600      	ADDWF       R0, 1 
0x0752	0xFFE1C076  	MOVFF       FLOC__IntToStrWithZeros, FSR1L
0x0756	0xFFE2C077  	MOVFF       FLOC__IntToStrWithZeros+1, FSR1H
0x075A	0xFFE6C000  	MOVFF       R0, POSTINC1
0x075E	0x065F      	DECF        IntToStrWithZeros_len_L0, 1 
;__Lib_Conversions.c,249 :: 		
0x0760	0x0E0A      	MOVLW       10
0x0762	0x6E04      	MOVWF       R4 
0x0764	0x0E00      	MOVLW       0
0x0766	0x6E05      	MOVWF       R5 
0x0768	0xF000C074  	MOVFF       IntToStrWithZeros_tmp_L0, R0
0x076C	0xF001C075  	MOVFF       IntToStrWithZeros_tmp_L0+1, R1
0x0770	0xDCCC      	RCALL       _Div_16X16_U
0x0772	0xF074C000  	MOVFF       R0, IntToStrWithZeros_tmp_L0
0x0776	0xF075C001  	MOVFF       R1, IntToStrWithZeros_tmp_L0+1
;__Lib_Conversions.c,250 :: 		
0x077A	0xD7D0      	BRA         L_IntToStrWithZeros49
L_IntToStrWithZeros50:
;__Lib_Conversions.c,252 :: 		
0x077C	0x525E      	MOVF        IntToStrWithZeros_negative_L0, 1 
0x077E	0xE006      	BZ          L_IntToStrWithZeros51
;__Lib_Conversions.c,253 :: 		
0x0780	0xFFE1C072  	MOVFF       FARG_IntToStrWithZeros_output, FSR1L
0x0784	0xFFE2C073  	MOVFF       FARG_IntToStrWithZeros_output+1, FSR1H
0x0788	0x0E2D      	MOVLW       45
0x078A	0x6EE6      	MOVWF       POSTINC1 
L_IntToStrWithZeros51:
;__Lib_Conversions.c,254 :: 		
L_end_IntToStrWithZeros:
0x078C	0x0012      	RETURN      0
; end of _IntToStrWithZeros
___CC2DW:
;__Lib_System.c,21 :: 		
;__Lib_System.c,23 :: 		
_CC2DL_Loop1:
;__Lib_System.c,24 :: 		
0x078E	0x0009      	TBLRD*+
;__Lib_System.c,25 :: 		
0x0790	0xFFE6CFF5  	MOVFF       TABLAT, POSTINC1
;__Lib_System.c,26 :: 		
0x0794	0x0600      	DECF        R0, 1, 0
;__Lib_System.c,27 :: 		
0x0796	0xE1FB      	BNZ         _CC2DL_Loop1
;__Lib_System.c,28 :: 		
0x0798	0x0601      	DECF        R1, 1, 0
;__Lib_System.c,29 :: 		
0x079A	0xE1F9      	BNZ         _CC2DL_Loop1
;__Lib_System.c,31 :: 		
L_end___CC2DW:
0x079C	0x0012      	RETURN      0
; end of ___CC2DW
_UART1_Write:
;__Lib_UART_c67.c,58 :: 		
;__Lib_UART_c67.c,59 :: 		
L_UART1_Write3:
0x079E	0xB2AC      	BTFSC       TXSTA, 1 
0x07A0	0xD002      	BRA         L_UART1_Write4
;__Lib_UART_c67.c,60 :: 		
0x07A2	0x0000      	NOP
0x07A4	0xD7FC      	BRA         L_UART1_Write3
L_UART1_Write4:
;__Lib_UART_c67.c,61 :: 		
0x07A6	0xFFADC05E  	MOVFF       FARG_UART1_Write_data_, TXREG
;__Lib_UART_c67.c,62 :: 		
L_end_UART1_Write:
0x07AA	0x0012      	RETURN      0
; end of _UART1_Write
_main:
0x07AC	0xF004EC9D  	CALL        2362, 0
;main.c,12 :: 		void main() {
;main.c,13 :: 		InitMCU();
0x07B0	0xDEDD      	RCALL       _InitMCU
;main.c,17 :: 		Lcd_Out(1,1,"13.UART Haberles");         // Ekranda 1.satir 1.stundan itibaren yaz
0x07B2	0x0E01      	MOVLW       1
0x07B4	0x6F70      	MOVWF       FARG_Lcd_Out_row, 1
0x07B6	0x0E01      	MOVLW       1
0x07B8	0x6F71      	MOVWF       FARG_Lcd_Out_column, 1
0x07BA	0x0E2F      	MOVLW       ?lstr1_main
0x07BC	0x6F72      	MOVWF       FARG_Lcd_Out_text, 1
0x07BE	0x0E00      	MOVLW       hi_addr(?lstr1_main)
0x07C0	0x6F73      	MOVWF       FARG_Lcd_Out_text+1, 1
0x07C2	0xDF1F      	RCALL       _Lcd_Out
;main.c,18 :: 		Lcd_Out(2,1,"me Uygulamasi   ");         // Ekranda 2.satir 1.stundan itibaren yaz
0x07C4	0x0E02      	MOVLW       2
0x07C6	0x6F70      	MOVWF       FARG_Lcd_Out_row, 1
0x07C8	0x0E01      	MOVLW       1
0x07CA	0x6F71      	MOVWF       FARG_Lcd_Out_column, 1
0x07CC	0x0E40      	MOVLW       ?lstr2_main
0x07CE	0x6F72      	MOVWF       FARG_Lcd_Out_text, 1
0x07D0	0x0E00      	MOVLW       hi_addr(?lstr2_main)
0x07D2	0x6F73      	MOVWF       FARG_Lcd_Out_text+1, 1
0x07D4	0xDF16      	RCALL       _Lcd_Out
;main.c,19 :: 		wait(2000);
0x07D6	0x0ED0      	MOVLW       208
0x07D8	0x6E5E      	MOVWF       FARG_wait_time 
0x07DA	0x0E07      	MOVLW       7
0x07DC	0x6E5F      	MOVWF       FARG_wait_time+1 
0x07DE	0xDF50      	RCALL       _wait
;main.c,20 :: 		Lcd_Cmd(_LCD_CLEAR);
0x07E0	0x0E01      	MOVLW       1
0x07E2	0x0100      	MOVLB       0
0x07E4	0x6F78      	MOVWF       FARG_Lcd_Cmd_out_char, 1
0x07E6	0xDC52      	RCALL       _Lcd_Cmd
;main.c,21 :: 		Lcd_Out(1,1,"Sayac:          ");         // Ekranda 1.satir 1.stundan itibaren yaz
0x07E8	0x0E01      	MOVLW       1
0x07EA	0x6F70      	MOVWF       FARG_Lcd_Out_row, 1
0x07EC	0x0E01      	MOVLW       1
0x07EE	0x6F71      	MOVWF       FARG_Lcd_Out_column, 1
0x07F0	0x0E1C      	MOVLW       ?lstr3_main
0x07F2	0x6F72      	MOVWF       FARG_Lcd_Out_text, 1
0x07F4	0x0E00      	MOVLW       hi_addr(?lstr3_main)
0x07F6	0x6F73      	MOVWF       FARG_Lcd_Out_text+1, 1
0x07F8	0xDF04      	RCALL       _Lcd_Out
;main.c,22 :: 		IntToStrWithZeros(counter,txt);
0x07FA	0xF070C02D  	MOVFF       _counter, FARG_IntToStrWithZeros_input
0x07FE	0xF071C02E  	MOVFF       _counter+1, FARG_IntToStrWithZeros_input+1
0x0802	0x0E69      	MOVLW       _txt
0x0804	0x6F72      	MOVWF       FARG_IntToStrWithZeros_output, 1
0x0806	0x0E00      	MOVLW       hi_addr(_txt)
0x0808	0x6F73      	MOVWF       FARG_IntToStrWithZeros_output+1, 1
0x080A	0xDF50      	RCALL       _IntToStrWithZeros
;main.c,23 :: 		Lcd_Out(1,11,txt);
0x080C	0x0E01      	MOVLW       1
0x080E	0x6F70      	MOVWF       FARG_Lcd_Out_row, 1
0x0810	0x0E0B      	MOVLW       11
0x0812	0x6F71      	MOVWF       FARG_Lcd_Out_column, 1
0x0814	0x0E69      	MOVLW       _txt
0x0816	0x6F72      	MOVWF       FARG_Lcd_Out_text, 1
0x0818	0x0E00      	MOVLW       hi_addr(_txt)
0x081A	0x6F73      	MOVWF       FARG_Lcd_Out_text+1, 1
0x081C	0xDEF2      	RCALL       _Lcd_Out
;main.c,25 :: 		UART1_Init(9600);                        // UART 9600 baud hizinda hazirlaniyor
0x081E	0x86B8      	BSF         BAUDCON, 3, 0
0x0820	0x0E04      	MOVLW       4
0x0822	0x6EB0      	MOVWF       SPBRGH 
0x0824	0x0EE1      	MOVLW       225
0x0826	0x6EAF      	MOVWF       SPBRG 
0x0828	0x84AC      	BSF         TXSTA, 2, 0
0x082A	0xDDBF      	RCALL       _UART1_Init
;main.c,26 :: 		RCIE_bit=1;                              // UART veri alma kesmesi aktif
0x082C	0x8A9D      	BSF         RCIE_bit, BitPos(RCIE_bit+0) 
;main.c,28 :: 		while(1){
L_main80:
;main.c,29 :: 		if(!BUTTON_MENU || !BUTTON_OK || !BUTTON_UP || !BUTTON_DOWN){
0x082E	0xA481      	BTFSS       RB2_bit, BitPos(RB2_bit+0) 
0x0830	0xD007      	BRA         L__main107
0x0832	0xAA81      	BTFSS       RB5_bit, BitPos(RB5_bit+0) 
0x0834	0xD005      	BRA         L__main107
0x0836	0xAC81      	BTFSS       RB6_bit, BitPos(RB6_bit+0) 
0x0838	0xD003      	BRA         L__main107
0x083A	0xAE81      	BTFSS       RB7_bit, BitPos(RB7_bit+0) 
0x083C	0xD001      	BRA         L__main107
0x083E	0xD05E      	BRA         L_main84
L__main107:
;main.c,30 :: 		if(!BUTTON_MENU && counter>=10)
0x0840	0xB481      	BTFSC       RB2_bit, BitPos(RB2_bit+0) 
0x0842	0xD00A      	BRA         L_main87
0x0844	0x0E00      	MOVLW       0
0x0846	0x5C2E      	SUBWF       _counter+1, 0 
0x0848	0xE102      	BNZ         L__main137
0x084A	0x0E0A      	MOVLW       10
0x084C	0x5C2D      	SUBWF       _counter, 0 
L__main137:
0x084E	0xE304      	BNC         L_main87
L__main106:
;main.c,31 :: 		counter-=10;                           // Sayaci 10 azalt
0x0850	0x0E0A      	MOVLW       10
0x0852	0x5E2D      	SUBWF       _counter, 1 
0x0854	0x0E00      	MOVLW       0
0x0856	0x5A2E      	SUBWFB      _counter+1, 1 
L_main87:
;main.c,32 :: 		if(!BUTTON_OK && counter<=89)
0x0858	0xBA81      	BTFSC       RB5_bit, BitPos(RB5_bit+0) 
0x085A	0xD00C      	BRA         L_main90
0x085C	0x0E00      	MOVLW       0
0x085E	0x6E00      	MOVWF       R0 
0x0860	0x502E      	MOVF        _counter+1, 0 
0x0862	0x5C00      	SUBWF       R0, 0 
0x0864	0xE102      	BNZ         L__main138
0x0866	0x502D      	MOVF        _counter, 0 
0x0868	0x0859      	SUBLW       89
L__main138:
0x086A	0xE304      	BNC         L_main90
L__main105:
;main.c,33 :: 		counter+=10;                           // Sayaci 10 arttir
0x086C	0x0E0A      	MOVLW       10
0x086E	0x262D      	ADDWF       _counter, 1 
0x0870	0x0E00      	MOVLW       0
0x0872	0x222E      	ADDWFC      _counter+1, 1 
L_main90:
;main.c,34 :: 		if(!BUTTON_UP && counter<99)
0x0874	0xBC81      	BTFSC       RB6_bit, BitPos(RB6_bit+0) 
0x0876	0xD008      	BRA         L_main93
0x0878	0x0E00      	MOVLW       0
0x087A	0x5C2E      	SUBWF       _counter+1, 0 
0x087C	0xE102      	BNZ         L__main139
0x087E	0x0E63      	MOVLW       99
0x0880	0x5C2D      	SUBWF       _counter, 0 
L__main139:
0x0882	0xE202      	BC          L_main93
L__main104:
;main.c,35 :: 		counter++;                             // Sayaci bir arttirma
0x0884	0x4A2D      	INFSNZ      _counter, 1 
0x0886	0x2A2E      	INCF        _counter+1, 1 
L_main93:
;main.c,36 :: 		if(!BUTTON_DOWN && counter>0)
0x0888	0xBE81      	BTFSC       RB7_bit, BitPos(RB7_bit+0) 
0x088A	0xD00C      	BRA         L_main96
0x088C	0x0E00      	MOVLW       0
0x088E	0x6E00      	MOVWF       R0 
0x0890	0x502E      	MOVF        _counter+1, 0 
0x0892	0x5C00      	SUBWF       R0, 0 
0x0894	0xE102      	BNZ         L__main140
0x0896	0x502D      	MOVF        _counter, 0 
0x0898	0x0800      	SUBLW       0
L__main140:
0x089A	0xE204      	BC          L_main96
L__main103:
;main.c,37 :: 		counter--;                             // Sayaci bir azaltma
0x089C	0x0E01      	MOVLW       1
0x089E	0x5E2D      	SUBWF       _counter, 1 
0x08A0	0x0E00      	MOVLW       0
0x08A2	0x5A2E      	SUBWFB      _counter+1, 1 
L_main96:
;main.c,39 :: 		BUZZER=1; wait(5); BUZZER=0;             // Tusa basma sesi
0x08A4	0x8489      	BSF         LATA2_bit, BitPos(LATA2_bit+0) 
0x08A6	0x0E05      	MOVLW       5
0x08A8	0x6E5E      	MOVWF       FARG_wait_time 
0x08AA	0x0E00      	MOVLW       0
0x08AC	0x6E5F      	MOVWF       FARG_wait_time+1 
0x08AE	0xDEE8      	RCALL       _wait
0x08B0	0x9489      	BCF         LATA2_bit, BitPos(LATA2_bit+0) 
;main.c,42 :: 		UART1_Write(counter);                    // Sayac verisini gonder
0x08B2	0xF05EC02D  	MOVFF       _counter, FARG_UART1_Write_data_
0x08B6	0xDF73      	RCALL       _UART1_Write
;main.c,45 :: 		IntToStrWithZeros(counter,txt);
0x08B8	0xF070C02D  	MOVFF       _counter, FARG_IntToStrWithZeros_input
0x08BC	0xF071C02E  	MOVFF       _counter+1, FARG_IntToStrWithZeros_input+1
0x08C0	0x0E69      	MOVLW       _txt
0x08C2	0x0100      	MOVLB       0
0x08C4	0x6F72      	MOVWF       FARG_IntToStrWithZeros_output, 1
0x08C6	0x0E00      	MOVLW       hi_addr(_txt)
0x08C8	0x6F73      	MOVWF       FARG_IntToStrWithZeros_output+1, 1
0x08CA	0xDEF0      	RCALL       _IntToStrWithZeros
;main.c,46 :: 		Lcd_Out(1,11,txt);
0x08CC	0x0E01      	MOVLW       1
0x08CE	0x6F70      	MOVWF       FARG_Lcd_Out_row, 1
0x08D0	0x0E0B      	MOVLW       11
0x08D2	0x6F71      	MOVWF       FARG_Lcd_Out_column, 1
0x08D4	0x0E69      	MOVLW       _txt
0x08D6	0x6F72      	MOVWF       FARG_Lcd_Out_text, 1
0x08D8	0x0E00      	MOVLW       hi_addr(_txt)
0x08DA	0x6F73      	MOVWF       FARG_Lcd_Out_text+1, 1
0x08DC	0xDE92      	RCALL       _Lcd_Out
;main.c,48 :: 		wait(100);                               // 100ms bekleme
0x08DE	0x0E64      	MOVLW       100
0x08E0	0x6E5E      	MOVWF       FARG_wait_time 
0x08E2	0x0E00      	MOVLW       0
0x08E4	0x6E5F      	MOVWF       FARG_wait_time+1 
0x08E6	0xDECC      	RCALL       _wait
;main.c,51 :: 		while(!BUTTON_MENU || !BUTTON_OK || !BUTTON_UP || !BUTTON_DOWN);
L_main97:
0x08E8	0xA481      	BTFSS       RB2_bit, BitPos(RB2_bit+0) 
0x08EA	0xD007      	BRA         L__main102
0x08EC	0xAA81      	BTFSS       RB5_bit, BitPos(RB5_bit+0) 
0x08EE	0xD005      	BRA         L__main102
0x08F0	0xAC81      	BTFSS       RB6_bit, BitPos(RB6_bit+0) 
0x08F2	0xD003      	BRA         L__main102
0x08F4	0xAE81      	BTFSS       RB7_bit, BitPos(RB7_bit+0) 
0x08F6	0xD001      	BRA         L__main102
0x08F8	0xD001      	BRA         L_main98
L__main102:
0x08FA	0xD7F6      	BRA         L_main97
L_main98:
;main.c,52 :: 		}
L_main84:
;main.c,53 :: 		}
0x08FC	0xD798      	BRA         L_main80
;main.c,54 :: 		}
L_end_main:
0x08FE	0xD7FF      	BRA         $+0
; end of _main
0x093A	0xF01BEE10  	LFSR        1, 27
0x093E	0x0E3A      	MOVLW       58
0x0940	0x6E00      	MOVWF       R0 
0x0942	0x0E01      	MOVLW       1
0x0944	0x6E01      	MOVWF       R1 
0x0946	0x0E00      	MOVLW       0
0x0948	0x6EF6      	MOVWF       TBLPTR 
0x094A	0x0E09      	MOVLW       9
0x094C	0x6EF7      	MOVWF       TBLPTRH 
0x094E	0x0E00      	MOVLW       0
0x0950	0x6EF8      	MOVWF       TBLPTRU 
0x0952	0xF003ECC7  	CALL        1934, 0
0x0956	0x0012      	RETURN      0
;main.c,0 :: ?ICS_LATF
0x0900	0x00 ;?ICS_LATF+0
; end of ?ICS_LATF
;main.c,0 :: ?ICS?lstr3_main
0x0901	0x6153 ;?ICS?lstr3_main+0
0x0903	0x6179 ;?ICS?lstr3_main+2
0x0905	0x3A63 ;?ICS?lstr3_main+4
0x0907	0x2020 ;?ICS?lstr3_main+6
0x0909	0x2020 ;?ICS?lstr3_main+8
0x090B	0x2020 ;?ICS?lstr3_main+10
0x090D	0x2020 ;?ICS?lstr3_main+12
0x090F	0x2020 ;?ICS?lstr3_main+14
0x0911	0x00 ;?ICS?lstr3_main+16
; end of ?ICS?lstr3_main
;main.c,0 :: ?ICS_counter
0x0912	0x0000 ;?ICS_counter+0
; end of ?ICS_counter
;main.c,0 :: ?ICS?lstr1_main
0x0914	0x3331 ;?ICS?lstr1_main+0
0x0916	0x552E ;?ICS?lstr1_main+2
0x0918	0x5241 ;?ICS?lstr1_main+4
0x091A	0x2054 ;?ICS?lstr1_main+6
0x091C	0x6148 ;?ICS?lstr1_main+8
0x091E	0x6562 ;?ICS?lstr1_main+10
0x0920	0x6C72 ;?ICS?lstr1_main+12
0x0922	0x7365 ;?ICS?lstr1_main+14
0x0924	0x00 ;?ICS?lstr1_main+16
; end of ?ICS?lstr1_main
;main.c,0 :: ?ICS?lstr2_main
0x0925	0x656D ;?ICS?lstr2_main+0
0x0927	0x5520 ;?ICS?lstr2_main+2
0x0929	0x6779 ;?ICS?lstr2_main+4
0x092B	0x6C75 ;?ICS?lstr2_main+6
0x092D	0x6D61 ;?ICS?lstr2_main+8
0x092F	0x7361 ;?ICS?lstr2_main+10
0x0931	0x2069 ;?ICS?lstr2_main+12
0x0933	0x2020 ;?ICS?lstr2_main+14
0x0935	0x00 ;?ICS?lstr2_main+16
; end of ?ICS?lstr2_main
;main.c,0 :: ?ICS_LATG
0x0936	0x00 ;?ICS_LATG+0
; end of ?ICS_LATG
;main.c,0 :: ?ICS_LATI
0x0937	0x00 ;?ICS_LATI+0
; end of ?ICS_LATI
;main.c,0 :: ?ICS_PORTI
0x0938	0x00 ;?ICS_PORTI+0
; end of ?ICS_PORTI
;main.c,0 :: ?ICS_LATH
0x0939	0x00 ;?ICS_LATH+0
; end of ?ICS_LATH
Symbol List:
//** Routines locations **
//ADDRESS    SIZE    PROCEDURE
//----------------------------------------------
0x0008      [82]    _Interrupt
0x005A      [22]    _Delay_5500us
0x0070      [14]    _Delay_50us
0x007E      [14]    _Delay_1us
0x008C     [126]    _Lcd_Cmd
0x010A      [54]    _Div_16X16_U
0x0140      [12]    _Lcd_Chr_CP
0x014C     [150]    _Lcd_Init
0x01E2     [426]    _getChar
0x038C      [30]    _Div_8X8_U
0x03AA      [88]    _UART1_Init
0x0402      [16]    _InitTimer2
0x0412      [10]    _UART1_Data_Ready
0x041C     [318]    _UpdateExternalPorts
0x055A      [18]    _UART1_Read
0x056C      [72]    _InitMCU
0x05B4      [78]    _PrintInt
0x0602     [126]    _Lcd_Out
0x0680      [44]    _wait
0x06AC     [226]    _IntToStrWithZeros
0x078E      [16]    ___CC2DW
0x079E      [14]    _UART1_Write
0x07AC     [340]    _main
//** Variables locations ** 
//ADDRESS    SIZE    VARIABLE
//----------------------------------------------
0x0000       [1]    R0
0x0000       [1]    UART1_Init_tmp_L0
0x0001       [1]    UART1_Read___tmp_UART1_Read_L0
0x0001       [1]    __Lib_Conversions_Adjust_Hex_tmp_L0
0x0001       [1]    R1
0x0001       [1]    UpdateExternalPorts_i_L0
0x0001       [2]    wait_i_L0
0x0002       [1]    R2
0x0002       [2]    strlen_cp_L0
0x0002       [2]    memcpy_dd_L0
0x0002       [1]    UpdateExternalPorts_buffer_L0
0x0002       [2]    memchr_s_L0
0x0002       [2]    memset_pp_L0
0x0003       [1]    R3
0x0003       [2]    Ltrim_original_L0
0x0003       [2]    memmove_tt_L0
0x0004       [2]    strncat_cp_L0
0x0004       [2]    memcpy_ss_L0
0x0004       [2]    strcat_cp_L0
0x0004       [2]    strcpy_cp_L0
0x0004       [2]    strncpy_cp_L0
0x0004       [1]    R4
0x0005       [1]    R5
0x0005       [2]    LongWordToHex_input_half_L0
0x0005       [2]    Ltrim_p_L0
0x0005       [2]    memmove_ff_L0
0x0005       [2]    LongIntToHex_input_half_L0
0x0006       [1]    R6
0x0007       [1]    R7
0x0008       [1]    R8
0x0009       [1]    R9
0x000A       [1]    R10
0x000B       [1]    R11
0x000C       [1]    R12
0x000D       [1]    R13
0x000E       [1]    R14
0x000F       [1]    R15
0x0010       [1]    R16
0x0011       [1]    R17
0x0012       [1]    R18
0x0013       [1]    R19
0x0014       [1]    R20
0x001B       [1]    _LATF
0x001C      [17]    ?lstr3_main
0x002D       [2]    _counter
0x002F      [17]    ?lstr1_main
0x0040      [17]    ?lstr2_main
0x0051       [1]    _LATG
0x0052       [1]    _LATI
0x0053       [0]    _PORTI5_bit
0x0053       [0]    _PORTI4_bit
0x0053       [0]    _PORTI1_bit
0x0053       [0]    _PORTI2_bit
0x0053       [0]    _PORTI3_bit
0x0053       [1]    _PORTI
0x0053       [0]    _PORTI7_bit
0x0053       [0]    _PORTI6_bit
0x0053       [0]    _PORTI0_bit
0x0054       [1]    _LATH
0x0055       [0]    __Lib_Lcd_cmd_status
0x0056       [4]    _UART_Wr_Ptr
0x005A       [4]    _UART_Tx_Idle_Ptr
0x005E       [2]    FARG_wait_time
0x005E       [1]    FARG_UART1_Write_data_
0x005E       [1]    Lcd_Out_i_L0
0x005E       [1]    IntToStrWithZeros_negative_L0
0x005F       [1]    IntToStrWithZeros_len_L0
0x0060       [1]    FARG_Lcd_Chr_CP_out_char
0x0061       [4]    _UART_Rd_Ptr
0x0065       [4]    _UART_Rdy_Ptr
0x0069       [7]    _txt
0x0070       [1]    FARG_Lcd_Out_row
0x0070       [2]    FARG_IntToStrWithZeros_input
0x0071       [1]    FARG_Lcd_Out_column
0x0072       [2]    FARG_Lcd_Out_text
0x0072       [2]    FARG_IntToStrWithZeros_output
0x0074       [2]    IntToStrWithZeros_tmp_L0
0x0076       [2]    FLOC__IntToStrWithZeros
0x0078       [1]    FARG_Lcd_Cmd_out_char
0x0079       [1]    FARG_PrintInt_number
0x007A       [1]    FARG_getChar_c
0x0F5B       [1]    ANSELA
0x0F5C       [1]    ANSELB
0x0F5D       [1]    ANSELC
0x0F5E       [1]    ANSELD
0x0F5F       [1]    ANSELE
0x0F80       [0]    RA5_bit
0x0F80       [0]    DIPSW
0x0F81       [0]    RB7_bit
0x0F81       [0]    BUTTON_MENU
0x0F81       [0]    BUTTON_OK
0x0F81       [0]    BUTTON_UP
0x0F81       [0]    BUTTON_DOWN
0x0F81       [0]    RB5_bit
0x0F81       [0]    RB6_bit
0x0F81       [0]    RB2_bit
0x0F89       [0]    LATA2_bit
0x0F89       [0]    BUZZER
0x0F89       [1]    LATA
0x0F8A       [0]    LATB3_bit
0x0F8A       [0]    DS
0x0F8A       [1]    LATB
0x0F8B       [1]    LATC
0x0F8C       [1]    LATD
0x0F8C       [0]    LATD7_bit
0x0F8C       [0]    LCD_D5
0x0F8C       [0]    LCD_D7
0x0F8C       [0]    LCD_D6
0x0F8C       [0]    LATD6_bit
0x0F8C       [0]    LATD2_bit
0x0F8C       [0]    LATD5_bit
0x0F8C       [0]    LATD4_bit
0x0F8C       [0]    LATD3_bit
0x0F8C       [0]    LCD_EN
0x0F8C       [0]    LCD_D4
0x0F8C       [0]    LCD_RS
0x0F8D       [0]    LATE2_bit
0x0F8D       [0]    LATE1_bit
0x0F8D       [0]    SH_CP
0x0F8D       [0]    ST_CP
0x0F8D       [1]    LATE
0x0F92       [1]    TRISA
0x0F93       [1]    TRISB
0x0F94       [1]    TRISC
0x0F94       [0]    TRISC7_bit
0x0F94       [0]    TRISC6_bit
0x0F95       [1]    TRISD
0x0F95       [0]    TRISD2_bit
0x0F95       [0]    TRISD4_bit
0x0F95       [0]    TRISD3_bit
0x0F95       [0]    LCD_D4_Direction
0x0F95       [0]    LCD_EN_Direction
0x0F95       [0]    LCD_RS_Direction
0x0F95       [0]    LCD_D7_Direction
0x0F95       [0]    LCD_D5_Direction
0x0F95       [0]    LCD_D6_Direction
0x0F95       [0]    TRISD7_bit
0x0F95       [0]    TRISD6_bit
0x0F95       [0]    TRISD5_bit
0x0F96       [1]    TRISE
0x0F9D       [0]    TMR2IE_bit
0x0F9D       [0]    RCIE_bit
0x0F9E       [1]    PIR1
0x0F9E       [0]    TMR2IF_bit
0x0F9E       [0]    RCIF_bit
0x0FAB       [1]    RCSTA
0x0FAC       [1]    TXSTA
0x0FAD       [1]    TXREG
0x0FAE       [1]    RCREG
0x0FAF       [1]    SPBRG
0x0FB0       [1]    SPBRGH
0x0FB8       [1]    BAUDCON
0x0FBA       [1]    T2CON
0x0FBB       [1]    PR2
0x0FD8       [1]    STATUS
0x0FD9       [1]    FSR2L
0x0FDA       [1]    FSR2H
0x0FDE       [1]    POSTINC2
0x0FE0       [1]    BSR
0x0FE1       [1]    FSR1L
0x0FE2       [1]    FSR1H
0x0FE4       [1]    PREINC1
0x0FE6       [1]    POSTINC1
0x0FE7       [1]    INDF1
0x0FE8       [1]    WREG
0x0FE9       [1]    FSR0L
0x0FEA       [1]    FSR0H
0x0FEE       [1]    POSTINC0
0x0FF2       [1]    INTCON
0x0FF3       [1]    PRODL
0x0FF4       [1]    PRODH
0x0FF5       [1]    TABLAT
0x0FF6       [3]    TBLPTR
0x0FF6       [1]    TBLPTRL
0x0FF7       [1]    TBLPTRH
0x0FF8       [1]    TBLPTRU
//** Constants locations ** 
//ADDRESS    SIZE    CONSTANT
//----------------------------------------------
0x0900       [1]    ?ICS_LATF
0x0901      [17]    ?ICS?lstr3_main
0x0912       [2]    ?ICS_counter
0x0914      [17]    ?ICS?lstr1_main
0x0925      [17]    ?ICS?lstr2_main
0x0936       [1]    ?ICS_LATG
0x0937       [1]    ?ICS_LATI
0x0938       [1]    ?ICS_PORTI
0x0939       [1]    ?ICS_LATH
