;  LST file generated by mikroListExporter - v.2.0 
; Date/Time: 28/12/2023 10:33:02
;----------------------------------------------

;Address Opcode 	ASM
0x0000	0xF002EFFC  	GOTO        1528
_Interrupt:
;interrupt.c,1 :: 		void Interrupt(){
0x0008	0xF016C000  	MOVFF       R0, 22
0x000C	0xF015C001  	MOVFF       R1, 21
;interrupt.c,3 :: 		if (TMR2IF_bit){
0x0010	0xA29E      	BTFSS       TMR2IF_bit, BitPos(TMR2IF_bit+0) 
0x0012	0xD002      	BRA         L_Interrupt73
;interrupt.c,4 :: 		TMR2IF_bit = 0;
0x0014	0x929E      	BCF         TMR2IF_bit, BitPos(TMR2IF_bit+0) 
;interrupt.c,6 :: 		UpdateExternalPorts();
0x0016	0xD9CB      	RCALL       _UpdateExternalPorts
;interrupt.c,7 :: 		}
L_Interrupt73:
;interrupt.c,8 :: 		}
L_end_Interrupt:
L__Interrupt104:
0x0018	0xF000C016  	MOVFF       22, R0
0x001C	0xF001C015  	MOVFF       21, R1
0x0020	0x0011      	RETFIE      1
; end of _Interrupt
_Delay_50us:
;__Lib_Delays.c,19 :: 		void Delay_50us() {
;__Lib_Delays.c,20 :: 		Delay_us(50);
0x0022	0x0EC7      	MOVLW       199
0x0024	0x6E0D      	MOVWF       R13, 0
L_Delay_50us3:
0x0026	0x2E0D      	DECFSZ      R13, 1, 0
0x0028	0xD7FE      	BRA         L_Delay_50us3
0x002A	0x0000      	NOP
0x002C	0x0000      	NOP
;__Lib_Delays.c,21 :: 		}
L_end_Delay_50us:
0x002E	0x0012      	RETURN      0
; end of _Delay_50us
_Delay_5500us:
;__Lib_Delays.c,31 :: 		void Delay_5500us() {
;__Lib_Delays.c,32 :: 		Delay_us(5500);
0x0030	0x0E56      	MOVLW       86
0x0032	0x6E0C      	MOVWF       R12, 0
0x0034	0x0EB5      	MOVLW       181
0x0036	0x6E0D      	MOVWF       R13, 0
L_Delay_5500us6:
0x0038	0x2E0D      	DECFSZ      R13, 1, 0
0x003A	0xD7FE      	BRA         L_Delay_5500us6
0x003C	0x2E0C      	DECFSZ      R12, 1, 0
0x003E	0xD7FC      	BRA         L_Delay_5500us6
0x0040	0x0000      	NOP
0x0042	0x0000      	NOP
;__Lib_Delays.c,33 :: 		}
L_end_Delay_5500us:
0x0044	0x0012      	RETURN      0
; end of _Delay_5500us
_Delay_1us:
;__Lib_Delays.c,7 :: 		void Delay_1us() {
;__Lib_Delays.c,8 :: 		Delay_us(1);
0x0046	0x0E03      	MOVLW       3
0x0048	0x6E0D      	MOVWF       R13, 0
L_Delay_1us0:
0x004A	0x2E0D      	DECFSZ      R13, 1, 0
0x004C	0xD7FE      	BRA         L_Delay_1us0
0x004E	0x0000      	NOP
0x0050	0x0000      	NOP
;__Lib_Delays.c,9 :: 		}
L_end_Delay_1us:
0x0052	0x0012      	RETURN      0
; end of _Delay_1us
_Lcd_Cmd:
;__Lib_Lcd.c,18 :: 		
;__Lib_Lcd.c,20 :: 		
0x0054	0xBE55      	BTFSC       FARG_Lcd_Cmd_out_char, 7 
0x0056	0xD002      	BRA         L__Lcd_Cmd21
0x0058	0x948C      	BCF         LCD_D7, BitPos(LCD_D7+0) 
0x005A	0xD001      	BRA         L__Lcd_Cmd22
L__Lcd_Cmd21:
0x005C	0x848C      	BSF         LCD_D7, BitPos(LCD_D7+0) 
L__Lcd_Cmd22:
;__Lib_Lcd.c,21 :: 		
0x005E	0xBC55      	BTFSC       FARG_Lcd_Cmd_out_char, 6 
0x0060	0xD002      	BRA         L__Lcd_Cmd23
0x0062	0x968C      	BCF         LCD_D6, BitPos(LCD_D6+0) 
0x0064	0xD001      	BRA         L__Lcd_Cmd24
L__Lcd_Cmd23:
0x0066	0x868C      	BSF         LCD_D6, BitPos(LCD_D6+0) 
L__Lcd_Cmd24:
;__Lib_Lcd.c,22 :: 		
0x0068	0xBA55      	BTFSC       FARG_Lcd_Cmd_out_char, 5 
0x006A	0xD002      	BRA         L__Lcd_Cmd25
0x006C	0x988C      	BCF         LCD_D5, BitPos(LCD_D5+0) 
0x006E	0xD001      	BRA         L__Lcd_Cmd26
L__Lcd_Cmd25:
0x0070	0x888C      	BSF         LCD_D5, BitPos(LCD_D5+0) 
L__Lcd_Cmd26:
;__Lib_Lcd.c,23 :: 		
0x0072	0xB855      	BTFSC       FARG_Lcd_Cmd_out_char, 4 
0x0074	0xD002      	BRA         L__Lcd_Cmd27
0x0076	0x9A8C      	BCF         LCD_D4, BitPos(LCD_D4+0) 
0x0078	0xD001      	BRA         L__Lcd_Cmd28
L__Lcd_Cmd27:
0x007A	0x8A8C      	BSF         LCD_D4, BitPos(LCD_D4+0) 
L__Lcd_Cmd28:
;__Lib_Lcd.c,25 :: 		
0x007C	0xB042      	BTFSC       __Lib_Lcd_cmd_status, BitPos(__Lib_Lcd_cmd_status+0) 
0x007E	0xD002      	BRA         L__Lcd_Cmd29
0x0080	0x8E8C      	BSF         LCD_RS, BitPos(LCD_RS+0) 
0x0082	0xD001      	BRA         L__Lcd_Cmd30
L__Lcd_Cmd29:
0x0084	0x9E8C      	BCF         LCD_RS, BitPos(LCD_RS+0) 
L__Lcd_Cmd30:
;__Lib_Lcd.c,28 :: 		
0x0086	0x8C8C      	BSF         LCD_EN, BitPos(LCD_EN+0) 
;__Lib_Lcd.c,29 :: 		
0x0088	0xDFDE      	RCALL       _Delay_1us
;__Lib_Lcd.c,30 :: 		
0x008A	0x9C8C      	BCF         LCD_EN, BitPos(LCD_EN+0) 
;__Lib_Lcd.c,33 :: 		
0x008C	0xB655      	BTFSC       FARG_Lcd_Cmd_out_char, 3 
0x008E	0xD002      	BRA         L__Lcd_Cmd31
0x0090	0x948C      	BCF         LCD_D7, BitPos(LCD_D7+0) 
0x0092	0xD001      	BRA         L__Lcd_Cmd32
L__Lcd_Cmd31:
0x0094	0x848C      	BSF         LCD_D7, BitPos(LCD_D7+0) 
L__Lcd_Cmd32:
;__Lib_Lcd.c,34 :: 		
0x0096	0xB455      	BTFSC       FARG_Lcd_Cmd_out_char, 2 
0x0098	0xD002      	BRA         L__Lcd_Cmd33
0x009A	0x968C      	BCF         LCD_D6, BitPos(LCD_D6+0) 
0x009C	0xD001      	BRA         L__Lcd_Cmd34
L__Lcd_Cmd33:
0x009E	0x868C      	BSF         LCD_D6, BitPos(LCD_D6+0) 
L__Lcd_Cmd34:
;__Lib_Lcd.c,35 :: 		
0x00A0	0xB255      	BTFSC       FARG_Lcd_Cmd_out_char, 1 
0x00A2	0xD002      	BRA         L__Lcd_Cmd35
0x00A4	0x988C      	BCF         LCD_D5, BitPos(LCD_D5+0) 
0x00A6	0xD001      	BRA         L__Lcd_Cmd36
L__Lcd_Cmd35:
0x00A8	0x888C      	BSF         LCD_D5, BitPos(LCD_D5+0) 
L__Lcd_Cmd36:
;__Lib_Lcd.c,36 :: 		
0x00AA	0xB055      	BTFSC       FARG_Lcd_Cmd_out_char, 0 
0x00AC	0xD002      	BRA         L__Lcd_Cmd37
0x00AE	0x9A8C      	BCF         LCD_D4, BitPos(LCD_D4+0) 
0x00B0	0xD001      	BRA         L__Lcd_Cmd38
L__Lcd_Cmd37:
0x00B2	0x8A8C      	BSF         LCD_D4, BitPos(LCD_D4+0) 
L__Lcd_Cmd38:
;__Lib_Lcd.c,38 :: 		
0x00B4	0xB042      	BTFSC       __Lib_Lcd_cmd_status, BitPos(__Lib_Lcd_cmd_status+0) 
0x00B6	0xD002      	BRA         L__Lcd_Cmd39
0x00B8	0x8E8C      	BSF         LCD_RS, BitPos(LCD_RS+0) 
0x00BA	0xD001      	BRA         L__Lcd_Cmd40
L__Lcd_Cmd39:
0x00BC	0x9E8C      	BCF         LCD_RS, BitPos(LCD_RS+0) 
L__Lcd_Cmd40:
;__Lib_Lcd.c,40 :: 		
0x00BE	0x8C8C      	BSF         LCD_EN, BitPos(LCD_EN+0) 
;__Lib_Lcd.c,41 :: 		
0x00C0	0xDFC2      	RCALL       _Delay_1us
;__Lib_Lcd.c,42 :: 		
0x00C2	0x9C8C      	BCF         LCD_EN, BitPos(LCD_EN+0) 
;__Lib_Lcd.c,44 :: 		
0x00C4	0xA042      	BTFSS       __Lib_Lcd_cmd_status, BitPos(__Lib_Lcd_cmd_status+0) 
0x00C6	0xD002      	BRA         L_Lcd_Cmd0
;__Lib_Lcd.c,45 :: 		
0x00C8	0xDFB3      	RCALL       _Delay_5500us
0x00CA	0xD001      	BRA         L_Lcd_Cmd1
L_Lcd_Cmd0:
;__Lib_Lcd.c,47 :: 		
0x00CC	0xDFAA      	RCALL       _Delay_50us
L_Lcd_Cmd1:
;__Lib_Lcd.c,48 :: 		
L_end_Lcd_Cmd:
0x00CE	0x0012      	RETURN      0
; end of _Lcd_Cmd
_getChar:
;display.c,1 :: 		char getChar(char c){
;display.c,2 :: 		switch(c){
0x00D0	0xD068      	BRA         L_getChar35
;display.c,3 :: 		case 'A': return 0xDE;
L_getChar37:
0x00D2	0x0EDE      	MOVLW       222
0x00D4	0x6E00      	MOVWF       R0 
0x00D6	0xD0CF      	BRA         L_end_getChar
;display.c,4 :: 		case 'B': return 0xF4;
L_getChar38:
0x00D8	0x0EF4      	MOVLW       244
0x00DA	0x6E00      	MOVWF       R0 
0x00DC	0xD0CC      	BRA         L_end_getChar
;display.c,5 :: 		case 'C': return 0xB8;
L_getChar39:
0x00DE	0x0EB8      	MOVLW       184
0x00E0	0x6E00      	MOVWF       R0 
0x00E2	0xD0C9      	BRA         L_end_getChar
;display.c,6 :: 		case 'D': return 0xE6;
L_getChar40:
0x00E4	0x0EE6      	MOVLW       230
0x00E6	0x6E00      	MOVWF       R0 
0x00E8	0xD0C6      	BRA         L_end_getChar
;display.c,7 :: 		case 'E': return 0xF8;
L_getChar41:
0x00EA	0x0EF8      	MOVLW       248
0x00EC	0x6E00      	MOVWF       R0 
0x00EE	0xD0C3      	BRA         L_end_getChar
;display.c,8 :: 		case 'F': return 0xD8;
L_getChar42:
0x00F0	0x0ED8      	MOVLW       216
0x00F2	0x6E00      	MOVWF       R0 
0x00F4	0xD0C0      	BRA         L_end_getChar
;display.c,9 :: 		case 'G': return 0xBC;
L_getChar43:
0x00F6	0x0EBC      	MOVLW       188
0x00F8	0x6E00      	MOVWF       R0 
0x00FA	0xD0BD      	BRA         L_end_getChar
;display.c,10 :: 		case 'H': return 0xD6;
L_getChar44:
0x00FC	0x0ED6      	MOVLW       214
0x00FE	0x6E00      	MOVWF       R0 
0x0100	0xD0BA      	BRA         L_end_getChar
;display.c,11 :: 		case 'I': return 0x06;
L_getChar45:
0x0102	0x0E06      	MOVLW       6
0x0104	0x6E00      	MOVWF       R0 
0x0106	0xD0B7      	BRA         L_end_getChar
;display.c,12 :: 		case 'J': return 0xA6;
L_getChar46:
0x0108	0x0EA6      	MOVLW       166
0x010A	0x6E00      	MOVWF       R0 
0x010C	0xD0B4      	BRA         L_end_getChar
;display.c,13 :: 		case 'K': return 0xD4;
L_getChar47:
0x010E	0x0ED4      	MOVLW       212
0x0110	0x6E00      	MOVWF       R0 
0x0112	0xD0B1      	BRA         L_end_getChar
;display.c,14 :: 		case 'L': return 0xB0;
L_getChar48:
0x0114	0x0EB0      	MOVLW       176
0x0116	0x6E00      	MOVWF       R0 
0x0118	0xD0AE      	BRA         L_end_getChar
;display.c,15 :: 		case 'M': return 0xCC;
L_getChar49:
0x011A	0x0ECC      	MOVLW       204
0x011C	0x6E00      	MOVWF       R0 
0x011E	0xD0AB      	BRA         L_end_getChar
;display.c,16 :: 		case 'N': return 0xC4;
L_getChar50:
0x0120	0x0EC4      	MOVLW       196
0x0122	0x6E00      	MOVWF       R0 
0x0124	0xD0A8      	BRA         L_end_getChar
;display.c,17 :: 		case 'O': return 0xE4;
L_getChar51:
0x0126	0x0EE4      	MOVLW       228
0x0128	0x6E00      	MOVWF       R0 
0x012A	0xD0A5      	BRA         L_end_getChar
;display.c,18 :: 		case 'P': return 0xDA;
L_getChar52:
0x012C	0x0EDA      	MOVLW       218
0x012E	0x6E00      	MOVWF       R0 
0x0130	0xD0A2      	BRA         L_end_getChar
;display.c,19 :: 		case 'Q': return 0x5E;
L_getChar53:
0x0132	0x0E5E      	MOVLW       94
0x0134	0x6E00      	MOVWF       R0 
0x0136	0xD09F      	BRA         L_end_getChar
;display.c,20 :: 		case 'R': return 0xC0;
L_getChar54:
0x0138	0x0EC0      	MOVLW       192
0x013A	0x6E00      	MOVWF       R0 
0x013C	0xD09C      	BRA         L_end_getChar
;display.c,21 :: 		case 'S': return 0x7C;
L_getChar55:
0x013E	0x0E7C      	MOVLW       124
0x0140	0x6E00      	MOVWF       R0 
0x0142	0xD099      	BRA         L_end_getChar
;display.c,22 :: 		case 'T': return 0xF0;
L_getChar56:
0x0144	0x0EF0      	MOVLW       240
0x0146	0x6E00      	MOVWF       R0 
0x0148	0xD096      	BRA         L_end_getChar
;display.c,23 :: 		case 'U': return 0xB6;
L_getChar57:
0x014A	0x0EB6      	MOVLW       182
0x014C	0x6E00      	MOVWF       R0 
0x014E	0xD093      	BRA         L_end_getChar
;display.c,24 :: 		case 'V': return 0xA4;
L_getChar58:
0x0150	0x0EA4      	MOVLW       164
0x0152	0x6E00      	MOVWF       R0 
0x0154	0xD090      	BRA         L_end_getChar
;display.c,25 :: 		case 'Y': return 0x76;
L_getChar59:
0x0156	0x0E76      	MOVLW       118
0x0158	0x6E00      	MOVWF       R0 
0x015A	0xD08D      	BRA         L_end_getChar
;display.c,26 :: 		case 'Z': return 0xEA;
L_getChar60:
0x015C	0x0EEA      	MOVLW       234
0x015E	0x6E00      	MOVWF       R0 
0x0160	0xD08A      	BRA         L_end_getChar
;display.c,27 :: 		case '0': return 0xBE;
L_getChar61:
0x0162	0x0EBE      	MOVLW       190
0x0164	0x6E00      	MOVWF       R0 
0x0166	0xD087      	BRA         L_end_getChar
;display.c,28 :: 		case '1': return 0x06;
L_getChar62:
0x0168	0x0E06      	MOVLW       6
0x016A	0x6E00      	MOVWF       R0 
0x016C	0xD084      	BRA         L_end_getChar
;display.c,29 :: 		case '2': return 0xEA;
L_getChar63:
0x016E	0x0EEA      	MOVLW       234
0x0170	0x6E00      	MOVWF       R0 
0x0172	0xD081      	BRA         L_end_getChar
;display.c,30 :: 		case '3': return 0x6E;
L_getChar64:
0x0174	0x0E6E      	MOVLW       110
0x0176	0x6E00      	MOVWF       R0 
0x0178	0xD07E      	BRA         L_end_getChar
;display.c,31 :: 		case '4': return 0x56;
L_getChar65:
0x017A	0x0E56      	MOVLW       86
0x017C	0x6E00      	MOVWF       R0 
0x017E	0xD07B      	BRA         L_end_getChar
;display.c,32 :: 		case '5': return 0x7C;
L_getChar66:
0x0180	0x0E7C      	MOVLW       124
0x0182	0x6E00      	MOVWF       R0 
0x0184	0xD078      	BRA         L_end_getChar
;display.c,33 :: 		case '6': return 0xFC;
L_getChar67:
0x0186	0x0EFC      	MOVLW       252
0x0188	0x6E00      	MOVWF       R0 
0x018A	0xD075      	BRA         L_end_getChar
;display.c,34 :: 		case '7': return 0x0E;
L_getChar68:
0x018C	0x0E0E      	MOVLW       14
0x018E	0x6E00      	MOVWF       R0 
0x0190	0xD072      	BRA         L_end_getChar
;display.c,35 :: 		case '8': return 0xFE;
L_getChar69:
0x0192	0x0EFE      	MOVLW       254
0x0194	0x6E00      	MOVWF       R0 
0x0196	0xD06F      	BRA         L_end_getChar
;display.c,36 :: 		case '9': return 0x7E;
L_getChar70:
0x0198	0x0E7E      	MOVLW       126
0x019A	0x6E00      	MOVWF       R0 
0x019C	0xD06C      	BRA         L_end_getChar
;display.c,37 :: 		case ' ': return 0x00;
L_getChar71:
0x019E	0x6A00      	CLRF        R0 
0x01A0	0xD06A      	BRA         L_end_getChar
;display.c,38 :: 		}
L_getChar35:
0x01A2	0x5054      	MOVF        FARG_getChar_c, 0 
0x01A4	0x0A41      	XORLW       65
0x01A6	0xE095      	BZ          L_getChar37
0x01A8	0x5054      	MOVF        FARG_getChar_c, 0 
0x01AA	0x0A42      	XORLW       66
0x01AC	0xE095      	BZ          L_getChar38
0x01AE	0x5054      	MOVF        FARG_getChar_c, 0 
0x01B0	0x0A43      	XORLW       67
0x01B2	0xE095      	BZ          L_getChar39
0x01B4	0x5054      	MOVF        FARG_getChar_c, 0 
0x01B6	0x0A44      	XORLW       68
0x01B8	0xE095      	BZ          L_getChar40
0x01BA	0x5054      	MOVF        FARG_getChar_c, 0 
0x01BC	0x0A45      	XORLW       69
0x01BE	0xE095      	BZ          L_getChar41
0x01C0	0x5054      	MOVF        FARG_getChar_c, 0 
0x01C2	0x0A46      	XORLW       70
0x01C4	0xE095      	BZ          L_getChar42
0x01C6	0x5054      	MOVF        FARG_getChar_c, 0 
0x01C8	0x0A47      	XORLW       71
0x01CA	0xE095      	BZ          L_getChar43
0x01CC	0x5054      	MOVF        FARG_getChar_c, 0 
0x01CE	0x0A48      	XORLW       72
0x01D0	0xE095      	BZ          L_getChar44
0x01D2	0x5054      	MOVF        FARG_getChar_c, 0 
0x01D4	0x0A49      	XORLW       73
0x01D6	0xE095      	BZ          L_getChar45
0x01D8	0x5054      	MOVF        FARG_getChar_c, 0 
0x01DA	0x0A4A      	XORLW       74
0x01DC	0xE095      	BZ          L_getChar46
0x01DE	0x5054      	MOVF        FARG_getChar_c, 0 
0x01E0	0x0A4B      	XORLW       75
0x01E2	0xE095      	BZ          L_getChar47
0x01E4	0x5054      	MOVF        FARG_getChar_c, 0 
0x01E6	0x0A4C      	XORLW       76
0x01E8	0xE095      	BZ          L_getChar48
0x01EA	0x5054      	MOVF        FARG_getChar_c, 0 
0x01EC	0x0A4D      	XORLW       77
0x01EE	0xE095      	BZ          L_getChar49
0x01F0	0x5054      	MOVF        FARG_getChar_c, 0 
0x01F2	0x0A4E      	XORLW       78
0x01F4	0xE095      	BZ          L_getChar50
0x01F6	0x5054      	MOVF        FARG_getChar_c, 0 
0x01F8	0x0A4F      	XORLW       79
0x01FA	0xE095      	BZ          L_getChar51
0x01FC	0x5054      	MOVF        FARG_getChar_c, 0 
0x01FE	0x0A50      	XORLW       80
0x0200	0xE095      	BZ          L_getChar52
0x0202	0x5054      	MOVF        FARG_getChar_c, 0 
0x0204	0x0A51      	XORLW       81
0x0206	0xE095      	BZ          L_getChar53
0x0208	0x5054      	MOVF        FARG_getChar_c, 0 
0x020A	0x0A52      	XORLW       82
0x020C	0xE095      	BZ          L_getChar54
0x020E	0x5054      	MOVF        FARG_getChar_c, 0 
0x0210	0x0A53      	XORLW       83
0x0212	0xE095      	BZ          L_getChar55
0x0214	0x5054      	MOVF        FARG_getChar_c, 0 
0x0216	0x0A54      	XORLW       84
0x0218	0xE095      	BZ          L_getChar56
0x021A	0x5054      	MOVF        FARG_getChar_c, 0 
0x021C	0x0A55      	XORLW       85
0x021E	0xE095      	BZ          L_getChar57
0x0220	0x5054      	MOVF        FARG_getChar_c, 0 
0x0222	0x0A56      	XORLW       86
0x0224	0xE095      	BZ          L_getChar58
0x0226	0x5054      	MOVF        FARG_getChar_c, 0 
0x0228	0x0A59      	XORLW       89
0x022A	0xE095      	BZ          L_getChar59
0x022C	0x5054      	MOVF        FARG_getChar_c, 0 
0x022E	0x0A5A      	XORLW       90
0x0230	0xE095      	BZ          L_getChar60
0x0232	0x5054      	MOVF        FARG_getChar_c, 0 
0x0234	0x0A30      	XORLW       48
0x0236	0xE095      	BZ          L_getChar61
0x0238	0x5054      	MOVF        FARG_getChar_c, 0 
0x023A	0x0A31      	XORLW       49
0x023C	0xE095      	BZ          L_getChar62
0x023E	0x5054      	MOVF        FARG_getChar_c, 0 
0x0240	0x0A32      	XORLW       50
0x0242	0xE095      	BZ          L_getChar63
0x0244	0x5054      	MOVF        FARG_getChar_c, 0 
0x0246	0x0A33      	XORLW       51
0x0248	0xE095      	BZ          L_getChar64
0x024A	0x5054      	MOVF        FARG_getChar_c, 0 
0x024C	0x0A34      	XORLW       52
0x024E	0xE095      	BZ          L_getChar65
0x0250	0x5054      	MOVF        FARG_getChar_c, 0 
0x0252	0x0A35      	XORLW       53
0x0254	0xE095      	BZ          L_getChar66
0x0256	0x5054      	MOVF        FARG_getChar_c, 0 
0x0258	0x0A36      	XORLW       54
0x025A	0xE095      	BZ          L_getChar67
0x025C	0x5054      	MOVF        FARG_getChar_c, 0 
0x025E	0x0A37      	XORLW       55
0x0260	0xE095      	BZ          L_getChar68
0x0262	0x5054      	MOVF        FARG_getChar_c, 0 
0x0264	0x0A38      	XORLW       56
0x0266	0xE095      	BZ          L_getChar69
0x0268	0x5054      	MOVF        FARG_getChar_c, 0 
0x026A	0x0A39      	XORLW       57
0x026C	0xE095      	BZ          L_getChar70
0x026E	0x5054      	MOVF        FARG_getChar_c, 0 
0x0270	0x0A20      	XORLW       32
0x0272	0xE095      	BZ          L_getChar71
;display.c,39 :: 		return 0;
0x0274	0x6A00      	CLRF        R0 
;display.c,40 :: 		}
L_end_getChar:
0x0276	0x0012      	RETURN      0
; end of _getChar
_Div_8X8_U:
;__Lib_Math.c,77 :: 		
;__Lib_Math.c,84 :: 		
0x0278	0x6A08      	CLRF        R8, 0
;__Lib_Math.c,85 :: 		
0x027A	0x0E08      	MOVLW       8
;__Lib_Math.c,86 :: 		
0x027C	0x6E0C      	MOVWF       R12, 0
;__Lib_Math.c,87 :: 		
0x027E	0x3400      	RLCF        R0, 0, 0
;__Lib_Math.c,88 :: 		
0x0280	0x3608      	RLCF        R8, 1, 0
;__Lib_Math.c,89 :: 		
0x0282	0x5004      	MOVF        R4, 0, 0
;__Lib_Math.c,90 :: 		
0x0284	0x5E08      	SUBWF       R8, 1, 0
;__Lib_Math.c,91 :: 		
0x0286	0xB0D8      	BTFSC       STATUS, 0, 0
;__Lib_Math.c,92 :: 		
0x0288	0xD002      	BRA         $+6
;__Lib_Math.c,93 :: 		
0x028A	0x2608      	ADDWF       R8, 1, 0
;__Lib_Math.c,94 :: 		
0x028C	0x90D8      	BCF         STATUS, 0, 0
;__Lib_Math.c,95 :: 		
0x028E	0x3600      	RLCF        R0, 1, 0
;__Lib_Math.c,96 :: 		
0x0290	0x2E0C      	DECFSZ      R12, 1, 0
;__Lib_Math.c,97 :: 		
0x0292	0xD7F5      	BRA         $-20
;__Lib_Math.c,99 :: 		
L_end_Div_8X8_U:
0x0294	0x0012      	RETURN      0
; end of _Div_8X8_U
_Lcd_Chr_CP:
;__Lib_Lcd.c,50 :: 		
;__Lib_Lcd.c,52 :: 		
0x0296	0x9042      	BCF         __Lib_Lcd_cmd_status, BitPos(__Lib_Lcd_cmd_status+0) 
;__Lib_Lcd.c,53 :: 		
0x0298	0xF055C054  	MOVFF       FARG_Lcd_Chr_CP_out_char, FARG_Lcd_Cmd_out_char
0x029C	0xDEDB      	RCALL       _Lcd_Cmd
;__Lib_Lcd.c,54 :: 		
0x029E	0x8042      	BSF         __Lib_Lcd_cmd_status, BitPos(__Lib_Lcd_cmd_status+0) 
;__Lib_Lcd.c,55 :: 		
L_end_Lcd_Chr_CP:
0x02A0	0x0012      	RETURN      0
; end of _Lcd_Chr_CP
_InitTimer2:
;initialize.c,2 :: 		void InitTimer2(){
;initialize.c,3 :: 		T2CON	 = 0x76;
0x02A2	0x0E76      	MOVLW       118
0x02A4	0x6EBA      	MOVWF       T2CON 
;initialize.c,4 :: 		TMR2IE_bit	 = 1;
0x02A6	0x829D      	BSF         TMR2IE_bit, BitPos(TMR2IE_bit+0) 
;initialize.c,5 :: 		PR2		 = 250;
0x02A8	0x0EFA      	MOVLW       250
0x02AA	0x6EBB      	MOVWF       PR2 
;initialize.c,6 :: 		INTCON	 = 0xC0;
0x02AC	0x0EC0      	MOVLW       192
0x02AE	0x6EF2      	MOVWF       INTCON 
;initialize.c,7 :: 		}
L_end_InitTimer2:
0x02B0	0x0012      	RETURN      0
; end of _InitTimer2
_UART1_Init:
;__Lib_UART_c67.c,15 :: 		
;__Lib_UART_c67.c,18 :: 		
0x02B2	0x0EFF      	MOVLW       _UART1_Write
0x02B4	0x6E4B      	MOVWF       _UART_Wr_Ptr 
0x02B6	0x0EFF      	MOVLW       hi_addr(_UART1_Write)
0x02B8	0x6E4C      	MOVWF       _UART_Wr_Ptr+1 
0x02BA	0x0EFF      	MOVLW       FARG_UART1_Write_data_
0x02BC	0x6E4D      	MOVWF       _UART_Wr_Ptr+2 
0x02BE	0x0EFF      	MOVLW       hi_addr(FARG_UART1_Write_data_)
0x02C0	0x6E4E      	MOVWF       _UART_Wr_Ptr+3 
;__Lib_UART_c67.c,19 :: 		
0x02C2	0x0EFF      	MOVLW       _UART1_Read
0x02C4	0x6E47      	MOVWF       _UART_Rd_Ptr 
0x02C6	0x0EFF      	MOVLW       hi_addr(_UART1_Read)
0x02C8	0x6E48      	MOVWF       _UART_Rd_Ptr+1 
0x02CA	0x0E00      	MOVLW       0
0x02CC	0x6E49      	MOVWF       _UART_Rd_Ptr+2 
0x02CE	0x0E00      	MOVLW       0
0x02D0	0x6E4A      	MOVWF       _UART_Rd_Ptr+3 
;__Lib_UART_c67.c,20 :: 		
0x02D2	0x0EFF      	MOVLW       _UART1_Data_Ready
0x02D4	0x6E43      	MOVWF       _UART_Rdy_Ptr 
0x02D6	0x0EFF      	MOVLW       hi_addr(_UART1_Data_Ready)
0x02D8	0x6E44      	MOVWF       _UART_Rdy_Ptr+1 
0x02DA	0x0E00      	MOVLW       0
0x02DC	0x6E45      	MOVWF       _UART_Rdy_Ptr+2 
0x02DE	0x0E00      	MOVLW       0
0x02E0	0x6E46      	MOVWF       _UART_Rdy_Ptr+3 
;__Lib_UART_c67.c,21 :: 		
0x02E2	0x0EFF      	MOVLW       _UART1_Tx_Idle
0x02E4	0x6E3E      	MOVWF       _UART_Tx_Idle_Ptr 
0x02E6	0x0EFF      	MOVLW       hi_addr(_UART1_Tx_Idle)
0x02E8	0x6E3F      	MOVWF       _UART_Tx_Idle_Ptr+1 
0x02EA	0x0E00      	MOVLW       0
0x02EC	0x6E40      	MOVWF       _UART_Tx_Idle_Ptr+2 
0x02EE	0x0E00      	MOVLW       0
0x02F0	0x6E41      	MOVWF       _UART_Tx_Idle_Ptr+3 
;__Lib_UART_c67.c,23 :: 		
0x02F2	0x8AAC      	BSF         TXSTA, 5 
;__Lib_UART_c67.c,24 :: 		
0x02F4	0x0E90      	MOVLW       144
0x02F6	0x6EAB      	MOVWF       RCSTA 
;__Lib_UART_c67.c,25 :: 		
0x02F8	0x8E94      	BSF         TRISC7_bit, BitPos(TRISC7_bit+0) 
;__Lib_UART_c67.c,26 :: 		
0x02FA	0x9C94      	BCF         TRISC6_bit, BitPos(TRISC6_bit+0) 
;__Lib_UART_c67.c,28 :: 		
L_UART1_Init0:
0x02FC	0xAA9E      	BTFSS       PIR1, 5 
0x02FE	0xD003      	BRA         L_UART1_Init1
;__Lib_UART_c67.c,29 :: 		
0x0300	0xF000CFAE  	MOVFF       RCREG, R0
0x0304	0xD7FB      	BRA         L_UART1_Init0
L_UART1_Init1:
;__Lib_UART_c67.c,30 :: 		
L_end_UART1_Init:
0x0306	0x0012      	RETURN      0
; end of _UART1_Init
_Lcd_Init:
;__Lib_Lcd.c,84 :: 		
;__Lib_Lcd.c,86 :: 		
0x0308	0x9C95      	BCF         LCD_EN_Direction, BitPos(LCD_EN_Direction+0) 
;__Lib_Lcd.c,87 :: 		
0x030A	0x9E95      	BCF         LCD_RS_Direction, BitPos(LCD_RS_Direction+0) 
;__Lib_Lcd.c,88 :: 		
0x030C	0x9495      	BCF         LCD_D4_Direction, BitPos(LCD_D4_Direction+0) 
;__Lib_Lcd.c,89 :: 		
0x030E	0x9695      	BCF         LCD_D5_Direction, BitPos(LCD_D5_Direction+0) 
;__Lib_Lcd.c,90 :: 		
0x0310	0x9895      	BCF         LCD_D6_Direction, BitPos(LCD_D6_Direction+0) 
;__Lib_Lcd.c,91 :: 		
0x0312	0x9A95      	BCF         LCD_D7_Direction, BitPos(LCD_D7_Direction+0) 
;__Lib_Lcd.c,93 :: 		
0x0314	0x9C8C      	BCF         LCD_EN, BitPos(LCD_EN+0) 
;__Lib_Lcd.c,94 :: 		
0x0316	0x9E8C      	BCF         LCD_RS, BitPos(LCD_RS+0) 
;__Lib_Lcd.c,95 :: 		
0x0318	0x948C      	BCF         LCD_D7, BitPos(LCD_D7+0) 
;__Lib_Lcd.c,96 :: 		
0x031A	0x968C      	BCF         LCD_D6, BitPos(LCD_D6+0) 
;__Lib_Lcd.c,97 :: 		
0x031C	0x988C      	BCF         LCD_D5, BitPos(LCD_D5+0) 
;__Lib_Lcd.c,98 :: 		
0x031E	0x9A8C      	BCF         LCD_D4, BitPos(LCD_D4+0) 
;__Lib_Lcd.c,100 :: 		
0x0320	0xDE87      	RCALL       _Delay_5500us
;__Lib_Lcd.c,101 :: 		
0x0322	0xDE86      	RCALL       _Delay_5500us
;__Lib_Lcd.c,102 :: 		
0x0324	0xDE85      	RCALL       _Delay_5500us
;__Lib_Lcd.c,105 :: 		
0x0326	0x888C      	BSF         LCD_D5, BitPos(LCD_D5+0) 
;__Lib_Lcd.c,106 :: 		
0x0328	0x8A8C      	BSF         LCD_D4, BitPos(LCD_D4+0) 
;__Lib_Lcd.c,107 :: 		
0x032A	0x8C8C      	BSF         LCD_EN, BitPos(LCD_EN+0) 
;__Lib_Lcd.c,108 :: 		
0x032C	0xDE8C      	RCALL       _Delay_1us
;__Lib_Lcd.c,109 :: 		
0x032E	0x9C8C      	BCF         LCD_EN, BitPos(LCD_EN+0) 
;__Lib_Lcd.c,110 :: 		
0x0330	0xDE7F      	RCALL       _Delay_5500us
;__Lib_Lcd.c,112 :: 		
0x0332	0x8C8C      	BSF         LCD_EN, BitPos(LCD_EN+0) 
;__Lib_Lcd.c,113 :: 		
0x0334	0xDE88      	RCALL       _Delay_1us
;__Lib_Lcd.c,114 :: 		
0x0336	0x9C8C      	BCF         LCD_EN, BitPos(LCD_EN+0) 
;__Lib_Lcd.c,115 :: 		
0x0338	0xDE7B      	RCALL       _Delay_5500us
;__Lib_Lcd.c,117 :: 		
0x033A	0x8C8C      	BSF         LCD_EN, BitPos(LCD_EN+0) 
;__Lib_Lcd.c,118 :: 		
0x033C	0xDE84      	RCALL       _Delay_1us
;__Lib_Lcd.c,119 :: 		
0x033E	0x9C8C      	BCF         LCD_EN, BitPos(LCD_EN+0) 
;__Lib_Lcd.c,120 :: 		
0x0340	0xDE77      	RCALL       _Delay_5500us
;__Lib_Lcd.c,123 :: 		
0x0342	0x9A8C      	BCF         LCD_D4, BitPos(LCD_D4+0) 
;__Lib_Lcd.c,124 :: 		
0x0344	0x8C8C      	BSF         LCD_EN, BitPos(LCD_EN+0) 
;__Lib_Lcd.c,125 :: 		
0x0346	0xDE7F      	RCALL       _Delay_1us
;__Lib_Lcd.c,126 :: 		
0x0348	0x9C8C      	BCF         LCD_EN, BitPos(LCD_EN+0) 
;__Lib_Lcd.c,127 :: 		
0x034A	0xDE72      	RCALL       _Delay_5500us
;__Lib_Lcd.c,130 :: 		
0x034C	0x8C8C      	BSF         LCD_EN, BitPos(LCD_EN+0) 
;__Lib_Lcd.c,131 :: 		
0x034E	0xDE7B      	RCALL       _Delay_1us
;__Lib_Lcd.c,132 :: 		
0x0350	0x9C8C      	BCF         LCD_EN, BitPos(LCD_EN+0) 
;__Lib_Lcd.c,134 :: 		
0x0352	0x988C      	BCF         LCD_D5, BitPos(LCD_D5+0) 
;__Lib_Lcd.c,135 :: 		
0x0354	0x848C      	BSF         LCD_D7, BitPos(LCD_D7+0) 
;__Lib_Lcd.c,136 :: 		
0x0356	0x8C8C      	BSF         LCD_EN, BitPos(LCD_EN+0) 
;__Lib_Lcd.c,137 :: 		
0x0358	0xDE76      	RCALL       _Delay_1us
;__Lib_Lcd.c,138 :: 		
0x035A	0x9C8C      	BCF         LCD_EN, BitPos(LCD_EN+0) 
;__Lib_Lcd.c,139 :: 		
0x035C	0xDE69      	RCALL       _Delay_5500us
;__Lib_Lcd.c,142 :: 		
0x035E	0x948C      	BCF         LCD_D7, BitPos(LCD_D7+0) 
;__Lib_Lcd.c,143 :: 		
0x0360	0x8A8C      	BSF         LCD_D4, BitPos(LCD_D4+0) 
;__Lib_Lcd.c,144 :: 		
0x0362	0x8C8C      	BSF         LCD_EN, BitPos(LCD_EN+0) 
;__Lib_Lcd.c,145 :: 		
0x0364	0xDE70      	RCALL       _Delay_1us
;__Lib_Lcd.c,146 :: 		
0x0366	0x9C8C      	BCF         LCD_EN, BitPos(LCD_EN+0) 
;__Lib_Lcd.c,148 :: 		
0x0368	0x9A8C      	BCF         LCD_D4, BitPos(LCD_D4+0) 
;__Lib_Lcd.c,149 :: 		
0x036A	0x8C8C      	BSF         LCD_EN, BitPos(LCD_EN+0) 
;__Lib_Lcd.c,150 :: 		
0x036C	0xDE6C      	RCALL       _Delay_1us
;__Lib_Lcd.c,151 :: 		
0x036E	0x9C8C      	BCF         LCD_EN, BitPos(LCD_EN+0) 
;__Lib_Lcd.c,152 :: 		
0x0370	0xDE5F      	RCALL       _Delay_5500us
;__Lib_Lcd.c,155 :: 		
0x0372	0x8C8C      	BSF         LCD_EN, BitPos(LCD_EN+0) 
;__Lib_Lcd.c,156 :: 		
0x0374	0xDE68      	RCALL       _Delay_1us
;__Lib_Lcd.c,157 :: 		
0x0376	0x9C8C      	BCF         LCD_EN, BitPos(LCD_EN+0) 
;__Lib_Lcd.c,159 :: 		
0x0378	0x8A8C      	BSF         LCD_D4, BitPos(LCD_D4+0) 
;__Lib_Lcd.c,160 :: 		
0x037A	0x8C8C      	BSF         LCD_EN, BitPos(LCD_EN+0) 
;__Lib_Lcd.c,161 :: 		
0x037C	0xDE64      	RCALL       _Delay_1us
;__Lib_Lcd.c,162 :: 		
0x037E	0x9C8C      	BCF         LCD_EN, BitPos(LCD_EN+0) 
;__Lib_Lcd.c,163 :: 		
0x0380	0xDE57      	RCALL       _Delay_5500us
;__Lib_Lcd.c,166 :: 		
0x0382	0x9A8C      	BCF         LCD_D4, BitPos(LCD_D4+0) 
;__Lib_Lcd.c,167 :: 		
0x0384	0x8C8C      	BSF         LCD_EN, BitPos(LCD_EN+0) 
;__Lib_Lcd.c,168 :: 		
0x0386	0xDE5F      	RCALL       _Delay_1us
;__Lib_Lcd.c,169 :: 		
0x0388	0x9C8C      	BCF         LCD_EN, BitPos(LCD_EN+0) 
;__Lib_Lcd.c,171 :: 		
0x038A	0x848C      	BSF         LCD_D7, BitPos(LCD_D7+0) 
;__Lib_Lcd.c,172 :: 		
0x038C	0x868C      	BSF         LCD_D6, BitPos(LCD_D6+0) 
;__Lib_Lcd.c,173 :: 		
0x038E	0x888C      	BSF         LCD_D5, BitPos(LCD_D5+0) 
;__Lib_Lcd.c,174 :: 		
0x0390	0x8A8C      	BSF         LCD_D4, BitPos(LCD_D4+0) 
;__Lib_Lcd.c,175 :: 		
0x0392	0x8C8C      	BSF         LCD_EN, BitPos(LCD_EN+0) 
;__Lib_Lcd.c,176 :: 		
0x0394	0xDE58      	RCALL       _Delay_1us
;__Lib_Lcd.c,177 :: 		
0x0396	0x9C8C      	BCF         LCD_EN, BitPos(LCD_EN+0) 
;__Lib_Lcd.c,179 :: 		
0x0398	0xDE4B      	RCALL       _Delay_5500us
;__Lib_Lcd.c,181 :: 		
0x039A	0x8042      	BSF         __Lib_Lcd_cmd_status, BitPos(__Lib_Lcd_cmd_status+0) 
;__Lib_Lcd.c,182 :: 		
L_end_Lcd_Init:
0x039C	0x0012      	RETURN      0
; end of _Lcd_Init
___CC2DW:
;__Lib_System.c,21 :: 		
;__Lib_System.c,23 :: 		
_CC2DL_Loop1:
;__Lib_System.c,24 :: 		
0x039E	0x0009      	TBLRD*+
;__Lib_System.c,25 :: 		
0x03A0	0xFFE6CFF5  	MOVFF       TABLAT, POSTINC1
;__Lib_System.c,26 :: 		
0x03A4	0x0600      	DECF        R0, 1, 0
;__Lib_System.c,27 :: 		
0x03A6	0xE1FB      	BNZ         _CC2DL_Loop1
;__Lib_System.c,28 :: 		
0x03A8	0x0601      	DECF        R1, 1, 0
;__Lib_System.c,29 :: 		
0x03AA	0xE1F9      	BNZ         _CC2DL_Loop1
;__Lib_System.c,31 :: 		
L_end___CC2DW:
0x03AC	0x0012      	RETURN      0
; end of ___CC2DW
_UpdateExternalPorts:
;function.c,10 :: 		void UpdateExternalPorts(){
;function.c,13 :: 		if(LATI==0b00000000)
0x03AE	0x5017      	MOVF        _LATI, 0 
0x03B0	0x0A00      	XORLW       0
0x03B2	0xE102      	BNZ         L_UpdateExternalPorts4
;function.c,14 :: 		LATI=0b00000001;
0x03B4	0x0E01      	MOVLW       1
0x03B6	0x6E17      	MOVWF       _LATI 
L_UpdateExternalPorts4:
;function.c,16 :: 		ST_CP=0;
0x03B8	0x928D      	BCF         LATE1_bit, BitPos(LATE1_bit+0) 
;function.c,17 :: 		SH_CP=0;
0x03BA	0x948D      	BCF         LATE2_bit, BitPos(LATE2_bit+0) 
;function.c,18 :: 		DS=0;
0x03BC	0x968A      	BCF         LATB3_bit, BitPos(LATB3_bit+0) 
;function.c,21 :: 		buffer=LATF;
0x03BE	0xF002C018  	MOVFF       _LATF, R2
;function.c,22 :: 		for(i=0;i<8;i++){
0x03C2	0x6A01      	CLRF        R1 
L_UpdateExternalPorts5:
0x03C4	0x0E08      	MOVLW       8
0x03C6	0x5C01      	SUBWF       R1, 0 
0x03C8	0xE20C      	BC          L_UpdateExternalPorts6
;function.c,23 :: 		if(buffer.B7)
0x03CA	0xAE02      	BTFSS       R2, 7 
0x03CC	0xD002      	BRA         L_UpdateExternalPorts8
;function.c,24 :: 		DS=1;
0x03CE	0x868A      	BSF         LATB3_bit, BitPos(LATB3_bit+0) 
0x03D0	0xD001      	BRA         L_UpdateExternalPorts9
L_UpdateExternalPorts8:
;function.c,26 :: 		DS=0;
0x03D2	0x968A      	BCF         LATB3_bit, BitPos(LATB3_bit+0) 
L_UpdateExternalPorts9:
;function.c,28 :: 		SH_CP=1;
0x03D4	0x848D      	BSF         LATE2_bit, BitPos(LATE2_bit+0) 
;function.c,29 :: 		asm nop;
0x03D6	0x0000      	NOP
;function.c,30 :: 		SH_CP=0;
0x03D8	0x948D      	BCF         LATE2_bit, BitPos(LATE2_bit+0) 
;function.c,32 :: 		buffer<<=1;
0x03DA	0x3602      	RLCF        R2, 1 
0x03DC	0x9002      	BCF         R2, 0 
;function.c,22 :: 		for(i=0;i<8;i++){
0x03DE	0x2A01      	INCF        R1, 1 
;function.c,33 :: 		}
0x03E0	0xD7F1      	BRA         L_UpdateExternalPorts5
L_UpdateExternalPorts6:
;function.c,36 :: 		buffer=LATG;
0x03E2	0xF002C03D  	MOVFF       _LATG, R2
;function.c,37 :: 		for(i=0;i<8;i++){
0x03E6	0x6A01      	CLRF        R1 
L_UpdateExternalPorts10:
0x03E8	0x0E08      	MOVLW       8
0x03EA	0x5C01      	SUBWF       R1, 0 
0x03EC	0xE20C      	BC          L_UpdateExternalPorts11
;function.c,38 :: 		if(buffer.B7)
0x03EE	0xAE02      	BTFSS       R2, 7 
0x03F0	0xD002      	BRA         L_UpdateExternalPorts13
;function.c,39 :: 		DS=1;
0x03F2	0x868A      	BSF         LATB3_bit, BitPos(LATB3_bit+0) 
0x03F4	0xD001      	BRA         L_UpdateExternalPorts14
L_UpdateExternalPorts13:
;function.c,41 :: 		DS=0;
0x03F6	0x968A      	BCF         LATB3_bit, BitPos(LATB3_bit+0) 
L_UpdateExternalPorts14:
;function.c,43 :: 		SH_CP=1;
0x03F8	0x848D      	BSF         LATE2_bit, BitPos(LATE2_bit+0) 
;function.c,44 :: 		asm nop;
0x03FA	0x0000      	NOP
;function.c,45 :: 		SH_CP=0;
0x03FC	0x948D      	BCF         LATE2_bit, BitPos(LATE2_bit+0) 
;function.c,47 :: 		buffer<<=1;
0x03FE	0x3602      	RLCF        R2, 1 
0x0400	0x9002      	BCF         R2, 0 
;function.c,37 :: 		for(i=0;i<8;i++){
0x0402	0x2A01      	INCF        R1, 1 
;function.c,48 :: 		}
0x0404	0xD7F1      	BRA         L_UpdateExternalPorts10
L_UpdateExternalPorts11:
;function.c,51 :: 		buffer=LATH;
0x0406	0xF002C03C  	MOVFF       _LATH, R2
;function.c,52 :: 		for(i=0;i<8;i++){
0x040A	0x6A01      	CLRF        R1 
L_UpdateExternalPorts15:
0x040C	0x0E08      	MOVLW       8
0x040E	0x5C01      	SUBWF       R1, 0 
0x0410	0xE20C      	BC          L_UpdateExternalPorts16
;function.c,53 :: 		if(buffer.B7)
0x0412	0xAE02      	BTFSS       R2, 7 
0x0414	0xD002      	BRA         L_UpdateExternalPorts18
;function.c,54 :: 		DS=1;
0x0416	0x868A      	BSF         LATB3_bit, BitPos(LATB3_bit+0) 
0x0418	0xD001      	BRA         L_UpdateExternalPorts19
L_UpdateExternalPorts18:
;function.c,56 :: 		DS=0;
0x041A	0x968A      	BCF         LATB3_bit, BitPos(LATB3_bit+0) 
L_UpdateExternalPorts19:
;function.c,58 :: 		SH_CP=1;
0x041C	0x848D      	BSF         LATE2_bit, BitPos(LATE2_bit+0) 
;function.c,59 :: 		asm nop;
0x041E	0x0000      	NOP
;function.c,60 :: 		SH_CP=0;
0x0420	0x948D      	BCF         LATE2_bit, BitPos(LATE2_bit+0) 
;function.c,62 :: 		buffer<<=1;
0x0422	0x3602      	RLCF        R2, 1 
0x0424	0x9002      	BCF         R2, 0 
;function.c,52 :: 		for(i=0;i<8;i++){
0x0426	0x2A01      	INCF        R1, 1 
;function.c,63 :: 		}
0x0428	0xD7F1      	BRA         L_UpdateExternalPorts15
L_UpdateExternalPorts16:
;function.c,66 :: 		buffer=LATI;
0x042A	0xF002C017  	MOVFF       _LATI, R2
;function.c,67 :: 		for(i=0;i<8;i++){
0x042E	0x6A01      	CLRF        R1 
L_UpdateExternalPorts20:
0x0430	0x0E08      	MOVLW       8
0x0432	0x5C01      	SUBWF       R1, 0 
0x0434	0xE20C      	BC          L_UpdateExternalPorts21
;function.c,68 :: 		if(buffer.B7)
0x0436	0xAE02      	BTFSS       R2, 7 
0x0438	0xD002      	BRA         L_UpdateExternalPorts23
;function.c,69 :: 		DS=1;
0x043A	0x868A      	BSF         LATB3_bit, BitPos(LATB3_bit+0) 
0x043C	0xD001      	BRA         L_UpdateExternalPorts24
L_UpdateExternalPorts23:
;function.c,71 :: 		DS=0;
0x043E	0x968A      	BCF         LATB3_bit, BitPos(LATB3_bit+0) 
L_UpdateExternalPorts24:
;function.c,73 :: 		SH_CP=1;
0x0440	0x848D      	BSF         LATE2_bit, BitPos(LATE2_bit+0) 
;function.c,74 :: 		asm nop;
0x0442	0x0000      	NOP
;function.c,75 :: 		SH_CP=0;
0x0444	0x948D      	BCF         LATE2_bit, BitPos(LATE2_bit+0) 
;function.c,77 :: 		buffer<<=1;
0x0446	0x3602      	RLCF        R2, 1 
0x0448	0x9002      	BCF         R2, 0 
;function.c,67 :: 		for(i=0;i<8;i++){
0x044A	0x2A01      	INCF        R1, 1 
;function.c,78 :: 		}
0x044C	0xD7F1      	BRA         L_UpdateExternalPorts20
L_UpdateExternalPorts21:
;function.c,79 :: 		ST_CP=1;
0x044E	0x828D      	BSF         LATE1_bit, BitPos(LATE1_bit+0) 
;function.c,80 :: 		asm nop;
0x0450	0x0000      	NOP
;function.c,81 :: 		ST_CP=0;
0x0452	0x928D      	BCF         LATE1_bit, BitPos(LATE1_bit+0) 
;function.c,83 :: 		switch(LATI){
0x0454	0xD030      	BRA         L_UpdateExternalPorts25
;function.c,84 :: 		case 0b00000001:
L_UpdateExternalPorts27:
;function.c,85 :: 		PORTI0_bit=DIPSW;
0x0456	0xBA80      	BTFSC       RA5_bit, BitPos(RA5_bit+0) 
0x0458	0xD002      	BRA         L__UpdateExternalPorts82
0x045A	0x903B      	BCF         _PORTI, 0 
0x045C	0xD001      	BRA         L__UpdateExternalPorts83
L__UpdateExternalPorts82:
0x045E	0x803B      	BSF         _PORTI, 0 
L__UpdateExternalPorts83:
;function.c,86 :: 		break;
0x0460	0xD042      	BRA         L_UpdateExternalPorts26
;function.c,87 :: 		case 0b00000010:
L_UpdateExternalPorts28:
;function.c,88 :: 		PORTI1_bit=DIPSW;
0x0462	0xBA80      	BTFSC       RA5_bit, BitPos(RA5_bit+0) 
0x0464	0xD002      	BRA         L__UpdateExternalPorts84
0x0466	0x923B      	BCF         _PORTI, 1 
0x0468	0xD001      	BRA         L__UpdateExternalPorts85
L__UpdateExternalPorts84:
0x046A	0x823B      	BSF         _PORTI, 1 
L__UpdateExternalPorts85:
;function.c,89 :: 		break;
0x046C	0xD03C      	BRA         L_UpdateExternalPorts26
;function.c,90 :: 		case 0b00000100:
L_UpdateExternalPorts29:
;function.c,91 :: 		PORTI2_bit=DIPSW;
0x046E	0xBA80      	BTFSC       RA5_bit, BitPos(RA5_bit+0) 
0x0470	0xD002      	BRA         L__UpdateExternalPorts86
0x0472	0x943B      	BCF         _PORTI, 2 
0x0474	0xD001      	BRA         L__UpdateExternalPorts87
L__UpdateExternalPorts86:
0x0476	0x843B      	BSF         _PORTI, 2 
L__UpdateExternalPorts87:
;function.c,92 :: 		break;
0x0478	0xD036      	BRA         L_UpdateExternalPorts26
;function.c,93 :: 		case 0b00001000:
L_UpdateExternalPorts30:
;function.c,94 :: 		PORTI3_bit=DIPSW;
0x047A	0xBA80      	BTFSC       RA5_bit, BitPos(RA5_bit+0) 
0x047C	0xD002      	BRA         L__UpdateExternalPorts88
0x047E	0x963B      	BCF         _PORTI, 3 
0x0480	0xD001      	BRA         L__UpdateExternalPorts89
L__UpdateExternalPorts88:
0x0482	0x863B      	BSF         _PORTI, 3 
L__UpdateExternalPorts89:
;function.c,95 :: 		break;
0x0484	0xD030      	BRA         L_UpdateExternalPorts26
;function.c,96 :: 		case 0b00010000:
L_UpdateExternalPorts31:
;function.c,97 :: 		PORTI4_bit=DIPSW;
0x0486	0xBA80      	BTFSC       RA5_bit, BitPos(RA5_bit+0) 
0x0488	0xD002      	BRA         L__UpdateExternalPorts90
0x048A	0x983B      	BCF         _PORTI, 4 
0x048C	0xD001      	BRA         L__UpdateExternalPorts91
L__UpdateExternalPorts90:
0x048E	0x883B      	BSF         _PORTI, 4 
L__UpdateExternalPorts91:
;function.c,98 :: 		break;
0x0490	0xD02A      	BRA         L_UpdateExternalPorts26
;function.c,99 :: 		case 0b00100000:
L_UpdateExternalPorts32:
;function.c,100 :: 		PORTI5_bit=DIPSW;
0x0492	0xBA80      	BTFSC       RA5_bit, BitPos(RA5_bit+0) 
0x0494	0xD002      	BRA         L__UpdateExternalPorts92
0x0496	0x9A3B      	BCF         _PORTI, 5 
0x0498	0xD001      	BRA         L__UpdateExternalPorts93
L__UpdateExternalPorts92:
0x049A	0x8A3B      	BSF         _PORTI, 5 
L__UpdateExternalPorts93:
;function.c,101 :: 		break;
0x049C	0xD024      	BRA         L_UpdateExternalPorts26
;function.c,102 :: 		case 0b01000000:
L_UpdateExternalPorts33:
;function.c,103 :: 		PORTI6_bit=DIPSW;
0x049E	0xBA80      	BTFSC       RA5_bit, BitPos(RA5_bit+0) 
0x04A0	0xD002      	BRA         L__UpdateExternalPorts94
0x04A2	0x9C3B      	BCF         _PORTI, 6 
0x04A4	0xD001      	BRA         L__UpdateExternalPorts95
L__UpdateExternalPorts94:
0x04A6	0x8C3B      	BSF         _PORTI, 6 
L__UpdateExternalPorts95:
;function.c,104 :: 		break;
0x04A8	0xD01E      	BRA         L_UpdateExternalPorts26
;function.c,105 :: 		case 0b10000000:
L_UpdateExternalPorts34:
;function.c,106 :: 		PORTI7_bit=DIPSW;
0x04AA	0xBA80      	BTFSC       RA5_bit, BitPos(RA5_bit+0) 
0x04AC	0xD002      	BRA         L__UpdateExternalPorts96
0x04AE	0x9E3B      	BCF         _PORTI, 7 
0x04B0	0xD001      	BRA         L__UpdateExternalPorts97
L__UpdateExternalPorts96:
0x04B2	0x8E3B      	BSF         _PORTI, 7 
L__UpdateExternalPorts97:
;function.c,107 :: 		break;
0x04B4	0xD018      	BRA         L_UpdateExternalPorts26
;function.c,108 :: 		}
L_UpdateExternalPorts25:
0x04B6	0x5017      	MOVF        _LATI, 0 
0x04B8	0x0A01      	XORLW       1
0x04BA	0xE0CD      	BZ          L_UpdateExternalPorts27
0x04BC	0x5017      	MOVF        _LATI, 0 
0x04BE	0x0A02      	XORLW       2
0x04C0	0xE0D0      	BZ          L_UpdateExternalPorts28
0x04C2	0x5017      	MOVF        _LATI, 0 
0x04C4	0x0A04      	XORLW       4
0x04C6	0xE0D3      	BZ          L_UpdateExternalPorts29
0x04C8	0x5017      	MOVF        _LATI, 0 
0x04CA	0x0A08      	XORLW       8
0x04CC	0xE0D6      	BZ          L_UpdateExternalPorts30
0x04CE	0x5017      	MOVF        _LATI, 0 
0x04D0	0x0A10      	XORLW       16
0x04D2	0xE0D9      	BZ          L_UpdateExternalPorts31
0x04D4	0x5017      	MOVF        _LATI, 0 
0x04D6	0x0A20      	XORLW       32
0x04D8	0xE0DC      	BZ          L_UpdateExternalPorts32
0x04DA	0x5017      	MOVF        _LATI, 0 
0x04DC	0x0A40      	XORLW       64
0x04DE	0xE0DF      	BZ          L_UpdateExternalPorts33
0x04E0	0x5017      	MOVF        _LATI, 0 
0x04E2	0x0A80      	XORLW       128
0x04E4	0xE0E2      	BZ          L_UpdateExternalPorts34
L_UpdateExternalPorts26:
;function.c,109 :: 		LATI<<=1;
0x04E6	0x3617      	RLCF        _LATI, 1 
0x04E8	0x9017      	BCF         _LATI, 0 
;function.c,110 :: 		}
L_end_UpdateExternalPorts:
0x04EA	0x0012      	RETURN      0
; end of _UpdateExternalPorts
_InitMCU:
;initialize.c,9 :: 		void InitMCU(){
;initialize.c,11 :: 		TRISA=0b00101010;// [][][DIPSW][LED][TRIMPOT2][BUZZER][TRIMPOT1][RELAY]
0x04EC	0x0E2A      	MOVLW       42
0x04EE	0x6E92      	MOVWF       TRISA 
;initialize.c,12 :: 		TRISB=0b11100100;// [BUTTON_ESC][BUTTON_DOWN][BUTTON_UP][IN4][DS][BUTTON_MENU][][]
0x04F0	0x0EE4      	MOVLW       228
0x04F2	0x6E93      	MOVWF       TRISB 
;initialize.c,13 :: 		TRISC=0b10000001;// [RXD][TXD][][][][LEDG-IN3][EXT_OUT][EXT_IN]
0x04F4	0x0E81      	MOVLW       129
0x04F6	0x6E94      	MOVWF       TRISC 
;initialize.c,14 :: 		TRISD=0b00000000;// [LCD_RS][LCD_EN][LCD_D4][LCD_D5][LCD_D6][LCD_D7][LEDB-IN1][LEDR-IN2]
0x04F8	0x6A95      	CLRF        TRISD 
;initialize.c,15 :: 		TRISE=0b00000000;// [][][][][][SH_CP][ST_CP][DS18B20]
0x04FA	0x6A96      	CLRF        TRISE 
;initialize.c,18 :: 		ANSELA=0b00001010;// [][][][][TRIMPOT2][][TRIMPOT1][]
0x04FC	0x0E0A      	MOVLW       10
0x04FE	0x010F      	MOVLB       15
0x0500	0x6F5B      	MOVWF       ANSELA, 1
;initialize.c,19 :: 		ANSELB=0b00000000;// [][][][][][][][]
0x0502	0x6B5C      	CLRF        ANSELB, 1
;initialize.c,20 :: 		ANSELC=0b00000000;// [][][][][][][][]
0x0504	0x6B5D      	CLRF        ANSELC, 1
;initialize.c,21 :: 		ANSELD=0b00000000;// [][][][][][][][]
0x0506	0x6B5E      	CLRF        ANSELD, 1
;initialize.c,22 :: 		ANSELE=0b00000000;// [][][][][][][][]
0x0508	0x6B5F      	CLRF        ANSELE, 1
;initialize.c,25 :: 		LATA=0x00;
0x050A	0x6A89      	CLRF        LATA 
;initialize.c,26 :: 		LATB=0x00;
0x050C	0x6A8A      	CLRF        LATB 
;initialize.c,27 :: 		LATC=0x00;
0x050E	0x6A8B      	CLRF        LATC 
;initialize.c,28 :: 		LATD=0x00;
0x0510	0x6A8C      	CLRF        LATD 
;initialize.c,29 :: 		LATE=0x00;
0x0512	0x6A8D      	CLRF        LATE 
;initialize.c,32 :: 		InitTimer2();
0x0514	0xDEC6      	RCALL       _InitTimer2
;initialize.c,35 :: 		UART1_Init(9600);
0x0516	0x86B8      	BSF         BAUDCON, 3, 0
0x0518	0x0E04      	MOVLW       4
0x051A	0x6EB0      	MOVWF       SPBRGH 
0x051C	0x0EE1      	MOVLW       225
0x051E	0x6EAF      	MOVWF       SPBRG 
0x0520	0x84AC      	BSF         TXSTA, 2, 0
0x0522	0xDEC7      	RCALL       _UART1_Init
;initialize.c,38 :: 		Lcd_Init();
0x0524	0xDEF1      	RCALL       _Lcd_Init
;initialize.c,39 :: 		Lcd_Cmd(_LCD_CURSOR_OFF);
0x0526	0x0E0C      	MOVLW       12
0x0528	0x6E55      	MOVWF       FARG_Lcd_Cmd_out_char 
0x052A	0xDD94      	RCALL       _Lcd_Cmd
;initialize.c,40 :: 		Lcd_Cmd(_LCD_CLEAR);
0x052C	0x0E01      	MOVLW       1
0x052E	0x6E55      	MOVWF       FARG_Lcd_Cmd_out_char 
0x0530	0xDD91      	RCALL       _Lcd_Cmd
;initialize.c,41 :: 		}
L_end_InitMCU:
0x0532	0x0012      	RETURN      0
; end of _InitMCU
_PrintInt:
;display.c,46 :: 		void PrintInt(unsigned short number){
;display.c,48 :: 		if(number>99)
0x0534	0x504F      	MOVF        FARG_PrintInt_number, 0 
0x0536	0x0863      	SUBLW       99
0x0538	0xE209      	BC          L_PrintInt72
;display.c,49 :: 		number=number%100;
0x053A	0x0E64      	MOVLW       100
0x053C	0x6E04      	MOVWF       R4 
0x053E	0xF000C04F  	MOVFF       FARG_PrintInt_number, R0
0x0542	0xDE9A      	RCALL       _Div_8X8_U
0x0544	0xF000C008  	MOVFF       R8, R0
0x0548	0xF04FC000  	MOVFF       R0, FARG_PrintInt_number
L_PrintInt72:
;display.c,51 :: 		LATF=getChar(number/10+48);
0x054C	0x0E0A      	MOVLW       10
0x054E	0x6E04      	MOVWF       R4 
0x0550	0xF000C04F  	MOVFF       FARG_PrintInt_number, R0
0x0554	0xDE91      	RCALL       _Div_8X8_U
0x0556	0x0E30      	MOVLW       48
0x0558	0x2400      	ADDWF       R0, 0 
0x055A	0x6E54      	MOVWF       FARG_getChar_c 
0x055C	0xDDB9      	RCALL       _getChar
0x055E	0xF018C000  	MOVFF       R0, _LATF
;display.c,52 :: 		LATG=getChar(number%10+48);
0x0562	0x0E0A      	MOVLW       10
0x0564	0x6E04      	MOVWF       R4 
0x0566	0xF000C04F  	MOVFF       FARG_PrintInt_number, R0
0x056A	0xDE86      	RCALL       _Div_8X8_U
0x056C	0xF000C008  	MOVFF       R8, R0
0x0570	0x0E30      	MOVLW       48
0x0572	0x2400      	ADDWF       R0, 0 
0x0574	0x6E54      	MOVWF       FARG_getChar_c 
0x0576	0xDDAC      	RCALL       _getChar
0x0578	0xF03DC000  	MOVFF       R0, _LATG
;display.c,53 :: 		}
L_end_PrintInt:
0x057C	0x0012      	RETURN      0
; end of _PrintInt
_Lcd_Out:
;__Lib_Lcd.c,184 :: 		
;__Lib_Lcd.c,187 :: 		
0x057E	0xD00F      	BRA         L_Lcd_Out11
;__Lib_Lcd.c,188 :: 		
L_Lcd_Out13:
0x0580	0x0E80      	MOVLW       128
0x0582	0x6E4F      	MOVWF       FARG_Lcd_Out_row 
0x0584	0xD019      	BRA         L_Lcd_Out12
;__Lib_Lcd.c,189 :: 		
L_Lcd_Out14:
0x0586	0x0EC0      	MOVLW       192
0x0588	0x6E4F      	MOVWF       FARG_Lcd_Out_row 
0x058A	0xD016      	BRA         L_Lcd_Out12
;__Lib_Lcd.c,190 :: 		
L_Lcd_Out15:
0x058C	0x0E94      	MOVLW       148
0x058E	0x6E4F      	MOVWF       FARG_Lcd_Out_row 
0x0590	0xD013      	BRA         L_Lcd_Out12
;__Lib_Lcd.c,191 :: 		
L_Lcd_Out16:
0x0592	0x0ED4      	MOVLW       212
0x0594	0x6E4F      	MOVWF       FARG_Lcd_Out_row 
0x0596	0xD010      	BRA         L_Lcd_Out12
;__Lib_Lcd.c,192 :: 		
L_Lcd_Out17:
0x0598	0x0E80      	MOVLW       128
0x059A	0x6E4F      	MOVWF       FARG_Lcd_Out_row 
;__Lib_Lcd.c,193 :: 		
0x059C	0xD00D      	BRA         L_Lcd_Out12
L_Lcd_Out11:
0x059E	0x504F      	MOVF        FARG_Lcd_Out_row, 0 
0x05A0	0x0A01      	XORLW       1
0x05A2	0xE0EE      	BZ          L_Lcd_Out13
0x05A4	0x504F      	MOVF        FARG_Lcd_Out_row, 0 
0x05A6	0x0A02      	XORLW       2
0x05A8	0xE0EE      	BZ          L_Lcd_Out14
0x05AA	0x504F      	MOVF        FARG_Lcd_Out_row, 0 
0x05AC	0x0A03      	XORLW       3
0x05AE	0xE0EE      	BZ          L_Lcd_Out15
0x05B0	0x504F      	MOVF        FARG_Lcd_Out_row, 0 
0x05B2	0x0A04      	XORLW       4
0x05B4	0xE0EE      	BZ          L_Lcd_Out16
0x05B6	0xD7F0      	BRA         L_Lcd_Out17
L_Lcd_Out12:
;__Lib_Lcd.c,194 :: 		
0x05B8	0x0450      	DECF        FARG_Lcd_Out_column, 0 
0x05BA	0x6E00      	MOVWF       R0 
0x05BC	0x504F      	MOVF        FARG_Lcd_Out_row, 0 
0x05BE	0x2600      	ADDWF       R0, 1 
0x05C0	0xF04FC000  	MOVFF       R0, FARG_Lcd_Out_row
;__Lib_Lcd.c,196 :: 		
0x05C4	0xF055C000  	MOVFF       R0, FARG_Lcd_Cmd_out_char
0x05C8	0xDD45      	RCALL       _Lcd_Cmd
;__Lib_Lcd.c,197 :: 		
0x05CA	0x9042      	BCF         __Lib_Lcd_cmd_status, BitPos(__Lib_Lcd_cmd_status+0) 
;__Lib_Lcd.c,198 :: 		
0x05CC	0x6A53      	CLRF        Lcd_Out_i_L0 
;__Lib_Lcd.c,199 :: 		
L_Lcd_Out18:
0x05CE	0x5053      	MOVF        Lcd_Out_i_L0, 0 
0x05D0	0x2451      	ADDWF       FARG_Lcd_Out_text, 0 
0x05D2	0x6EE9      	MOVWF       FSR0L 
0x05D4	0x0E00      	MOVLW       0
0x05D6	0x2052      	ADDWFC      FARG_Lcd_Out_text+1, 0 
0x05D8	0x6EEA      	MOVWF       FSR0L+1 
0x05DA	0x52EE      	MOVF        POSTINC0, 1 
0x05DC	0xE00B      	BZ          L_Lcd_Out19
;__Lib_Lcd.c,200 :: 		
0x05DE	0x5053      	MOVF        Lcd_Out_i_L0, 0 
0x05E0	0x2451      	ADDWF       FARG_Lcd_Out_text, 0 
0x05E2	0x6EE9      	MOVWF       FSR0L 
0x05E4	0x0E00      	MOVLW       0
0x05E6	0x2052      	ADDWFC      FARG_Lcd_Out_text+1, 0 
0x05E8	0x6EEA      	MOVWF       FSR0L+1 
0x05EA	0xF054CFEE  	MOVFF       POSTINC0, FARG_Lcd_Chr_CP_out_char
0x05EE	0xDE53      	RCALL       _Lcd_Chr_CP
0x05F0	0x2A53      	INCF        Lcd_Out_i_L0, 1 
0x05F2	0xD7ED      	BRA         L_Lcd_Out18
L_Lcd_Out19:
;__Lib_Lcd.c,201 :: 		
0x05F4	0x8042      	BSF         __Lib_Lcd_cmd_status, BitPos(__Lib_Lcd_cmd_status+0) 
;__Lib_Lcd.c,202 :: 		
L_end_Lcd_Out:
0x05F6	0x0012      	RETURN      0
; end of _Lcd_Out
_main:
0x05F8	0xF003EC31  	CALL        1634, 0
;main.c,8 :: 		void main() {
;main.c,9 :: 		InitMCU();
0x05FC	0xDF77      	RCALL       _InitMCU
;main.c,13 :: 		Lcd_Out(1,1,"11.Timer Sayici ");         // Ekranda 1.satir 1.sütundan itibaren yaz
0x05FE	0x0E01      	MOVLW       1
0x0600	0x6E4F      	MOVWF       FARG_Lcd_Out_row 
0x0602	0x0E01      	MOVLW       1
0x0604	0x6E50      	MOVWF       FARG_Lcd_Out_column 
0x0606	0x0E19      	MOVLW       ?lstr1_main
0x0608	0x6E51      	MOVWF       FARG_Lcd_Out_text 
0x060A	0x0E00      	MOVLW       hi_addr(?lstr1_main)
0x060C	0x6E52      	MOVWF       FARG_Lcd_Out_text+1 
0x060E	0xDFB7      	RCALL       _Lcd_Out
;main.c,14 :: 		Lcd_Out(2,1,"Uygulamasi      ");         // Ekranda 2.satir 1.sütundan itibaren yaz
0x0610	0x0E02      	MOVLW       2
0x0612	0x6E4F      	MOVWF       FARG_Lcd_Out_row 
0x0614	0x0E01      	MOVLW       1
0x0616	0x6E50      	MOVWF       FARG_Lcd_Out_column 
0x0618	0x0E2A      	MOVLW       ?lstr2_main
0x061A	0x6E51      	MOVWF       FARG_Lcd_Out_text 
0x061C	0x0E00      	MOVLW       hi_addr(?lstr2_main)
0x061E	0x6E52      	MOVWF       FARG_Lcd_Out_text+1 
0x0620	0xDFAE      	RCALL       _Lcd_Out
;main.c,16 :: 		T1CON=0b10000001; // [TMR1CS1][TMR1CS2][T1CKPS1][T1CKPS0][SOSCEN][T1SYNC][RD16][TMR1ON]
0x0622	0x0E81      	MOVLW       129
0x0624	0x6ECD      	MOVWF       T1CON 
;main.c,24 :: 		TMR1L=0;          // Sayaci sifirla
0x0626	0x6ACE      	CLRF        TMR1L 
;main.c,25 :: 		while(1){
L_main76:
;main.c,26 :: 		PrintInt(TMR1L);  // Sayaci ekrana yaz
0x0628	0xF04FCFCE  	MOVFF       TMR1L, FARG_PrintInt_number
0x062C	0xDF83      	RCALL       _PrintInt
;main.c,28 :: 		if(TMR1L>99)      // Sayac 99'dan buyuk ise
0x062E	0x50CE      	MOVF        TMR1L, 0 
0x0630	0x0863      	SUBLW       99
0x0632	0xA0D8      	BTFSS       STATUS, 0 
;main.c,29 :: 		TMR1L=0;        // sifirla
0x0634	0x6ACE      	CLRF        TMR1L 
L_main78:
;main.c,30 :: 		}
0x0636	0xD7F8      	BRA         L_main76
;main.c,31 :: 		}
L_end_main:
0x0638	0xD7FF      	BRA         $+0
; end of _main
0x0662	0xF017EE10  	LFSR        1, 23
0x0666	0x0E27      	MOVLW       39
0x0668	0x6E00      	MOVWF       R0 
0x066A	0x0E01      	MOVLW       1
0x066C	0x6E01      	MOVWF       R1 
0x066E	0x0E3A      	MOVLW       58
0x0670	0x6EF6      	MOVWF       4086 
0x0672	0x0E06      	MOVLW       6
0x0674	0x6EF7      	MOVWF       TBLPTRH 
0x0676	0x0E00      	MOVLW       0
0x0678	0x6EF8      	MOVWF       TBLPTRU 
0x067A	0xF001ECCF  	CALL        926, 0
0x067E	0x0012      	RETURN      0
;main.c,0 :: ?ICS_LATI
0x063A	0x00 ;?ICS_LATI+0
; end of ?ICS_LATI
;main.c,0 :: ?ICS_LATF
0x063B	0x00 ;?ICS_LATF+0
; end of ?ICS_LATF
;main.c,0 :: ?ICS?lstr1_main
0x063C	0x3131 ;?ICS?lstr1_main+0
0x063E	0x542E ;?ICS?lstr1_main+2
0x0640	0x6D69 ;?ICS?lstr1_main+4
0x0642	0x7265 ;?ICS?lstr1_main+6
0x0644	0x5320 ;?ICS?lstr1_main+8
0x0646	0x7961 ;?ICS?lstr1_main+10
0x0648	0x6369 ;?ICS?lstr1_main+12
0x064A	0x2069 ;?ICS?lstr1_main+14
0x064C	0x00 ;?ICS?lstr1_main+16
; end of ?ICS?lstr1_main
;main.c,0 :: ?ICS?lstr2_main
0x064D	0x7955 ;?ICS?lstr2_main+0
0x064F	0x7567 ;?ICS?lstr2_main+2
0x0651	0x616C ;?ICS?lstr2_main+4
0x0653	0x616D ;?ICS?lstr2_main+6
0x0655	0x6973 ;?ICS?lstr2_main+8
0x0657	0x2020 ;?ICS?lstr2_main+10
0x0659	0x2020 ;?ICS?lstr2_main+12
0x065B	0x2020 ;?ICS?lstr2_main+14
0x065D	0x00 ;?ICS?lstr2_main+16
; end of ?ICS?lstr2_main
;main.c,0 :: ?ICS_PORTI
0x065E	0x00 ;?ICS_PORTI+0
; end of ?ICS_PORTI
;main.c,0 :: ?ICS_LATH
0x065F	0x00 ;?ICS_LATH+0
; end of ?ICS_LATH
;main.c,0 :: ?ICS_LATG
0x0660	0x00 ;?ICS_LATG+0
; end of ?ICS_LATG
Symbol List:
//** Routines locations **
//ADDRESS    SIZE    PROCEDURE
//----------------------------------------------
0x0008      [26]    _Interrupt
0x0022      [14]    _Delay_50us
0x0030      [22]    _Delay_5500us
0x0046      [14]    _Delay_1us
0x0054     [124]    _Lcd_Cmd
0x00D0     [424]    _getChar
0x0278      [30]    _Div_8X8_U
0x0296      [12]    _Lcd_Chr_CP
0x02A2      [16]    _InitTimer2
0x02B2      [86]    _UART1_Init
0x0308     [150]    _Lcd_Init
0x039E      [16]    ___CC2DW
0x03AE     [318]    _UpdateExternalPorts
0x04EC      [72]    _InitMCU
0x0534      [74]    _PrintInt
0x057E     [122]    _Lcd_Out
0x05F8      [66]    _main
//** Variables locations ** 
//ADDRESS    SIZE    VARIABLE
//----------------------------------------------
0x0000       [1]    UART1_Init_tmp_L0
0x0000       [1]    R0
0x0001       [2]    wait_i_L0
0x0001       [1]    UpdateExternalPorts_i_L0
0x0001       [1]    R1
0x0001       [1]    UART1_Read___tmp_UART1_Read_L0
0x0001       [1]    __Lib_Conversions_Adjust_Hex_tmp_L0
0x0002       [2]    memset_pp_L0
0x0002       [2]    strlen_cp_L0
0x0002       [1]    R2
0x0002       [1]    UpdateExternalPorts_buffer_L0
0x0002       [2]    memcpy_dd_L0
0x0002       [2]    memchr_s_L0
0x0003       [2]    Ltrim_original_L0
0x0003       [1]    R3
0x0003       [2]    memmove_tt_L0
0x0004       [2]    memcpy_ss_L0
0x0004       [2]    strncat_cp_L0
0x0004       [1]    R4
0x0004       [2]    strcat_cp_L0
0x0004       [2]    strcpy_cp_L0
0x0004       [2]    strncpy_cp_L0
0x0005       [2]    LongWordToHex_input_half_L0
0x0005       [2]    LongIntToHex_input_half_L0
0x0005       [2]    Ltrim_p_L0
0x0005       [1]    R5
0x0005       [2]    memmove_ff_L0
0x0006       [1]    R6
0x0007       [1]    R7
0x0008       [1]    R8
0x0009       [1]    R9
0x000A       [1]    R10
0x000B       [1]    R11
0x000C       [1]    R12
0x000D       [1]    R13
0x000E       [1]    R14
0x000F       [1]    R15
0x0010       [1]    R16
0x0011       [1]    R17
0x0012       [1]    R18
0x0013       [1]    R19
0x0014       [1]    R20
0x0017       [1]    _LATI
0x0018       [1]    _LATF
0x0019      [17]    ?lstr1_main
0x002A      [17]    ?lstr2_main
0x003B       [0]    _PORTI0_bit
0x003B       [0]    _PORTI1_bit
0x003B       [1]    _PORTI
0x003B       [0]    _PORTI6_bit
0x003B       [0]    _PORTI7_bit
0x003B       [0]    _PORTI2_bit
0x003B       [0]    _PORTI3_bit
0x003B       [0]    _PORTI5_bit
0x003B       [0]    _PORTI4_bit
0x003C       [1]    _LATH
0x003D       [1]    _LATG
0x003E       [4]    _UART_Tx_Idle_Ptr
0x0042       [0]    __Lib_Lcd_cmd_status
0x0043       [4]    _UART_Rdy_Ptr
0x0047       [4]    _UART_Rd_Ptr
0x004B       [4]    _UART_Wr_Ptr
0x004F       [1]    FARG_Lcd_Out_row
0x004F       [1]    FARG_PrintInt_number
0x0050       [1]    FARG_Lcd_Out_column
0x0051       [2]    FARG_Lcd_Out_text
0x0053       [1]    Lcd_Out_i_L0
0x0054       [1]    FARG_Lcd_Chr_CP_out_char
0x0054       [1]    FARG_getChar_c
0x0055       [1]    FARG_Lcd_Cmd_out_char
0x0F5B       [1]    ANSELA
0x0F5C       [1]    ANSELB
0x0F5D       [1]    ANSELC
0x0F5E       [1]    ANSELD
0x0F5F       [1]    ANSELE
0x0F80       [0]    DIPSW
0x0F80       [0]    RA5_bit
0x0F89       [1]    LATA
0x0F8A       [0]    LATB3_bit
0x0F8A       [0]    DS
0x0F8A       [1]    LATB
0x0F8B       [1]    LATC
0x0F8C       [0]    LCD_D7
0x0F8C       [0]    LCD_D4
0x0F8C       [0]    LCD_RS
0x0F8C       [0]    LCD_D5
0x0F8C       [0]    LCD_D6
0x0F8C       [0]    LCD_EN
0x0F8C       [0]    LATD3_bit
0x0F8C       [1]    LATD
0x0F8C       [0]    LATD4_bit
0x0F8C       [0]    LATD2_bit
0x0F8C       [0]    LATD5_bit
0x0F8C       [0]    LATD7_bit
0x0F8C       [0]    LATD6_bit
0x0F8D       [0]    LATE1_bit
0x0F8D       [1]    LATE
0x0F8D       [0]    LATE2_bit
0x0F8D       [0]    ST_CP
0x0F8D       [0]    SH_CP
0x0F92       [1]    TRISA
0x0F93       [1]    TRISB
0x0F94       [0]    TRISC6_bit
0x0F94       [0]    TRISC7_bit
0x0F94       [1]    TRISC
0x0F95       [1]    TRISD
0x0F95       [0]    TRISD3_bit
0x0F95       [0]    TRISD6_bit
0x0F95       [0]    TRISD7_bit
0x0F95       [0]    TRISD4_bit
0x0F95       [0]    TRISD5_bit
0x0F95       [0]    LCD_D7_Direction
0x0F95       [0]    LCD_D6_Direction
0x0F95       [0]    LCD_RS_Direction
0x0F95       [0]    LCD_EN_Direction
0x0F95       [0]    LCD_D5_Direction
0x0F95       [0]    TRISD2_bit
0x0F95       [0]    LCD_D4_Direction
0x0F96       [1]    TRISE
0x0F9D       [0]    TMR2IE_bit
0x0F9E       [1]    PIR1
0x0F9E       [0]    TMR2IF_bit
0x0FAB       [1]    RCSTA
0x0FAC       [1]    TXSTA
0x0FAE       [1]    RCREG
0x0FAF       [1]    SPBRG
0x0FB0       [1]    SPBRGH
0x0FB8       [1]    BAUDCON
0x0FBA       [1]    T2CON
0x0FBB       [1]    PR2
0x0FCD       [1]    T1CON
0x0FCE       [1]    TMR1L
0x0FD8       [1]    STATUS
0x0FD9       [1]    FSR2L
0x0FDA       [1]    FSR2H
0x0FDE       [1]    POSTINC2
0x0FE0       [1]    BSR
0x0FE1       [1]    FSR1L
0x0FE2       [1]    FSR1H
0x0FE4       [1]    PREINC1
0x0FE6       [1]    POSTINC1
0x0FE7       [1]    INDF1
0x0FE8       [1]    WREG
0x0FE9       [1]    FSR0L
0x0FEA       [1]    FSR0H
0x0FEE       [1]    POSTINC0
0x0FF2       [1]    INTCON
0x0FF3       [1]    PRODL
0x0FF4       [1]    PRODH
0x0FF5       [1]    TABLAT
0x0FF6       [1]    TBLPTRL
0x0FF7       [1]    TBLPTRH
0x0FF8       [1]    TBLPTRU
//** Constants locations ** 
//ADDRESS    SIZE    CONSTANT
//----------------------------------------------
0x063A       [1]    ?ICS_LATI
0x063B       [1]    ?ICS_LATF
0x063C      [17]    ?ICS?lstr1_main
0x064D      [17]    ?ICS?lstr2_main
0x065E       [1]    ?ICS_PORTI
0x065F       [1]    ?ICS_LATH
0x0660       [1]    ?ICS_LATG
