;  LST file generated by mikroListExporter - v.2.0 
; Date/Time: 27/11/2023 19:43:26
;----------------------------------------------

;Address Opcode 	ASM
0x0000	0xF003EF03  	GOTO        1542
_Interrupt:
;interrupt.c,1 :: 		void Interrupt(){
0x0008	0xF017C000  	MOVFF       R0, 23
0x000C	0xF016C001  	MOVFF       R1, 22
0x0010	0xF015C002  	MOVFF       R2, 21
;interrupt.c,3 :: 		if (TMR2IF_bit){
0x0014	0xA29E      	BTFSS       TMR2IF_bit, BitPos(TMR2IF_bit+0) 
0x0016	0xD002      	BRA         L_Interrupt73
;interrupt.c,4 :: 		TMR2IF_bit = 0;
0x0018	0x929E      	BCF         TMR2IF_bit, BitPos(TMR2IF_bit+0) 
;interrupt.c,6 :: 		UpdateExternalPorts();
0x001A	0xD97F      	RCALL       _UpdateExternalPorts
;interrupt.c,7 :: 		}
L_Interrupt73:
;interrupt.c,9 :: 		if(CCP2IE_bit && CCP2IF_bit){    // Eger CCP2 kesmesi aktifse ve kesme bayragi set edilmis ise
0x001C	0xA0A0      	BTFSS       CCP2IE_bit, BitPos(CCP2IE_bit+0) 
0x001E	0xD005      	BRA         L_Interrupt76
0x0020	0xA0A1      	BTFSS       CCP2IF_bit, BitPos(CCP2IF_bit+0) 
0x0022	0xD003      	BRA         L_Interrupt76
L__Interrupt86:
;interrupt.c,10 :: 		counter++;                     // Sayaci bir arttir
0x0024	0x4A2D      	INFSNZ      _counter, 1 
0x0026	0x2A2E      	INCF        _counter+1, 1 
;interrupt.c,11 :: 		CCP2IF_bit=0;                  // Kesme bayragini sifirla
0x0028	0x90A1      	BCF         CCP2IF_bit, BitPos(CCP2IF_bit+0) 
;interrupt.c,12 :: 		}
L_Interrupt76:
;interrupt.c,13 :: 		}
L_end_Interrupt:
L__Interrupt112:
0x002A	0xF000C017  	MOVFF       23, R0
0x002E	0xF001C016  	MOVFF       22, R1
0x0032	0xF002C015  	MOVFF       21, R2
0x0036	0x0011      	RETFIE      1
; end of _Interrupt
_Delay_50us:
;__Lib_Delays.c,19 :: 		void Delay_50us() {
;__Lib_Delays.c,20 :: 		Delay_us(50);
0x0038	0x0EC7      	MOVLW       199
0x003A	0x6E0D      	MOVWF       R13, 0
L_Delay_50us3:
0x003C	0x2E0D      	DECFSZ      R13, 1, 0
0x003E	0xD7FE      	BRA         L_Delay_50us3
0x0040	0x0000      	NOP
0x0042	0x0000      	NOP
;__Lib_Delays.c,21 :: 		}
L_end_Delay_50us:
0x0044	0x0012      	RETURN      0
; end of _Delay_50us
_Delay_5500us:
;__Lib_Delays.c,31 :: 		void Delay_5500us() {
;__Lib_Delays.c,32 :: 		Delay_us(5500);
0x0046	0x0E56      	MOVLW       86
0x0048	0x6E0C      	MOVWF       R12, 0
0x004A	0x0EB5      	MOVLW       181
0x004C	0x6E0D      	MOVWF       R13, 0
L_Delay_5500us6:
0x004E	0x2E0D      	DECFSZ      R13, 1, 0
0x0050	0xD7FE      	BRA         L_Delay_5500us6
0x0052	0x2E0C      	DECFSZ      R12, 1, 0
0x0054	0xD7FC      	BRA         L_Delay_5500us6
0x0056	0x0000      	NOP
0x0058	0x0000      	NOP
;__Lib_Delays.c,33 :: 		}
L_end_Delay_5500us:
0x005A	0x0012      	RETURN      0
; end of _Delay_5500us
_Delay_1us:
;__Lib_Delays.c,7 :: 		void Delay_1us() {
;__Lib_Delays.c,8 :: 		Delay_us(1);
0x005C	0x0E03      	MOVLW       3
0x005E	0x6E0D      	MOVWF       R13, 0
L_Delay_1us0:
0x0060	0x2E0D      	DECFSZ      R13, 1, 0
0x0062	0xD7FE      	BRA         L_Delay_1us0
0x0064	0x0000      	NOP
0x0066	0x0000      	NOP
;__Lib_Delays.c,9 :: 		}
L_end_Delay_1us:
0x0068	0x0012      	RETURN      0
; end of _Delay_1us
_Div_16X16_U:
;__Lib_Math.c,102 :: 		
;__Lib_Math.c,109 :: 		
0x006A	0x6A08      	CLRF        R8, 0
;__Lib_Math.c,110 :: 		
0x006C	0x6A09      	CLRF        R9, 0
;__Lib_Math.c,111 :: 		
0x006E	0x0E10      	MOVLW       16
;__Lib_Math.c,112 :: 		
0x0070	0x6E0C      	MOVWF       R12, 0
;__Lib_Math.c,113 :: 		
0x0072	0x3401      	RLCF        R1, 0, 0
;__Lib_Math.c,114 :: 		
0x0074	0x3608      	RLCF        R8, 1, 0
;__Lib_Math.c,115 :: 		
0x0076	0x3609      	RLCF        R9, 1, 0
;__Lib_Math.c,116 :: 		
0x0078	0x5004      	MOVF        R4, 0, 0
;__Lib_Math.c,117 :: 		
0x007A	0x5E08      	SUBWF       R8, 1, 0
;__Lib_Math.c,118 :: 		
0x007C	0x5005      	MOVF        R5, 0, 0
;__Lib_Math.c,119 :: 		
0x007E	0xA0D8      	BTFSS       STATUS, 0, 0
;__Lib_Math.c,120 :: 		
0x0080	0x3C05      	INCFSZ      R5, 0, 0
;__Lib_Math.c,121 :: 		
0x0082	0x5E09      	SUBWF       R9, 1, 0
;__Lib_Math.c,122 :: 		
0x0084	0xB0D8      	BTFSC       STATUS, 0, 0
;__Lib_Math.c,123 :: 		
0x0086	0xD007      	BRA         $+16
;__Lib_Math.c,124 :: 		
0x0088	0x5004      	MOVF        R4, 0, 0
;__Lib_Math.c,125 :: 		
0x008A	0x2608      	ADDWF       R8, 1, 0
;__Lib_Math.c,126 :: 		
0x008C	0x5005      	MOVF        R5, 0, 0
;__Lib_Math.c,127 :: 		
0x008E	0xB0D8      	BTFSC       STATUS, 0, 0
;__Lib_Math.c,128 :: 		
0x0090	0x3C05      	INCFSZ      R5, 0, 0
;__Lib_Math.c,129 :: 		
0x0092	0x2609      	ADDWF       R9, 1, 0
;__Lib_Math.c,130 :: 		
0x0094	0x90D8      	BCF         STATUS, 0, 0
;__Lib_Math.c,131 :: 		
0x0096	0x3600      	RLCF        R0, 1, 0
;__Lib_Math.c,132 :: 		
0x0098	0x3601      	RLCF        R1, 1, 0
;__Lib_Math.c,133 :: 		
0x009A	0x2E0C      	DECFSZ      R12, 1, 0
;__Lib_Math.c,134 :: 		
0x009C	0xD7EA      	BRA         $-42
;__Lib_Math.c,136 :: 		
L_end_Div_16X16_U:
0x009E	0x0012      	RETURN      0
; end of _Div_16X16_U
_Lcd_Cmd:
;__Lib_Lcd.c,18 :: 		
;__Lib_Lcd.c,20 :: 		
0x00A0	0x0100      	MOVLB       0
0x00A2	0xBF6D      	BTFSC       FARG_Lcd_Cmd_out_char, 7, 1
0x00A4	0xD002      	BRA         L__Lcd_Cmd21
0x00A6	0x948C      	BCF         LCD_D7, BitPos(LCD_D7+0) 
0x00A8	0xD001      	BRA         L__Lcd_Cmd22
L__Lcd_Cmd21:
0x00AA	0x848C      	BSF         LCD_D7, BitPos(LCD_D7+0) 
L__Lcd_Cmd22:
;__Lib_Lcd.c,21 :: 		
0x00AC	0xBD6D      	BTFSC       FARG_Lcd_Cmd_out_char, 6, 1
0x00AE	0xD002      	BRA         L__Lcd_Cmd23
0x00B0	0x968C      	BCF         LCD_D6, BitPos(LCD_D6+0) 
0x00B2	0xD001      	BRA         L__Lcd_Cmd24
L__Lcd_Cmd23:
0x00B4	0x868C      	BSF         LCD_D6, BitPos(LCD_D6+0) 
L__Lcd_Cmd24:
;__Lib_Lcd.c,22 :: 		
0x00B6	0xBB6D      	BTFSC       FARG_Lcd_Cmd_out_char, 5, 1
0x00B8	0xD002      	BRA         L__Lcd_Cmd25
0x00BA	0x988C      	BCF         LCD_D5, BitPos(LCD_D5+0) 
0x00BC	0xD001      	BRA         L__Lcd_Cmd26
L__Lcd_Cmd25:
0x00BE	0x888C      	BSF         LCD_D5, BitPos(LCD_D5+0) 
L__Lcd_Cmd26:
;__Lib_Lcd.c,23 :: 		
0x00C0	0xB96D      	BTFSC       FARG_Lcd_Cmd_out_char, 4, 1
0x00C2	0xD002      	BRA         L__Lcd_Cmd27
0x00C4	0x9A8C      	BCF         LCD_D4, BitPos(LCD_D4+0) 
0x00C6	0xD001      	BRA         L__Lcd_Cmd28
L__Lcd_Cmd27:
0x00C8	0x8A8C      	BSF         LCD_D4, BitPos(LCD_D4+0) 
L__Lcd_Cmd28:
;__Lib_Lcd.c,25 :: 		
0x00CA	0xB041      	BTFSC       __Lib_Lcd_cmd_status, BitPos(__Lib_Lcd_cmd_status+0) 
0x00CC	0xD002      	BRA         L__Lcd_Cmd29
0x00CE	0x8E8C      	BSF         LCD_RS, BitPos(LCD_RS+0) 
0x00D0	0xD001      	BRA         L__Lcd_Cmd30
L__Lcd_Cmd29:
0x00D2	0x9E8C      	BCF         LCD_RS, BitPos(LCD_RS+0) 
L__Lcd_Cmd30:
;__Lib_Lcd.c,28 :: 		
0x00D4	0x8C8C      	BSF         LCD_EN, BitPos(LCD_EN+0) 
;__Lib_Lcd.c,29 :: 		
0x00D6	0xDFC2      	RCALL       _Delay_1us
;__Lib_Lcd.c,30 :: 		
0x00D8	0x9C8C      	BCF         LCD_EN, BitPos(LCD_EN+0) 
;__Lib_Lcd.c,33 :: 		
0x00DA	0xB76D      	BTFSC       FARG_Lcd_Cmd_out_char, 3, 1
0x00DC	0xD002      	BRA         L__Lcd_Cmd31
0x00DE	0x948C      	BCF         LCD_D7, BitPos(LCD_D7+0) 
0x00E0	0xD001      	BRA         L__Lcd_Cmd32
L__Lcd_Cmd31:
0x00E2	0x848C      	BSF         LCD_D7, BitPos(LCD_D7+0) 
L__Lcd_Cmd32:
;__Lib_Lcd.c,34 :: 		
0x00E4	0xB56D      	BTFSC       FARG_Lcd_Cmd_out_char, 2, 1
0x00E6	0xD002      	BRA         L__Lcd_Cmd33
0x00E8	0x968C      	BCF         LCD_D6, BitPos(LCD_D6+0) 
0x00EA	0xD001      	BRA         L__Lcd_Cmd34
L__Lcd_Cmd33:
0x00EC	0x868C      	BSF         LCD_D6, BitPos(LCD_D6+0) 
L__Lcd_Cmd34:
;__Lib_Lcd.c,35 :: 		
0x00EE	0xB36D      	BTFSC       FARG_Lcd_Cmd_out_char, 1, 1
0x00F0	0xD002      	BRA         L__Lcd_Cmd35
0x00F2	0x988C      	BCF         LCD_D5, BitPos(LCD_D5+0) 
0x00F4	0xD001      	BRA         L__Lcd_Cmd36
L__Lcd_Cmd35:
0x00F6	0x888C      	BSF         LCD_D5, BitPos(LCD_D5+0) 
L__Lcd_Cmd36:
;__Lib_Lcd.c,36 :: 		
0x00F8	0xB16D      	BTFSC       FARG_Lcd_Cmd_out_char, 0, 1
0x00FA	0xD002      	BRA         L__Lcd_Cmd37
0x00FC	0x9A8C      	BCF         LCD_D4, BitPos(LCD_D4+0) 
0x00FE	0xD001      	BRA         L__Lcd_Cmd38
L__Lcd_Cmd37:
0x0100	0x8A8C      	BSF         LCD_D4, BitPos(LCD_D4+0) 
L__Lcd_Cmd38:
;__Lib_Lcd.c,38 :: 		
0x0102	0xB041      	BTFSC       __Lib_Lcd_cmd_status, BitPos(__Lib_Lcd_cmd_status+0) 
0x0104	0xD002      	BRA         L__Lcd_Cmd39
0x0106	0x8E8C      	BSF         LCD_RS, BitPos(LCD_RS+0) 
0x0108	0xD001      	BRA         L__Lcd_Cmd40
L__Lcd_Cmd39:
0x010A	0x9E8C      	BCF         LCD_RS, BitPos(LCD_RS+0) 
L__Lcd_Cmd40:
;__Lib_Lcd.c,40 :: 		
0x010C	0x8C8C      	BSF         LCD_EN, BitPos(LCD_EN+0) 
;__Lib_Lcd.c,41 :: 		
0x010E	0xDFA6      	RCALL       _Delay_1us
;__Lib_Lcd.c,42 :: 		
0x0110	0x9C8C      	BCF         LCD_EN, BitPos(LCD_EN+0) 
;__Lib_Lcd.c,44 :: 		
0x0112	0xA041      	BTFSS       __Lib_Lcd_cmd_status, BitPos(__Lib_Lcd_cmd_status+0) 
0x0114	0xD002      	BRA         L_Lcd_Cmd0
;__Lib_Lcd.c,45 :: 		
0x0116	0xDF97      	RCALL       _Delay_5500us
0x0118	0xD001      	BRA         L_Lcd_Cmd1
L_Lcd_Cmd0:
;__Lib_Lcd.c,47 :: 		
0x011A	0xDF8E      	RCALL       _Delay_50us
L_Lcd_Cmd1:
;__Lib_Lcd.c,48 :: 		
L_end_Lcd_Cmd:
0x011C	0x0012      	RETURN      0
; end of _Lcd_Cmd
_UART1_Init:
;__Lib_UART_c67.c,15 :: 		
;__Lib_UART_c67.c,18 :: 		
0x011E	0x0EFF      	MOVLW       _UART1_Write
0x0120	0x6E4B      	MOVWF       _UART_Wr_Ptr 
0x0122	0x0EFF      	MOVLW       hi_addr(_UART1_Write)
0x0124	0x6E4C      	MOVWF       _UART_Wr_Ptr+1 
0x0126	0x0EFF      	MOVLW       FARG_UART1_Write_data_
0x0128	0x6E4D      	MOVWF       _UART_Wr_Ptr+2 
0x012A	0x0EFF      	MOVLW       hi_addr(FARG_UART1_Write_data_)
0x012C	0x6E4E      	MOVWF       _UART_Wr_Ptr+3 
;__Lib_UART_c67.c,19 :: 		
0x012E	0x0EFF      	MOVLW       _UART1_Read
0x0130	0x6E4F      	MOVWF       _UART_Rd_Ptr 
0x0132	0x0EFF      	MOVLW       hi_addr(_UART1_Read)
0x0134	0x6E50      	MOVWF       _UART_Rd_Ptr+1 
0x0136	0x0E00      	MOVLW       0
0x0138	0x6E51      	MOVWF       _UART_Rd_Ptr+2 
0x013A	0x0E00      	MOVLW       0
0x013C	0x6E52      	MOVWF       _UART_Rd_Ptr+3 
;__Lib_UART_c67.c,20 :: 		
0x013E	0x0EFF      	MOVLW       _UART1_Data_Ready
0x0140	0x6E53      	MOVWF       _UART_Rdy_Ptr 
0x0142	0x0EFF      	MOVLW       hi_addr(_UART1_Data_Ready)
0x0144	0x6E54      	MOVWF       _UART_Rdy_Ptr+1 
0x0146	0x0E00      	MOVLW       0
0x0148	0x6E55      	MOVWF       _UART_Rdy_Ptr+2 
0x014A	0x0E00      	MOVLW       0
0x014C	0x6E56      	MOVWF       _UART_Rdy_Ptr+3 
;__Lib_UART_c67.c,21 :: 		
0x014E	0x0EFF      	MOVLW       _UART1_Tx_Idle
0x0150	0x6E57      	MOVWF       _UART_Tx_Idle_Ptr 
0x0152	0x0EFF      	MOVLW       hi_addr(_UART1_Tx_Idle)
0x0154	0x6E58      	MOVWF       _UART_Tx_Idle_Ptr+1 
0x0156	0x0E00      	MOVLW       0
0x0158	0x6E59      	MOVWF       _UART_Tx_Idle_Ptr+2 
0x015A	0x0E00      	MOVLW       0
0x015C	0x6E5A      	MOVWF       _UART_Tx_Idle_Ptr+3 
;__Lib_UART_c67.c,23 :: 		
0x015E	0x8AAC      	BSF         TXSTA, 5 
;__Lib_UART_c67.c,24 :: 		
0x0160	0x0E90      	MOVLW       144
0x0162	0x6EAB      	MOVWF       RCSTA 
;__Lib_UART_c67.c,25 :: 		
0x0164	0x8E94      	BSF         TRISC7_bit, BitPos(TRISC7_bit+0) 
;__Lib_UART_c67.c,26 :: 		
0x0166	0x9C94      	BCF         TRISC6_bit, BitPos(TRISC6_bit+0) 
;__Lib_UART_c67.c,28 :: 		
L_UART1_Init0:
0x0168	0xAA9E      	BTFSS       PIR1, 5 
0x016A	0xD003      	BRA         L_UART1_Init1
;__Lib_UART_c67.c,29 :: 		
0x016C	0xF000CFAE  	MOVFF       RCREG, R0
0x0170	0xD7FB      	BRA         L_UART1_Init0
L_UART1_Init1:
;__Lib_UART_c67.c,30 :: 		
L_end_UART1_Init:
0x0172	0x0012      	RETURN      0
; end of _UART1_Init
_WordToStr:
;__Lib_Conversions.c,98 :: 		
;__Lib_Conversions.c,103 :: 		
0x0174	0x0100      	MOVLB       0
0x0176	0x6B60      	CLRF        WordToStr_len_L0, 1
L_WordToStr11:
0x0178	0x0E05      	MOVLW       5
0x017A	0x5D60      	SUBWF       WordToStr_len_L0, 0, 1
0x017C	0xE20A      	BC          L_WordToStr12
;__Lib_Conversions.c,104 :: 		
0x017E	0x5160      	MOVF        WordToStr_len_L0, 0, 1
0x0180	0x2569      	ADDWF       FARG_WordToStr_output, 0, 1
0x0182	0x6EE1      	MOVWF       FSR1L 
0x0184	0x0E00      	MOVLW       0
0x0186	0x216A      	ADDWFC      FARG_WordToStr_output+1, 0, 1
0x0188	0x6EE2      	MOVWF       FSR1L+1 
0x018A	0x0E20      	MOVLW       32
0x018C	0x6EE6      	MOVWF       POSTINC1 
;__Lib_Conversions.c,103 :: 		
0x018E	0x2B60      	INCF        WordToStr_len_L0, 1, 1
;__Lib_Conversions.c,104 :: 		
0x0190	0xD7F3      	BRA         L_WordToStr11
L_WordToStr12:
;__Lib_Conversions.c,105 :: 		
0x0192	0x5160      	MOVF        WordToStr_len_L0, 0, 1
0x0194	0x2569      	ADDWF       FARG_WordToStr_output, 0, 1
0x0196	0x6EE1      	MOVWF       FSR1L 
0x0198	0x0E00      	MOVLW       0
0x019A	0x216A      	ADDWFC      FARG_WordToStr_output+1, 0, 1
0x019C	0x6EE2      	MOVWF       FSR1L+1 
0x019E	0x6AE6      	CLRF        POSTINC1 
0x01A0	0x0760      	DECF        WordToStr_len_L0, 1, 1
;__Lib_Conversions.c,107 :: 		
L_WordToStr14:
;__Lib_Conversions.c,108 :: 		
0x01A2	0x5160      	MOVF        WordToStr_len_L0, 0, 1
0x01A4	0x2569      	ADDWF       FARG_WordToStr_output, 0, 1
0x01A6	0x6F6B      	MOVWF       FLOC__WordToStr, 1
0x01A8	0x0E00      	MOVLW       0
0x01AA	0x216A      	ADDWFC      FARG_WordToStr_output+1, 0, 1
0x01AC	0x6F6C      	MOVWF       FLOC__WordToStr+1, 1
0x01AE	0x0E0A      	MOVLW       10
0x01B0	0x6E04      	MOVWF       R4 
0x01B2	0x0E00      	MOVLW       0
0x01B4	0x6E05      	MOVWF       R5 
0x01B6	0xF000C067  	MOVFF       FARG_WordToStr_input, R0
0x01BA	0xF001C068  	MOVFF       FARG_WordToStr_input+1, R1
0x01BE	0xDF55      	RCALL       _Div_16X16_U
0x01C0	0xF000C008  	MOVFF       R8, R0
0x01C4	0xF001C009  	MOVFF       R9, R1
0x01C8	0x0E30      	MOVLW       48
0x01CA	0x2600      	ADDWF       R0, 1 
0x01CC	0xFFE1C06B  	MOVFF       FLOC__WordToStr, FSR1L
0x01D0	0xFFE2C06C  	MOVFF       FLOC__WordToStr+1, FSR1H
0x01D4	0xFFE6C000  	MOVFF       R0, POSTINC1
;__Lib_Conversions.c,109 :: 		
0x01D8	0x0E0A      	MOVLW       10
0x01DA	0x6E04      	MOVWF       R4 
0x01DC	0x0E00      	MOVLW       0
0x01DE	0x6E05      	MOVWF       R5 
0x01E0	0xF000C067  	MOVFF       FARG_WordToStr_input, R0
0x01E4	0xF001C068  	MOVFF       FARG_WordToStr_input+1, R1
0x01E8	0xDF40      	RCALL       _Div_16X16_U
0x01EA	0xF067C000  	MOVFF       R0, FARG_WordToStr_input
0x01EE	0xF068C001  	MOVFF       R1, FARG_WordToStr_input+1
;__Lib_Conversions.c,110 :: 		
0x01F2	0x0E00      	MOVLW       0
0x01F4	0x1801      	XORWF       R1, 0 
0x01F6	0xE102      	BNZ         L__WordToStr379
0x01F8	0x0E00      	MOVLW       0
0x01FA	0x1800      	XORWF       R0, 0 
L__WordToStr379:
0x01FC	0xE101      	BNZ         L_WordToStr16
;__Lib_Conversions.c,111 :: 		
0x01FE	0xD002      	BRA         L_WordToStr15
L_WordToStr16:
;__Lib_Conversions.c,112 :: 		
0x0200	0x0760      	DECF        WordToStr_len_L0, 1, 1
;__Lib_Conversions.c,113 :: 		
0x0202	0xD7CF      	BRA         L_WordToStr14
L_WordToStr15:
;__Lib_Conversions.c,114 :: 		
L_end_WordToStr:
0x0204	0x0012      	RETURN      0
; end of _WordToStr
_Lcd_Chr_CP:
;__Lib_Lcd.c,50 :: 		
;__Lib_Lcd.c,52 :: 		
0x0206	0x9041      	BCF         __Lib_Lcd_cmd_status, BitPos(__Lib_Lcd_cmd_status+0) 
;__Lib_Lcd.c,53 :: 		
0x0208	0xF06DC060  	MOVFF       FARG_Lcd_Chr_CP_out_char, FARG_Lcd_Cmd_out_char
0x020C	0xDF49      	RCALL       _Lcd_Cmd
;__Lib_Lcd.c,54 :: 		
0x020E	0x8041      	BSF         __Lib_Lcd_cmd_status, BitPos(__Lib_Lcd_cmd_status+0) 
;__Lib_Lcd.c,55 :: 		
L_end_Lcd_Chr_CP:
0x0210	0x0012      	RETURN      0
; end of _Lcd_Chr_CP
_InitTimer2:
;initialize.c,2 :: 		void InitTimer2(){
;initialize.c,3 :: 		T2CON      = 0x76;
0x0212	0x0E76      	MOVLW       118
0x0214	0x6EBA      	MOVWF       T2CON 
;initialize.c,4 :: 		TMR2IE_bit = 1;
0x0216	0x829D      	BSF         TMR2IE_bit, BitPos(TMR2IE_bit+0) 
;initialize.c,5 :: 		PR2        = 250;
0x0218	0x0EFA      	MOVLW       250
0x021A	0x6EBB      	MOVWF       PR2 
;initialize.c,6 :: 		INTCON     = 0xC0;
0x021C	0x0EC0      	MOVLW       192
0x021E	0x6EF2      	MOVWF       INTCON 
;initialize.c,7 :: 		}
L_end_InitTimer2:
0x0220	0x0012      	RETURN      0
; end of _InitTimer2
_Lcd_Init:
;__Lib_Lcd.c,84 :: 		
;__Lib_Lcd.c,86 :: 		
0x0222	0x9C95      	BCF         LCD_EN_Direction, BitPos(LCD_EN_Direction+0) 
;__Lib_Lcd.c,87 :: 		
0x0224	0x9E95      	BCF         LCD_RS_Direction, BitPos(LCD_RS_Direction+0) 
;__Lib_Lcd.c,88 :: 		
0x0226	0x9495      	BCF         LCD_D4_Direction, BitPos(LCD_D4_Direction+0) 
;__Lib_Lcd.c,89 :: 		
0x0228	0x9695      	BCF         LCD_D5_Direction, BitPos(LCD_D5_Direction+0) 
;__Lib_Lcd.c,90 :: 		
0x022A	0x9895      	BCF         LCD_D6_Direction, BitPos(LCD_D6_Direction+0) 
;__Lib_Lcd.c,91 :: 		
0x022C	0x9A95      	BCF         LCD_D7_Direction, BitPos(LCD_D7_Direction+0) 
;__Lib_Lcd.c,93 :: 		
0x022E	0x9C8C      	BCF         LCD_EN, BitPos(LCD_EN+0) 
;__Lib_Lcd.c,94 :: 		
0x0230	0x9E8C      	BCF         LCD_RS, BitPos(LCD_RS+0) 
;__Lib_Lcd.c,95 :: 		
0x0232	0x948C      	BCF         LCD_D7, BitPos(LCD_D7+0) 
;__Lib_Lcd.c,96 :: 		
0x0234	0x968C      	BCF         LCD_D6, BitPos(LCD_D6+0) 
;__Lib_Lcd.c,97 :: 		
0x0236	0x988C      	BCF         LCD_D5, BitPos(LCD_D5+0) 
;__Lib_Lcd.c,98 :: 		
0x0238	0x9A8C      	BCF         LCD_D4, BitPos(LCD_D4+0) 
;__Lib_Lcd.c,100 :: 		
0x023A	0xDF05      	RCALL       _Delay_5500us
;__Lib_Lcd.c,101 :: 		
0x023C	0xDF04      	RCALL       _Delay_5500us
;__Lib_Lcd.c,102 :: 		
0x023E	0xDF03      	RCALL       _Delay_5500us
;__Lib_Lcd.c,105 :: 		
0x0240	0x888C      	BSF         LCD_D5, BitPos(LCD_D5+0) 
;__Lib_Lcd.c,106 :: 		
0x0242	0x8A8C      	BSF         LCD_D4, BitPos(LCD_D4+0) 
;__Lib_Lcd.c,107 :: 		
0x0244	0x8C8C      	BSF         LCD_EN, BitPos(LCD_EN+0) 
;__Lib_Lcd.c,108 :: 		
0x0246	0xDF0A      	RCALL       _Delay_1us
;__Lib_Lcd.c,109 :: 		
0x0248	0x9C8C      	BCF         LCD_EN, BitPos(LCD_EN+0) 
;__Lib_Lcd.c,110 :: 		
0x024A	0xDEFD      	RCALL       _Delay_5500us
;__Lib_Lcd.c,112 :: 		
0x024C	0x8C8C      	BSF         LCD_EN, BitPos(LCD_EN+0) 
;__Lib_Lcd.c,113 :: 		
0x024E	0xDF06      	RCALL       _Delay_1us
;__Lib_Lcd.c,114 :: 		
0x0250	0x9C8C      	BCF         LCD_EN, BitPos(LCD_EN+0) 
;__Lib_Lcd.c,115 :: 		
0x0252	0xDEF9      	RCALL       _Delay_5500us
;__Lib_Lcd.c,117 :: 		
0x0254	0x8C8C      	BSF         LCD_EN, BitPos(LCD_EN+0) 
;__Lib_Lcd.c,118 :: 		
0x0256	0xDF02      	RCALL       _Delay_1us
;__Lib_Lcd.c,119 :: 		
0x0258	0x9C8C      	BCF         LCD_EN, BitPos(LCD_EN+0) 
;__Lib_Lcd.c,120 :: 		
0x025A	0xDEF5      	RCALL       _Delay_5500us
;__Lib_Lcd.c,123 :: 		
0x025C	0x9A8C      	BCF         LCD_D4, BitPos(LCD_D4+0) 
;__Lib_Lcd.c,124 :: 		
0x025E	0x8C8C      	BSF         LCD_EN, BitPos(LCD_EN+0) 
;__Lib_Lcd.c,125 :: 		
0x0260	0xDEFD      	RCALL       _Delay_1us
;__Lib_Lcd.c,126 :: 		
0x0262	0x9C8C      	BCF         LCD_EN, BitPos(LCD_EN+0) 
;__Lib_Lcd.c,127 :: 		
0x0264	0xDEF0      	RCALL       _Delay_5500us
;__Lib_Lcd.c,130 :: 		
0x0266	0x8C8C      	BSF         LCD_EN, BitPos(LCD_EN+0) 
;__Lib_Lcd.c,131 :: 		
0x0268	0xDEF9      	RCALL       _Delay_1us
;__Lib_Lcd.c,132 :: 		
0x026A	0x9C8C      	BCF         LCD_EN, BitPos(LCD_EN+0) 
;__Lib_Lcd.c,134 :: 		
0x026C	0x988C      	BCF         LCD_D5, BitPos(LCD_D5+0) 
;__Lib_Lcd.c,135 :: 		
0x026E	0x848C      	BSF         LCD_D7, BitPos(LCD_D7+0) 
;__Lib_Lcd.c,136 :: 		
0x0270	0x8C8C      	BSF         LCD_EN, BitPos(LCD_EN+0) 
;__Lib_Lcd.c,137 :: 		
0x0272	0xDEF4      	RCALL       _Delay_1us
;__Lib_Lcd.c,138 :: 		
0x0274	0x9C8C      	BCF         LCD_EN, BitPos(LCD_EN+0) 
;__Lib_Lcd.c,139 :: 		
0x0276	0xDEE7      	RCALL       _Delay_5500us
;__Lib_Lcd.c,142 :: 		
0x0278	0x948C      	BCF         LCD_D7, BitPos(LCD_D7+0) 
;__Lib_Lcd.c,143 :: 		
0x027A	0x8A8C      	BSF         LCD_D4, BitPos(LCD_D4+0) 
;__Lib_Lcd.c,144 :: 		
0x027C	0x8C8C      	BSF         LCD_EN, BitPos(LCD_EN+0) 
;__Lib_Lcd.c,145 :: 		
0x027E	0xDEEE      	RCALL       _Delay_1us
;__Lib_Lcd.c,146 :: 		
0x0280	0x9C8C      	BCF         LCD_EN, BitPos(LCD_EN+0) 
;__Lib_Lcd.c,148 :: 		
0x0282	0x9A8C      	BCF         LCD_D4, BitPos(LCD_D4+0) 
;__Lib_Lcd.c,149 :: 		
0x0284	0x8C8C      	BSF         LCD_EN, BitPos(LCD_EN+0) 
;__Lib_Lcd.c,150 :: 		
0x0286	0xDEEA      	RCALL       _Delay_1us
;__Lib_Lcd.c,151 :: 		
0x0288	0x9C8C      	BCF         LCD_EN, BitPos(LCD_EN+0) 
;__Lib_Lcd.c,152 :: 		
0x028A	0xDEDD      	RCALL       _Delay_5500us
;__Lib_Lcd.c,155 :: 		
0x028C	0x8C8C      	BSF         LCD_EN, BitPos(LCD_EN+0) 
;__Lib_Lcd.c,156 :: 		
0x028E	0xDEE6      	RCALL       _Delay_1us
;__Lib_Lcd.c,157 :: 		
0x0290	0x9C8C      	BCF         LCD_EN, BitPos(LCD_EN+0) 
;__Lib_Lcd.c,159 :: 		
0x0292	0x8A8C      	BSF         LCD_D4, BitPos(LCD_D4+0) 
;__Lib_Lcd.c,160 :: 		
0x0294	0x8C8C      	BSF         LCD_EN, BitPos(LCD_EN+0) 
;__Lib_Lcd.c,161 :: 		
0x0296	0xDEE2      	RCALL       _Delay_1us
;__Lib_Lcd.c,162 :: 		
0x0298	0x9C8C      	BCF         LCD_EN, BitPos(LCD_EN+0) 
;__Lib_Lcd.c,163 :: 		
0x029A	0xDED5      	RCALL       _Delay_5500us
;__Lib_Lcd.c,166 :: 		
0x029C	0x9A8C      	BCF         LCD_D4, BitPos(LCD_D4+0) 
;__Lib_Lcd.c,167 :: 		
0x029E	0x8C8C      	BSF         LCD_EN, BitPos(LCD_EN+0) 
;__Lib_Lcd.c,168 :: 		
0x02A0	0xDEDD      	RCALL       _Delay_1us
;__Lib_Lcd.c,169 :: 		
0x02A2	0x9C8C      	BCF         LCD_EN, BitPos(LCD_EN+0) 
;__Lib_Lcd.c,171 :: 		
0x02A4	0x848C      	BSF         LCD_D7, BitPos(LCD_D7+0) 
;__Lib_Lcd.c,172 :: 		
0x02A6	0x868C      	BSF         LCD_D6, BitPos(LCD_D6+0) 
;__Lib_Lcd.c,173 :: 		
0x02A8	0x888C      	BSF         LCD_D5, BitPos(LCD_D5+0) 
;__Lib_Lcd.c,174 :: 		
0x02AA	0x8A8C      	BSF         LCD_D4, BitPos(LCD_D4+0) 
;__Lib_Lcd.c,175 :: 		
0x02AC	0x8C8C      	BSF         LCD_EN, BitPos(LCD_EN+0) 
;__Lib_Lcd.c,176 :: 		
0x02AE	0xDED6      	RCALL       _Delay_1us
;__Lib_Lcd.c,177 :: 		
0x02B0	0x9C8C      	BCF         LCD_EN, BitPos(LCD_EN+0) 
;__Lib_Lcd.c,179 :: 		
0x02B2	0xDEC9      	RCALL       _Delay_5500us
;__Lib_Lcd.c,181 :: 		
0x02B4	0x8041      	BSF         __Lib_Lcd_cmd_status, BitPos(__Lib_Lcd_cmd_status+0) 
;__Lib_Lcd.c,182 :: 		
L_end_Lcd_Init:
0x02B6	0x0012      	RETURN      0
; end of _Lcd_Init
_InitMCU:
;initialize.c,9 :: 		void InitMCU(){
;initialize.c,11 :: 		TRISA=0b00101010;// [][][DIPSW][LED][TRIMPOT2][BUZZER][TRIMPOT1][RELAY]
0x02B8	0x0E2A      	MOVLW       42
0x02BA	0x6E92      	MOVWF       TRISA 
;initialize.c,12 :: 		TRISB=0b11100100;// [BUTTON_ESC][BUTTON_DOWN][BUTTON_UP][IN4][DS][BUTTON_MENU][][]
0x02BC	0x0EE4      	MOVLW       228
0x02BE	0x6E93      	MOVWF       TRISB 
;initialize.c,13 :: 		TRISC=0b10000001;// [RXD][TXD][][][][LEDG-IN3][EXT_OUT][EXT_IN]
0x02C0	0x0E81      	MOVLW       129
0x02C2	0x6E94      	MOVWF       TRISC 
;initialize.c,14 :: 		TRISD=0b00000000;// [LCD_RS][LCD_EN][LCD_D4][LCD_D5][LCD_D6][LCD_D7][LEDB-IN1][LEDR-IN2]
0x02C4	0x6A95      	CLRF        TRISD 
;initialize.c,15 :: 		TRISE=0b00000000;// [][][][][][SH_CP][ST_CP][DS18B20]
0x02C6	0x6A96      	CLRF        TRISE 
;initialize.c,18 :: 		ANSELA=0b00001010;// [][][][][TRIMPOT2][][TRIMPOT1][]
0x02C8	0x0E0A      	MOVLW       10
0x02CA	0x010F      	MOVLB       15
0x02CC	0x6F5B      	MOVWF       ANSELA, 1
;initialize.c,19 :: 		ANSELB=0b00000000;// [][][][][][][][]
0x02CE	0x6B5C      	CLRF        ANSELB, 1
;initialize.c,20 :: 		ANSELC=0b00000000;// [][][][][][][][]
0x02D0	0x6B5D      	CLRF        ANSELC, 1
;initialize.c,21 :: 		ANSELD=0b00000000;// [][][][][][][][]
0x02D2	0x6B5E      	CLRF        ANSELD, 1
;initialize.c,22 :: 		ANSELE=0b00000000;// [][][][][][][][]
0x02D4	0x6B5F      	CLRF        ANSELE, 1
;initialize.c,25 :: 		LATA=0x00;
0x02D6	0x6A89      	CLRF        LATA 
;initialize.c,26 :: 		LATB=0x00;
0x02D8	0x6A8A      	CLRF        LATB 
;initialize.c,27 :: 		LATC=0x00;
0x02DA	0x6A8B      	CLRF        LATC 
;initialize.c,28 :: 		LATD=0x00;
0x02DC	0x6A8C      	CLRF        LATD 
;initialize.c,29 :: 		LATE=0x00;
0x02DE	0x6A8D      	CLRF        LATE 
;initialize.c,32 :: 		InitTimer2();
0x02E0	0xDF98      	RCALL       _InitTimer2
;initialize.c,35 :: 		UART1_Init(9600);
0x02E2	0x86B8      	BSF         BAUDCON, 3, 0
0x02E4	0x0E04      	MOVLW       4
0x02E6	0x6EB0      	MOVWF       SPBRGH 
0x02E8	0x0EE1      	MOVLW       225
0x02EA	0x6EAF      	MOVWF       SPBRG 
0x02EC	0x84AC      	BSF         TXSTA, 2, 0
0x02EE	0xDF17      	RCALL       _UART1_Init
;initialize.c,38 :: 		Lcd_Init();
0x02F0	0xDF98      	RCALL       _Lcd_Init
;initialize.c,39 :: 		Lcd_Cmd(_LCD_CURSOR_OFF);
0x02F2	0x0E0C      	MOVLW       12
0x02F4	0x0100      	MOVLB       0
0x02F6	0x6F6D      	MOVWF       FARG_Lcd_Cmd_out_char, 1
0x02F8	0xDED3      	RCALL       _Lcd_Cmd
;initialize.c,40 :: 		Lcd_Cmd(_LCD_CLEAR);
0x02FA	0x0E01      	MOVLW       1
0x02FC	0x6F6D      	MOVWF       FARG_Lcd_Cmd_out_char, 1
0x02FE	0xDED0      	RCALL       _Lcd_Cmd
;initialize.c,43 :: 		TRISC1_bit=1;          // PWM çikisini Capture modu için giris olarak guncelliyoruz
0x0300	0x8294      	BSF         TRISC1_bit, BitPos(TRISC1_bit+0) 
;initialize.c,47 :: 		CCP2CON=0b00000111;    // [-][-][DC1B1][DC1B0][CCP1M3][CCP1M2][CCP1M1][CCP1M0]   -> Capture Mode Every 16th Rising Edge
0x0302	0x0E07      	MOVLW       7
0x0304	0x6E97      	MOVWF       CCP2CON 
;initialize.c,48 :: 		CCP2IE_bit=1;          // CCP2 kesmesi aktif ediliyor
0x0306	0x80A0      	BSF         CCP2IE_bit, BitPos(CCP2IE_bit+0) 
;initialize.c,49 :: 		}
L_end_InitMCU:
0x0308	0x0012      	RETURN      0
; end of _InitMCU
___CC2DW:
;__Lib_System.c,21 :: 		
;__Lib_System.c,23 :: 		
_CC2DL_Loop1:
;__Lib_System.c,24 :: 		
0x030A	0x0009      	TBLRD*+
;__Lib_System.c,25 :: 		
0x030C	0xFFE6CFF5  	MOVFF       TABLAT, POSTINC1
;__Lib_System.c,26 :: 		
0x0310	0x0600      	DECF        R0, 1, 0
;__Lib_System.c,27 :: 		
0x0312	0xE1FB      	BNZ         _CC2DL_Loop1
;__Lib_System.c,28 :: 		
0x0314	0x0601      	DECF        R1, 1, 0
;__Lib_System.c,29 :: 		
0x0316	0xE1F9      	BNZ         _CC2DL_Loop1
;__Lib_System.c,31 :: 		
L_end___CC2DW:
0x0318	0x0012      	RETURN      0
; end of ___CC2DW
_UpdateExternalPorts:
;function.c,10 :: 		void UpdateExternalPorts(){
;function.c,13 :: 		if(LATI==0b00000000)
0x031A	0x5040      	MOVF        _LATI, 0 
0x031C	0x0A00      	XORLW       0
0x031E	0xE102      	BNZ         L_UpdateExternalPorts4
;function.c,14 :: 		LATI=0b00000001;
0x0320	0x0E01      	MOVLW       1
0x0322	0x6E40      	MOVWF       _LATI 
L_UpdateExternalPorts4:
;function.c,16 :: 		ST_CP=0;
0x0324	0x928D      	BCF         LATE1_bit, BitPos(LATE1_bit+0) 
;function.c,17 :: 		SH_CP=0;
0x0326	0x948D      	BCF         LATE2_bit, BitPos(LATE2_bit+0) 
;function.c,18 :: 		DS=0;
0x0328	0x968A      	BCF         LATB3_bit, BitPos(LATB3_bit+0) 
;function.c,21 :: 		buffer=LATF;
0x032A	0xF002C01A  	MOVFF       _LATF, R2
;function.c,22 :: 		for(i=0;i<8;i++){
0x032E	0x6A01      	CLRF        R1 
L_UpdateExternalPorts5:
0x0330	0x0E08      	MOVLW       8
0x0332	0x5C01      	SUBWF       R1, 0 
0x0334	0xE20C      	BC          L_UpdateExternalPorts6
;function.c,23 :: 		if(buffer.B7)
0x0336	0xAE02      	BTFSS       R2, 7 
0x0338	0xD002      	BRA         L_UpdateExternalPorts8
;function.c,24 :: 		DS=1;
0x033A	0x868A      	BSF         LATB3_bit, BitPos(LATB3_bit+0) 
0x033C	0xD001      	BRA         L_UpdateExternalPorts9
L_UpdateExternalPorts8:
;function.c,26 :: 		DS=0;
0x033E	0x968A      	BCF         LATB3_bit, BitPos(LATB3_bit+0) 
L_UpdateExternalPorts9:
;function.c,28 :: 		SH_CP=1;
0x0340	0x848D      	BSF         LATE2_bit, BitPos(LATE2_bit+0) 
;function.c,29 :: 		asm nop;
0x0342	0x0000      	NOP
;function.c,30 :: 		SH_CP=0;
0x0344	0x948D      	BCF         LATE2_bit, BitPos(LATE2_bit+0) 
;function.c,32 :: 		buffer<<=1;
0x0346	0x3602      	RLCF        R2, 1 
0x0348	0x9002      	BCF         R2, 0 
;function.c,22 :: 		for(i=0;i<8;i++){
0x034A	0x2A01      	INCF        R1, 1 
;function.c,33 :: 		}
0x034C	0xD7F1      	BRA         L_UpdateExternalPorts5
L_UpdateExternalPorts6:
;function.c,36 :: 		buffer=LATG;
0x034E	0xF002C018  	MOVFF       _LATG, R2
;function.c,37 :: 		for(i=0;i<8;i++){
0x0352	0x6A01      	CLRF        R1 
L_UpdateExternalPorts10:
0x0354	0x0E08      	MOVLW       8
0x0356	0x5C01      	SUBWF       R1, 0 
0x0358	0xE20C      	BC          L_UpdateExternalPorts11
;function.c,38 :: 		if(buffer.B7)
0x035A	0xAE02      	BTFSS       R2, 7 
0x035C	0xD002      	BRA         L_UpdateExternalPorts13
;function.c,39 :: 		DS=1;
0x035E	0x868A      	BSF         LATB3_bit, BitPos(LATB3_bit+0) 
0x0360	0xD001      	BRA         L_UpdateExternalPorts14
L_UpdateExternalPorts13:
;function.c,41 :: 		DS=0;
0x0362	0x968A      	BCF         LATB3_bit, BitPos(LATB3_bit+0) 
L_UpdateExternalPorts14:
;function.c,43 :: 		SH_CP=1;
0x0364	0x848D      	BSF         LATE2_bit, BitPos(LATE2_bit+0) 
;function.c,44 :: 		asm nop;
0x0366	0x0000      	NOP
;function.c,45 :: 		SH_CP=0;
0x0368	0x948D      	BCF         LATE2_bit, BitPos(LATE2_bit+0) 
;function.c,47 :: 		buffer<<=1;
0x036A	0x3602      	RLCF        R2, 1 
0x036C	0x9002      	BCF         R2, 0 
;function.c,37 :: 		for(i=0;i<8;i++){
0x036E	0x2A01      	INCF        R1, 1 
;function.c,48 :: 		}
0x0370	0xD7F1      	BRA         L_UpdateExternalPorts10
L_UpdateExternalPorts11:
;function.c,51 :: 		buffer=LATH;
0x0372	0xF002C019  	MOVFF       _LATH, R2
;function.c,52 :: 		for(i=0;i<8;i++){
0x0376	0x6A01      	CLRF        R1 
L_UpdateExternalPorts15:
0x0378	0x0E08      	MOVLW       8
0x037A	0x5C01      	SUBWF       R1, 0 
0x037C	0xE20C      	BC          L_UpdateExternalPorts16
;function.c,53 :: 		if(buffer.B7)
0x037E	0xAE02      	BTFSS       R2, 7 
0x0380	0xD002      	BRA         L_UpdateExternalPorts18
;function.c,54 :: 		DS=1;
0x0382	0x868A      	BSF         LATB3_bit, BitPos(LATB3_bit+0) 
0x0384	0xD001      	BRA         L_UpdateExternalPorts19
L_UpdateExternalPorts18:
;function.c,56 :: 		DS=0;
0x0386	0x968A      	BCF         LATB3_bit, BitPos(LATB3_bit+0) 
L_UpdateExternalPorts19:
;function.c,58 :: 		SH_CP=1;
0x0388	0x848D      	BSF         LATE2_bit, BitPos(LATE2_bit+0) 
;function.c,59 :: 		asm nop;
0x038A	0x0000      	NOP
;function.c,60 :: 		SH_CP=0;
0x038C	0x948D      	BCF         LATE2_bit, BitPos(LATE2_bit+0) 
;function.c,62 :: 		buffer<<=1;
0x038E	0x3602      	RLCF        R2, 1 
0x0390	0x9002      	BCF         R2, 0 
;function.c,52 :: 		for(i=0;i<8;i++){
0x0392	0x2A01      	INCF        R1, 1 
;function.c,63 :: 		}
0x0394	0xD7F1      	BRA         L_UpdateExternalPorts15
L_UpdateExternalPorts16:
;function.c,66 :: 		buffer=LATI;
0x0396	0xF002C040  	MOVFF       _LATI, R2
;function.c,67 :: 		for(i=0;i<8;i++){
0x039A	0x6A01      	CLRF        R1 
L_UpdateExternalPorts20:
0x039C	0x0E08      	MOVLW       8
0x039E	0x5C01      	SUBWF       R1, 0 
0x03A0	0xE20C      	BC          L_UpdateExternalPorts21
;function.c,68 :: 		if(buffer.B7)
0x03A2	0xAE02      	BTFSS       R2, 7 
0x03A4	0xD002      	BRA         L_UpdateExternalPorts23
;function.c,69 :: 		DS=1;
0x03A6	0x868A      	BSF         LATB3_bit, BitPos(LATB3_bit+0) 
0x03A8	0xD001      	BRA         L_UpdateExternalPorts24
L_UpdateExternalPorts23:
;function.c,71 :: 		DS=0;
0x03AA	0x968A      	BCF         LATB3_bit, BitPos(LATB3_bit+0) 
L_UpdateExternalPorts24:
;function.c,73 :: 		SH_CP=1;
0x03AC	0x848D      	BSF         LATE2_bit, BitPos(LATE2_bit+0) 
;function.c,74 :: 		asm nop;
0x03AE	0x0000      	NOP
;function.c,75 :: 		SH_CP=0;
0x03B0	0x948D      	BCF         LATE2_bit, BitPos(LATE2_bit+0) 
;function.c,77 :: 		buffer<<=1;
0x03B2	0x3602      	RLCF        R2, 1 
0x03B4	0x9002      	BCF         R2, 0 
;function.c,67 :: 		for(i=0;i<8;i++){
0x03B6	0x2A01      	INCF        R1, 1 
;function.c,78 :: 		}
0x03B8	0xD7F1      	BRA         L_UpdateExternalPorts20
L_UpdateExternalPorts21:
;function.c,79 :: 		ST_CP=1;
0x03BA	0x828D      	BSF         LATE1_bit, BitPos(LATE1_bit+0) 
;function.c,80 :: 		asm nop;
0x03BC	0x0000      	NOP
;function.c,81 :: 		ST_CP=0;
0x03BE	0x928D      	BCF         LATE1_bit, BitPos(LATE1_bit+0) 
;function.c,83 :: 		switch(LATI){
0x03C0	0xD030      	BRA         L_UpdateExternalPorts25
;function.c,84 :: 		case 0b00000001:
L_UpdateExternalPorts27:
;function.c,85 :: 		PORTI0_bit=DIPSW;
0x03C2	0xBA80      	BTFSC       RA5_bit, BitPos(RA5_bit+0) 
0x03C4	0xD002      	BRA         L__UpdateExternalPorts90
0x03C6	0x901B      	BCF         _PORTI, 0 
0x03C8	0xD001      	BRA         L__UpdateExternalPorts91
L__UpdateExternalPorts90:
0x03CA	0x801B      	BSF         _PORTI, 0 
L__UpdateExternalPorts91:
;function.c,86 :: 		break;
0x03CC	0xD042      	BRA         L_UpdateExternalPorts26
;function.c,87 :: 		case 0b00000010:
L_UpdateExternalPorts28:
;function.c,88 :: 		PORTI1_bit=DIPSW;
0x03CE	0xBA80      	BTFSC       RA5_bit, BitPos(RA5_bit+0) 
0x03D0	0xD002      	BRA         L__UpdateExternalPorts92
0x03D2	0x921B      	BCF         _PORTI, 1 
0x03D4	0xD001      	BRA         L__UpdateExternalPorts93
L__UpdateExternalPorts92:
0x03D6	0x821B      	BSF         _PORTI, 1 
L__UpdateExternalPorts93:
;function.c,89 :: 		break;
0x03D8	0xD03C      	BRA         L_UpdateExternalPorts26
;function.c,90 :: 		case 0b00000100:
L_UpdateExternalPorts29:
;function.c,91 :: 		PORTI2_bit=DIPSW;
0x03DA	0xBA80      	BTFSC       RA5_bit, BitPos(RA5_bit+0) 
0x03DC	0xD002      	BRA         L__UpdateExternalPorts94
0x03DE	0x941B      	BCF         _PORTI, 2 
0x03E0	0xD001      	BRA         L__UpdateExternalPorts95
L__UpdateExternalPorts94:
0x03E2	0x841B      	BSF         _PORTI, 2 
L__UpdateExternalPorts95:
;function.c,92 :: 		break;
0x03E4	0xD036      	BRA         L_UpdateExternalPorts26
;function.c,93 :: 		case 0b00001000:
L_UpdateExternalPorts30:
;function.c,94 :: 		PORTI3_bit=DIPSW;
0x03E6	0xBA80      	BTFSC       RA5_bit, BitPos(RA5_bit+0) 
0x03E8	0xD002      	BRA         L__UpdateExternalPorts96
0x03EA	0x961B      	BCF         _PORTI, 3 
0x03EC	0xD001      	BRA         L__UpdateExternalPorts97
L__UpdateExternalPorts96:
0x03EE	0x861B      	BSF         _PORTI, 3 
L__UpdateExternalPorts97:
;function.c,95 :: 		break;
0x03F0	0xD030      	BRA         L_UpdateExternalPorts26
;function.c,96 :: 		case 0b00010000:
L_UpdateExternalPorts31:
;function.c,97 :: 		PORTI4_bit=DIPSW;
0x03F2	0xBA80      	BTFSC       RA5_bit, BitPos(RA5_bit+0) 
0x03F4	0xD002      	BRA         L__UpdateExternalPorts98
0x03F6	0x981B      	BCF         _PORTI, 4 
0x03F8	0xD001      	BRA         L__UpdateExternalPorts99
L__UpdateExternalPorts98:
0x03FA	0x881B      	BSF         _PORTI, 4 
L__UpdateExternalPorts99:
;function.c,98 :: 		break;
0x03FC	0xD02A      	BRA         L_UpdateExternalPorts26
;function.c,99 :: 		case 0b00100000:
L_UpdateExternalPorts32:
;function.c,100 :: 		PORTI5_bit=DIPSW;
0x03FE	0xBA80      	BTFSC       RA5_bit, BitPos(RA5_bit+0) 
0x0400	0xD002      	BRA         L__UpdateExternalPorts100
0x0402	0x9A1B      	BCF         _PORTI, 5 
0x0404	0xD001      	BRA         L__UpdateExternalPorts101
L__UpdateExternalPorts100:
0x0406	0x8A1B      	BSF         _PORTI, 5 
L__UpdateExternalPorts101:
;function.c,101 :: 		break;
0x0408	0xD024      	BRA         L_UpdateExternalPorts26
;function.c,102 :: 		case 0b01000000:
L_UpdateExternalPorts33:
;function.c,103 :: 		PORTI6_bit=DIPSW;
0x040A	0xBA80      	BTFSC       RA5_bit, BitPos(RA5_bit+0) 
0x040C	0xD002      	BRA         L__UpdateExternalPorts102
0x040E	0x9C1B      	BCF         _PORTI, 6 
0x0410	0xD001      	BRA         L__UpdateExternalPorts103
L__UpdateExternalPorts102:
0x0412	0x8C1B      	BSF         _PORTI, 6 
L__UpdateExternalPorts103:
;function.c,104 :: 		break;
0x0414	0xD01E      	BRA         L_UpdateExternalPorts26
;function.c,105 :: 		case 0b10000000:
L_UpdateExternalPorts34:
;function.c,106 :: 		PORTI7_bit=DIPSW;
0x0416	0xBA80      	BTFSC       RA5_bit, BitPos(RA5_bit+0) 
0x0418	0xD002      	BRA         L__UpdateExternalPorts104
0x041A	0x9E1B      	BCF         _PORTI, 7 
0x041C	0xD001      	BRA         L__UpdateExternalPorts105
L__UpdateExternalPorts104:
0x041E	0x8E1B      	BSF         _PORTI, 7 
L__UpdateExternalPorts105:
;function.c,107 :: 		break;
0x0420	0xD018      	BRA         L_UpdateExternalPorts26
;function.c,108 :: 		}
L_UpdateExternalPorts25:
0x0422	0x5040      	MOVF        _LATI, 0 
0x0424	0x0A01      	XORLW       1
0x0426	0xE0CD      	BZ          L_UpdateExternalPorts27
0x0428	0x5040      	MOVF        _LATI, 0 
0x042A	0x0A02      	XORLW       2
0x042C	0xE0D0      	BZ          L_UpdateExternalPorts28
0x042E	0x5040      	MOVF        _LATI, 0 
0x0430	0x0A04      	XORLW       4
0x0432	0xE0D3      	BZ          L_UpdateExternalPorts29
0x0434	0x5040      	MOVF        _LATI, 0 
0x0436	0x0A08      	XORLW       8
0x0438	0xE0D6      	BZ          L_UpdateExternalPorts30
0x043A	0x5040      	MOVF        _LATI, 0 
0x043C	0x0A10      	XORLW       16
0x043E	0xE0D9      	BZ          L_UpdateExternalPorts31
0x0440	0x5040      	MOVF        _LATI, 0 
0x0442	0x0A20      	XORLW       32
0x0444	0xE0DC      	BZ          L_UpdateExternalPorts32
0x0446	0x5040      	MOVF        _LATI, 0 
0x0448	0x0A40      	XORLW       64
0x044A	0xE0DF      	BZ          L_UpdateExternalPorts33
0x044C	0x5040      	MOVF        _LATI, 0 
0x044E	0x0A80      	XORLW       128
0x0450	0xE0E2      	BZ          L_UpdateExternalPorts34
L_UpdateExternalPorts26:
;function.c,109 :: 		LATI<<=1;
0x0452	0x3640      	RLCF        _LATI, 1 
0x0454	0x9040      	BCF         _LATI, 0 
;function.c,110 :: 		}
L_end_UpdateExternalPorts:
0x0456	0x0012      	RETURN      0
; end of _UpdateExternalPorts
_Lcd_Out:
;__Lib_Lcd.c,184 :: 		
;__Lib_Lcd.c,187 :: 		
0x0458	0xD00F      	BRA         L_Lcd_Out11
;__Lib_Lcd.c,188 :: 		
L_Lcd_Out13:
0x045A	0x0E80      	MOVLW       128
0x045C	0x6E5B      	MOVWF       FARG_Lcd_Out_row 
0x045E	0xD019      	BRA         L_Lcd_Out12
;__Lib_Lcd.c,189 :: 		
L_Lcd_Out14:
0x0460	0x0EC0      	MOVLW       192
0x0462	0x6E5B      	MOVWF       FARG_Lcd_Out_row 
0x0464	0xD016      	BRA         L_Lcd_Out12
;__Lib_Lcd.c,190 :: 		
L_Lcd_Out15:
0x0466	0x0E94      	MOVLW       148
0x0468	0x6E5B      	MOVWF       FARG_Lcd_Out_row 
0x046A	0xD013      	BRA         L_Lcd_Out12
;__Lib_Lcd.c,191 :: 		
L_Lcd_Out16:
0x046C	0x0ED4      	MOVLW       212
0x046E	0x6E5B      	MOVWF       FARG_Lcd_Out_row 
0x0470	0xD010      	BRA         L_Lcd_Out12
;__Lib_Lcd.c,192 :: 		
L_Lcd_Out17:
0x0472	0x0E80      	MOVLW       128
0x0474	0x6E5B      	MOVWF       FARG_Lcd_Out_row 
;__Lib_Lcd.c,193 :: 		
0x0476	0xD00D      	BRA         L_Lcd_Out12
L_Lcd_Out11:
0x0478	0x505B      	MOVF        FARG_Lcd_Out_row, 0 
0x047A	0x0A01      	XORLW       1
0x047C	0xE0EE      	BZ          L_Lcd_Out13
0x047E	0x505B      	MOVF        FARG_Lcd_Out_row, 0 
0x0480	0x0A02      	XORLW       2
0x0482	0xE0EE      	BZ          L_Lcd_Out14
0x0484	0x505B      	MOVF        FARG_Lcd_Out_row, 0 
0x0486	0x0A03      	XORLW       3
0x0488	0xE0EE      	BZ          L_Lcd_Out15
0x048A	0x505B      	MOVF        FARG_Lcd_Out_row, 0 
0x048C	0x0A04      	XORLW       4
0x048E	0xE0EE      	BZ          L_Lcd_Out16
0x0490	0xD7F0      	BRA         L_Lcd_Out17
L_Lcd_Out12:
;__Lib_Lcd.c,194 :: 		
0x0492	0x045C      	DECF        FARG_Lcd_Out_column, 0 
0x0494	0x6E00      	MOVWF       R0 
0x0496	0x505B      	MOVF        FARG_Lcd_Out_row, 0 
0x0498	0x2600      	ADDWF       R0, 1 
0x049A	0xF05BC000  	MOVFF       R0, FARG_Lcd_Out_row
;__Lib_Lcd.c,196 :: 		
0x049E	0xF06DC000  	MOVFF       R0, FARG_Lcd_Cmd_out_char
0x04A2	0xDDFE      	RCALL       _Lcd_Cmd
;__Lib_Lcd.c,197 :: 		
0x04A4	0x9041      	BCF         __Lib_Lcd_cmd_status, BitPos(__Lib_Lcd_cmd_status+0) 
;__Lib_Lcd.c,198 :: 		
0x04A6	0x6A5F      	CLRF        Lcd_Out_i_L0 
;__Lib_Lcd.c,199 :: 		
L_Lcd_Out18:
0x04A8	0x505F      	MOVF        Lcd_Out_i_L0, 0 
0x04AA	0x245D      	ADDWF       FARG_Lcd_Out_text, 0 
0x04AC	0x6EE9      	MOVWF       FSR0L 
0x04AE	0x0E00      	MOVLW       0
0x04B0	0x205E      	ADDWFC      FARG_Lcd_Out_text+1, 0 
0x04B2	0x6EEA      	MOVWF       FSR0L+1 
0x04B4	0x52EE      	MOVF        POSTINC0, 1 
0x04B6	0xE00B      	BZ          L_Lcd_Out19
;__Lib_Lcd.c,200 :: 		
0x04B8	0x505F      	MOVF        Lcd_Out_i_L0, 0 
0x04BA	0x245D      	ADDWF       FARG_Lcd_Out_text, 0 
0x04BC	0x6EE9      	MOVWF       FSR0L 
0x04BE	0x0E00      	MOVLW       0
0x04C0	0x205E      	ADDWFC      FARG_Lcd_Out_text+1, 0 
0x04C2	0x6EEA      	MOVWF       FSR0L+1 
0x04C4	0xF060CFEE  	MOVFF       POSTINC0, FARG_Lcd_Chr_CP_out_char
0x04C8	0xDE9E      	RCALL       _Lcd_Chr_CP
0x04CA	0x2A5F      	INCF        Lcd_Out_i_L0, 1 
0x04CC	0xD7ED      	BRA         L_Lcd_Out18
L_Lcd_Out19:
;__Lib_Lcd.c,201 :: 		
0x04CE	0x8041      	BSF         __Lib_Lcd_cmd_status, BitPos(__Lib_Lcd_cmd_status+0) 
;__Lib_Lcd.c,202 :: 		
L_end_Lcd_Out:
0x04D0	0x0012      	RETURN      0
; end of _Lcd_Out
_IntToStr:
;__Lib_Conversions.c,195 :: 		
;__Lib_Conversions.c,201 :: 		
0x04D2	0x0100      	MOVLB       0
0x04D4	0x6B63      	CLRF        IntToStr_negative_L0, 1
0x04D6	0x6B64      	CLRF        IntToStr_negative_L0+1, 1
;__Lib_Conversions.c,202 :: 		
0x04D8	0xF065C05B  	MOVFF       FARG_IntToStr_input, IntToStr_inword_L0
0x04DC	0xF066C05C  	MOVFF       FARG_IntToStr_input+1, IntToStr_inword_L0+1
;__Lib_Conversions.c,203 :: 		
0x04E0	0x0E80      	MOVLW       128
0x04E2	0x185C      	XORWF       FARG_IntToStr_input+1, 0 
0x04E4	0x6E00      	MOVWF       R0 
0x04E6	0x0E80      	MOVLW       128
0x04E8	0x5C00      	SUBWF       R0, 0 
0x04EA	0xE102      	BNZ         L__IntToStr387
0x04EC	0x0E00      	MOVLW       0
0x04EE	0x5C5B      	SUBWF       FARG_IntToStr_input, 0 
L__IntToStr387:
0x04F0	0xE20B      	BC          L_IntToStr37
;__Lib_Conversions.c,204 :: 		
0x04F2	0x0E01      	MOVLW       1
0x04F4	0x6F63      	MOVWF       IntToStr_negative_L0, 1
0x04F6	0x0E00      	MOVLW       0
0x04F8	0x6F64      	MOVWF       IntToStr_negative_L0+1, 1
;__Lib_Conversions.c,205 :: 		
0x04FA	0x505B      	MOVF        FARG_IntToStr_input, 0 
0x04FC	0x0800      	SUBLW       0
0x04FE	0x6F65      	MOVWF       IntToStr_inword_L0, 1
0x0500	0xF066C05C  	MOVFF       FARG_IntToStr_input+1, IntToStr_inword_L0+1
0x0504	0x0E00      	MOVLW       0
0x0506	0x5766      	SUBFWB      IntToStr_inword_L0+1, 1, 1
;__Lib_Conversions.c,206 :: 		
L_IntToStr37:
;__Lib_Conversions.c,207 :: 		
0x0508	0xF067C065  	MOVFF       IntToStr_inword_L0, FARG_WordToStr_input
0x050C	0xF068C066  	MOVFF       IntToStr_inword_L0+1, FARG_WordToStr_input+1
0x0510	0xF069C05D  	MOVFF       FARG_IntToStr_output, FARG_WordToStr_output
0x0514	0xF06AC05E  	MOVFF       FARG_IntToStr_output+1, FARG_WordToStr_output+1
0x0518	0xDE2D      	RCALL       _WordToStr
;__Lib_Conversions.c,209 :: 		
0x051A	0x0E06      	MOVLW       6
0x051C	0x6F61      	MOVWF       IntToStr_i_L0, 1
0x051E	0x0E00      	MOVLW       0
0x0520	0x6F62      	MOVWF       IntToStr_i_L0+1, 1
;__Lib_Conversions.c,210 :: 		
L_IntToStr38:
0x0522	0x0E00      	MOVLW       0
0x0524	0x6E00      	MOVWF       R0 
0x0526	0x5162      	MOVF        IntToStr_i_L0+1, 0, 1
0x0528	0x5C00      	SUBWF       R0, 0 
0x052A	0xE102      	BNZ         L__IntToStr388
0x052C	0x5161      	MOVF        IntToStr_i_L0, 0, 1
0x052E	0x0800      	SUBLW       0
L__IntToStr388:
0x0530	0xE219      	BC          L_IntToStr39
;__Lib_Conversions.c,211 :: 		
0x0532	0x5161      	MOVF        IntToStr_i_L0, 0, 1
0x0534	0x245D      	ADDWF       FARG_IntToStr_output, 0 
0x0536	0x6EE1      	MOVWF       FSR1L 
0x0538	0x5162      	MOVF        IntToStr_i_L0+1, 0, 1
0x053A	0x205E      	ADDWFC      FARG_IntToStr_output+1, 0 
0x053C	0x6EE2      	MOVWF       FSR1L+1 
0x053E	0x0E01      	MOVLW       1
0x0540	0x5D61      	SUBWF       IntToStr_i_L0, 0, 1
0x0542	0x6E00      	MOVWF       R0 
0x0544	0x0E00      	MOVLW       0
0x0546	0x5962      	SUBWFB      IntToStr_i_L0+1, 0, 1
0x0548	0x6E01      	MOVWF       R1 
0x054A	0x5000      	MOVF        R0, 0 
0x054C	0x245D      	ADDWF       FARG_IntToStr_output, 0 
0x054E	0x6EE9      	MOVWF       FSR0L 
0x0550	0x5001      	MOVF        R1, 0 
0x0552	0x205E      	ADDWFC      FARG_IntToStr_output+1, 0 
0x0554	0x6EEA      	MOVWF       FSR0L+1 
0x0556	0xFFE6CFEE  	MOVFF       POSTINC0, POSTINC1
;__Lib_Conversions.c,212 :: 		
0x055A	0x0E01      	MOVLW       1
0x055C	0x5F61      	SUBWF       IntToStr_i_L0, 1, 1
0x055E	0x0E00      	MOVLW       0
0x0560	0x5B62      	SUBWFB      IntToStr_i_L0+1, 1, 1
;__Lib_Conversions.c,213 :: 		
0x0562	0xD7DF      	BRA         L_IntToStr38
L_IntToStr39:
;__Lib_Conversions.c,214 :: 		
0x0564	0xFFE1C05D  	MOVFF       FARG_IntToStr_output, FSR1L
0x0568	0xFFE2C05E  	MOVFF       FARG_IntToStr_output+1, FSR1H
0x056C	0x0E20      	MOVLW       32
0x056E	0x6EE6      	MOVWF       POSTINC1 
;__Lib_Conversions.c,215 :: 		
0x0570	0x5163      	MOVF        IntToStr_negative_L0, 0, 1
0x0572	0x1164      	IORWF       IntToStr_negative_L0+1, 0, 1
0x0574	0xE01A      	BZ          L_IntToStr40
;__Lib_Conversions.c,216 :: 		
0x0576	0x6B61      	CLRF        IntToStr_i_L0, 1
0x0578	0x6B62      	CLRF        IntToStr_i_L0+1, 1
;__Lib_Conversions.c,217 :: 		
L_IntToStr41:
0x057A	0x5161      	MOVF        IntToStr_i_L0, 0, 1
0x057C	0x245D      	ADDWF       FARG_IntToStr_output, 0 
0x057E	0x6EE9      	MOVWF       FSR0L 
0x0580	0x5162      	MOVF        IntToStr_i_L0+1, 0, 1
0x0582	0x205E      	ADDWFC      FARG_IntToStr_output+1, 0 
0x0584	0x6EEA      	MOVWF       FSR0L+1 
0x0586	0x50EE      	MOVF        POSTINC0, 0 
0x0588	0x0A20      	XORLW       32
0x058A	0xE103      	BNZ         L_IntToStr42
0x058C	0x4B61      	INFSNZ      IntToStr_i_L0, 1, 1
0x058E	0x2B62      	INCF        IntToStr_i_L0+1, 1, 1
0x0590	0xD7F4      	BRA         L_IntToStr41
L_IntToStr42:
;__Lib_Conversions.c,218 :: 		
0x0592	0x0E01      	MOVLW       1
0x0594	0x5F61      	SUBWF       IntToStr_i_L0, 1, 1
0x0596	0x0E00      	MOVLW       0
0x0598	0x5B62      	SUBWFB      IntToStr_i_L0+1, 1, 1
;__Lib_Conversions.c,219 :: 		
0x059A	0x5161      	MOVF        IntToStr_i_L0, 0, 1
0x059C	0x245D      	ADDWF       FARG_IntToStr_output, 0 
0x059E	0x6EE1      	MOVWF       FSR1L 
0x05A0	0x5162      	MOVF        IntToStr_i_L0+1, 0, 1
0x05A2	0x205E      	ADDWFC      FARG_IntToStr_output+1, 0 
0x05A4	0x6EE2      	MOVWF       FSR1L+1 
0x05A6	0x0E2D      	MOVLW       45
0x05A8	0x6EE6      	MOVWF       POSTINC1 
L_IntToStr40:
;__Lib_Conversions.c,220 :: 		
L_end_IntToStr:
0x05AA	0x0012      	RETURN      0
; end of _IntToStr
_Lcd_Chr:
;__Lib_Lcd.c,65 :: 		
;__Lib_Lcd.c,66 :: 		
0x05AC	0xD00F      	BRA         L_Lcd_Chr4
;__Lib_Lcd.c,67 :: 		
L_Lcd_Chr6:
0x05AE	0x0E80      	MOVLW       128
0x05B0	0x6E5B      	MOVWF       FARG_Lcd_Chr_row 
0x05B2	0xD019      	BRA         L_Lcd_Chr5
;__Lib_Lcd.c,68 :: 		
L_Lcd_Chr7:
0x05B4	0x0EC0      	MOVLW       192
0x05B6	0x6E5B      	MOVWF       FARG_Lcd_Chr_row 
0x05B8	0xD016      	BRA         L_Lcd_Chr5
;__Lib_Lcd.c,69 :: 		
L_Lcd_Chr8:
0x05BA	0x0E94      	MOVLW       148
0x05BC	0x6E5B      	MOVWF       FARG_Lcd_Chr_row 
0x05BE	0xD013      	BRA         L_Lcd_Chr5
;__Lib_Lcd.c,70 :: 		
L_Lcd_Chr9:
0x05C0	0x0ED4      	MOVLW       212
0x05C2	0x6E5B      	MOVWF       FARG_Lcd_Chr_row 
0x05C4	0xD010      	BRA         L_Lcd_Chr5
;__Lib_Lcd.c,71 :: 		
L_Lcd_Chr10:
0x05C6	0x0E80      	MOVLW       128
0x05C8	0x6E5B      	MOVWF       FARG_Lcd_Chr_row 
;__Lib_Lcd.c,72 :: 		
0x05CA	0xD00D      	BRA         L_Lcd_Chr5
L_Lcd_Chr4:
0x05CC	0x505B      	MOVF        FARG_Lcd_Chr_row, 0 
0x05CE	0x0A01      	XORLW       1
0x05D0	0xE0EE      	BZ          L_Lcd_Chr6
0x05D2	0x505B      	MOVF        FARG_Lcd_Chr_row, 0 
0x05D4	0x0A02      	XORLW       2
0x05D6	0xE0EE      	BZ          L_Lcd_Chr7
0x05D8	0x505B      	MOVF        FARG_Lcd_Chr_row, 0 
0x05DA	0x0A03      	XORLW       3
0x05DC	0xE0EE      	BZ          L_Lcd_Chr8
0x05DE	0x505B      	MOVF        FARG_Lcd_Chr_row, 0 
0x05E0	0x0A04      	XORLW       4
0x05E2	0xE0EE      	BZ          L_Lcd_Chr9
0x05E4	0xD7F0      	BRA         L_Lcd_Chr10
L_Lcd_Chr5:
;__Lib_Lcd.c,74 :: 		
0x05E6	0x045C      	DECF        FARG_Lcd_Chr_column, 0 
0x05E8	0x6E00      	MOVWF       R0 
0x05EA	0x505B      	MOVF        FARG_Lcd_Chr_row, 0 
0x05EC	0x2600      	ADDWF       R0, 1 
0x05EE	0xF05BC000  	MOVFF       R0, FARG_Lcd_Chr_row
;__Lib_Lcd.c,76 :: 		
0x05F2	0x8041      	BSF         __Lib_Lcd_cmd_status, BitPos(__Lib_Lcd_cmd_status+0) 
;__Lib_Lcd.c,77 :: 		
0x05F4	0xF06DC000  	MOVFF       R0, FARG_Lcd_Cmd_out_char
0x05F8	0xDD53      	RCALL       _Lcd_Cmd
;__Lib_Lcd.c,79 :: 		
0x05FA	0x9041      	BCF         __Lib_Lcd_cmd_status, BitPos(__Lib_Lcd_cmd_status+0) 
;__Lib_Lcd.c,80 :: 		
0x05FC	0xF06DC05D  	MOVFF       FARG_Lcd_Chr_out_char, FARG_Lcd_Cmd_out_char
0x0600	0xDD4F      	RCALL       _Lcd_Cmd
;__Lib_Lcd.c,81 :: 		
0x0602	0x8041      	BSF         __Lib_Lcd_cmd_status, BitPos(__Lib_Lcd_cmd_status+0) 
;__Lib_Lcd.c,82 :: 		
L_end_Lcd_Chr:
0x0604	0x0012      	RETURN      0
; end of _Lcd_Chr
_main:
0x0606	0xF003EC6F  	CALL        1758, 0
;main.c,13 :: 		void main() {
;main.c,14 :: 		InitMCU();
0x060A	0xDE56      	RCALL       _InitMCU
;main.c,16 :: 		Lcd_Out(1,1,"3.CCP Capture   ");    // Ekranda 1.satir 1.sütundan itibaren yaz
0x060C	0x0E01      	MOVLW       1
0x060E	0x6E5B      	MOVWF       FARG_Lcd_Out_row 
0x0610	0x0E01      	MOVLW       1
0x0612	0x6E5C      	MOVWF       FARG_Lcd_Out_column 
0x0614	0x0E2F      	MOVLW       ?lstr1_main
0x0616	0x6E5D      	MOVWF       FARG_Lcd_Out_text 
0x0618	0x0E00      	MOVLW       hi_addr(?lstr1_main)
0x061A	0x6E5E      	MOVWF       FARG_Lcd_Out_text+1 
0x061C	0xDF1D      	RCALL       _Lcd_Out
;main.c,17 :: 		Lcd_Out(2,1,"Capture Cnt:   0");    // Ekranda 2.satir 1.sütundan itibaren yaz
0x061E	0x0E02      	MOVLW       2
0x0620	0x6E5B      	MOVWF       FARG_Lcd_Out_row 
0x0622	0x0E01      	MOVLW       1
0x0624	0x6E5C      	MOVWF       FARG_Lcd_Out_column 
0x0626	0x0E1C      	MOVLW       ?lstr2_main
0x0628	0x6E5D      	MOVWF       FARG_Lcd_Out_text 
0x062A	0x0E00      	MOVLW       hi_addr(?lstr2_main)
0x062C	0x6E5E      	MOVWF       FARG_Lcd_Out_text+1 
0x062E	0xDF14      	RCALL       _Lcd_Out
;main.c,19 :: 		while(1){
L_main79:
;main.c,20 :: 		counter =0;             // Sayac sifirlaniyor;
0x0630	0x6A2D      	CLRF        _counter 
0x0632	0x6A2E      	CLRF        _counter+1 
;main.c,23 :: 		for(i=0;i<1600;i++){
0x0634	0x6A42      	CLRF        _i 
0x0636	0x6A43      	CLRF        _i+1 
L_main81:
0x0638	0x0E06      	MOVLW       6
0x063A	0x5C43      	SUBWF       _i+1, 0 
0x063C	0xE102      	BNZ         L__main116
0x063E	0x0E40      	MOVLW       64
0x0640	0x5C42      	SUBWF       _i, 0 
L__main116:
0x0642	0xE211      	BC          L_main82
;main.c,24 :: 		IN4=1;                // IN4 cikisini aktif et
0x0644	0x888A      	BSF         LATB4_bit, BitPos(LATB4_bit+0) 
;main.c,25 :: 		delay_us(1);          // 1ms bekle
0x0646	0x0E03      	MOVLW       3
0x0648	0x6E0D      	MOVWF       R13, 0
L_main84:
0x064A	0x2E0D      	DECFSZ      R13, 1, 0
0x064C	0xD7FE      	BRA         L_main84
0x064E	0x0000      	NOP
0x0650	0x0000      	NOP
;main.c,26 :: 		IN4=0;                // IN4 cikisini pasif et
0x0652	0x988A      	BCF         LATB4_bit, BitPos(LATB4_bit+0) 
;main.c,27 :: 		delay_us(1);          // 1ms bekle
0x0654	0x0E03      	MOVLW       3
0x0656	0x6E0D      	MOVWF       R13, 0
L_main85:
0x0658	0x2E0D      	DECFSZ      R13, 1, 0
0x065A	0xD7FE      	BRA         L_main85
0x065C	0x0000      	NOP
0x065E	0x0000      	NOP
;main.c,23 :: 		for(i=0;i<1600;i++){
0x0660	0x4A42      	INFSNZ      _i, 1 
0x0662	0x2A43      	INCF        _i+1, 1 
;main.c,28 :: 		}
0x0664	0xD7E9      	BRA         L_main81
L_main82:
;main.c,30 :: 		IntToStr(counter,txt);
0x0666	0xF05BC02D  	MOVFF       _counter, FARG_IntToStr_input
0x066A	0xF05CC02E  	MOVFF       _counter+1, FARG_IntToStr_input+1
0x066E	0x0E44      	MOVLW       _txt
0x0670	0x6E5D      	MOVWF       FARG_IntToStr_output 
0x0672	0x0E00      	MOVLW       hi_addr(_txt)
0x0674	0x6E5E      	MOVWF       FARG_IntToStr_output+1 
0x0676	0xDF2D      	RCALL       _IntToStr
;main.c,31 :: 		Lcd_Chr(2,13,txt[2]);
0x0678	0x0E02      	MOVLW       2
0x067A	0x6E5B      	MOVWF       FARG_Lcd_Chr_row 
0x067C	0x0E0D      	MOVLW       13
0x067E	0x6E5C      	MOVWF       FARG_Lcd_Chr_column 
0x0680	0xF05DC046  	MOVFF       _txt+2, FARG_Lcd_Chr_out_char
0x0684	0xDF93      	RCALL       _Lcd_Chr
;main.c,32 :: 		Lcd_Chr(2,14,txt[3]);
0x0686	0x0E02      	MOVLW       2
0x0688	0x6E5B      	MOVWF       FARG_Lcd_Chr_row 
0x068A	0x0E0E      	MOVLW       14
0x068C	0x6E5C      	MOVWF       FARG_Lcd_Chr_column 
0x068E	0xF05DC047  	MOVFF       _txt+3, FARG_Lcd_Chr_out_char
0x0692	0xDF8C      	RCALL       _Lcd_Chr
;main.c,33 :: 		Lcd_Chr(2,15,txt[4]);
0x0694	0x0E02      	MOVLW       2
0x0696	0x6E5B      	MOVWF       FARG_Lcd_Chr_row 
0x0698	0x0E0F      	MOVLW       15
0x069A	0x6E5C      	MOVWF       FARG_Lcd_Chr_column 
0x069C	0xF05DC048  	MOVFF       _txt+4, FARG_Lcd_Chr_out_char
0x06A0	0xDF85      	RCALL       _Lcd_Chr
;main.c,34 :: 		Lcd_Chr(2,16,txt[5]);
0x06A2	0x0E02      	MOVLW       2
0x06A4	0x6E5B      	MOVWF       FARG_Lcd_Chr_row 
0x06A6	0x0E10      	MOVLW       16
0x06A8	0x6E5C      	MOVWF       FARG_Lcd_Chr_column 
0x06AA	0xF05DC049  	MOVFF       _txt+5, FARG_Lcd_Chr_out_char
0x06AE	0xDF7E      	RCALL       _Lcd_Chr
;main.c,35 :: 		}
0x06B0	0xD7BF      	BRA         L_main79
;main.c,36 :: 		}
L_end_main:
0x06B2	0xD7FF      	BRA         $+0
; end of _main
0x06DE	0xF018EE10  	LFSR        1, 24
0x06E2	0x0E29      	MOVLW       41
0x06E4	0x6E00      	MOVWF       R0 
0x06E6	0x0E01      	MOVLW       1
0x06E8	0x6E01      	MOVWF       R1 
0x06EA	0x0EB4      	MOVLW       180
0x06EC	0x6EF6      	MOVWF       TBLPTR 
0x06EE	0x0E06      	MOVLW       6
0x06F0	0x6EF7      	MOVWF       TBLPTRH 
0x06F2	0x0E00      	MOVLW       0
0x06F4	0x6EF8      	MOVWF       TBLPTRU 
0x06F6	0xF001EC85  	CALL        778, 0
0x06FA	0x0012      	RETURN      0
;main.c,0 :: ?ICS_LATG
0x06B4	0x00 ;?ICS_LATG+0
; end of ?ICS_LATG
;main.c,0 :: ?ICS_LATH
0x06B5	0x00 ;?ICS_LATH+0
; end of ?ICS_LATH
;main.c,0 :: ?ICS_LATF
0x06B6	0x00 ;?ICS_LATF+0
; end of ?ICS_LATF
;main.c,0 :: ?ICS_PORTI
0x06B7	0x00 ;?ICS_PORTI+0
; end of ?ICS_PORTI
;main.c,0 :: ?ICS?lstr2_main
0x06B8	0x6143 ;?ICS?lstr2_main+0
0x06BA	0x7470 ;?ICS?lstr2_main+2
0x06BC	0x7275 ;?ICS?lstr2_main+4
0x06BE	0x2065 ;?ICS?lstr2_main+6
0x06C0	0x6E43 ;?ICS?lstr2_main+8
0x06C2	0x3A74 ;?ICS?lstr2_main+10
0x06C4	0x2020 ;?ICS?lstr2_main+12
0x06C6	0x3020 ;?ICS?lstr2_main+14
0x06C8	0x00 ;?ICS?lstr2_main+16
; end of ?ICS?lstr2_main
;main.c,0 :: ?ICS_counter
0x06C9	0x0000 ;?ICS_counter+0
; end of ?ICS_counter
;main.c,0 :: ?ICS?lstr1_main
0x06CB	0x2E33 ;?ICS?lstr1_main+0
0x06CD	0x4343 ;?ICS?lstr1_main+2
0x06CF	0x2050 ;?ICS?lstr1_main+4
0x06D1	0x6143 ;?ICS?lstr1_main+6
0x06D3	0x7470 ;?ICS?lstr1_main+8
0x06D5	0x7275 ;?ICS?lstr1_main+10
0x06D7	0x2065 ;?ICS?lstr1_main+12
0x06D9	0x2020 ;?ICS?lstr1_main+14
0x06DB	0x00 ;?ICS?lstr1_main+16
; end of ?ICS?lstr1_main
;main.c,0 :: ?ICS_LATI
0x06DC	0x00 ;?ICS_LATI+0
; end of ?ICS_LATI
Symbol List:
//** Routines locations **
//ADDRESS    SIZE    PROCEDURE
//----------------------------------------------
0x0008      [48]    _Interrupt
0x0038      [14]    _Delay_50us
0x0046      [22]    _Delay_5500us
0x005C      [14]    _Delay_1us
0x006A      [54]    _Div_16X16_U
0x00A0     [126]    _Lcd_Cmd
0x011E      [86]    _UART1_Init
0x0174     [146]    _WordToStr
0x0206      [12]    _Lcd_Chr_CP
0x0212      [16]    _InitTimer2
0x0222     [150]    _Lcd_Init
0x02B8      [82]    _InitMCU
0x030A      [16]    ___CC2DW
0x031A     [318]    _UpdateExternalPorts
0x0458     [122]    _Lcd_Out
0x04D2     [218]    _IntToStr
0x05AC      [90]    _Lcd_Chr
0x0606     [174]    _main
//** Variables locations ** 
//ADDRESS    SIZE    VARIABLE
//----------------------------------------------
0x0000       [1]    UART1_Init_tmp_L0
0x0000       [1]    R0
0x0001       [2]    wait_i_L0
0x0001       [1]    UART1_Read___tmp_UART1_Read_L0
0x0001       [1]    UpdateExternalPorts_i_L0
0x0001       [1]    R1
0x0001       [1]    __Lib_Conversions_Adjust_Hex_tmp_L0
0x0002       [1]    R2
0x0002       [2]    memset_pp_L0
0x0002       [2]    memcpy_dd_L0
0x0002       [2]    strlen_cp_L0
0x0002       [2]    memchr_s_L0
0x0002       [1]    UpdateExternalPorts_buffer_L0
0x0003       [2]    memmove_tt_L0
0x0003       [1]    R3
0x0003       [2]    Ltrim_original_L0
0x0004       [2]    strcpy_cp_L0
0x0004       [2]    memcpy_ss_L0
0x0004       [2]    strncat_cp_L0
0x0004       [2]    strcat_cp_L0
0x0004       [2]    strncpy_cp_L0
0x0004       [1]    R4
0x0005       [1]    R5
0x0005       [2]    LongWordToHex_input_half_L0
0x0005       [2]    memmove_ff_L0
0x0005       [2]    LongIntToHex_input_half_L0
0x0005       [2]    Ltrim_p_L0
0x0006       [1]    R6
0x0007       [1]    R7
0x0008       [1]    R8
0x0009       [1]    R9
0x000A       [1]    R10
0x000B       [1]    R11
0x000C       [1]    R12
0x000D       [1]    R13
0x000E       [1]    R14
0x000F       [1]    R15
0x0010       [1]    R16
0x0011       [1]    R17
0x0012       [1]    R18
0x0013       [1]    R19
0x0014       [1]    R20
0x0018       [1]    _LATG
0x0019       [1]    _LATH
0x001A       [1]    _LATF
0x001B       [0]    _PORTI1_bit
0x001B       [0]    _PORTI2_bit
0x001B       [0]    _PORTI3_bit
0x001B       [1]    _PORTI
0x001B       [0]    _PORTI5_bit
0x001B       [0]    _PORTI6_bit
0x001B       [0]    _PORTI4_bit
0x001B       [0]    _PORTI0_bit
0x001B       [0]    _PORTI7_bit
0x001C      [17]    ?lstr2_main
0x002D       [2]    _counter
0x002F      [17]    ?lstr1_main
0x0040       [1]    _LATI
0x0041       [0]    __Lib_Lcd_cmd_status
0x0042       [2]    _i
0x0044       [7]    _txt
0x004B       [4]    _UART_Wr_Ptr
0x004F       [4]    _UART_Rd_Ptr
0x0053       [4]    _UART_Rdy_Ptr
0x0057       [4]    _UART_Tx_Idle_Ptr
0x005B       [1]    FARG_Lcd_Chr_row
0x005B       [1]    FARG_Lcd_Out_row
0x005B       [2]    FARG_IntToStr_input
0x005C       [1]    FARG_Lcd_Out_column
0x005C       [1]    FARG_Lcd_Chr_column
0x005D       [2]    FARG_IntToStr_output
0x005D       [1]    FARG_Lcd_Chr_out_char
0x005D       [2]    FARG_Lcd_Out_text
0x005F       [1]    Lcd_Out_i_L0
0x0060       [1]    WordToStr_len_L0
0x0060       [1]    FARG_Lcd_Chr_CP_out_char
0x0061       [2]    IntToStr_i_L0
0x0063       [2]    IntToStr_negative_L0
0x0065       [2]    IntToStr_inword_L0
0x0067       [2]    FARG_WordToStr_input
0x0069       [2]    FARG_WordToStr_output
0x006B       [2]    FLOC__WordToStr
0x006D       [1]    FARG_Lcd_Cmd_out_char
0x0F5B       [1]    ANSELA
0x0F5C       [1]    ANSELB
0x0F5D       [1]    ANSELC
0x0F5E       [1]    ANSELD
0x0F5F       [1]    ANSELE
0x0F80       [0]    DIPSW
0x0F80       [0]    RA5_bit
0x0F89       [1]    LATA
0x0F8A       [1]    LATB
0x0F8A       [0]    IN4
0x0F8A       [0]    DS
0x0F8A       [0]    LATB3_bit
0x0F8A       [0]    LATB4_bit
0x0F8B       [1]    LATC
0x0F8C       [0]    LATD5_bit
0x0F8C       [0]    LATD6_bit
0x0F8C       [0]    LCD_D4
0x0F8C       [0]    LCD_D7
0x0F8C       [0]    LCD_D6
0x0F8C       [0]    LCD_D5
0x0F8C       [0]    LCD_EN
0x0F8C       [0]    LATD4_bit
0x0F8C       [0]    LCD_RS
0x0F8C       [0]    LATD3_bit
0x0F8C       [0]    LATD2_bit
0x0F8C       [0]    LATD7_bit
0x0F8C       [1]    LATD
0x0F8D       [0]    LATE2_bit
0x0F8D       [1]    LATE
0x0F8D       [0]    LATE1_bit
0x0F8D       [0]    SH_CP
0x0F8D       [0]    ST_CP
0x0F92       [1]    TRISA
0x0F93       [1]    TRISB
0x0F94       [0]    TRISC1_bit
0x0F94       [0]    TRISC6_bit
0x0F94       [1]    TRISC
0x0F94       [0]    TRISC7_bit
0x0F95       [0]    TRISD4_bit
0x0F95       [0]    TRISD2_bit
0x0F95       [0]    LCD_D4_Direction
0x0F95       [0]    TRISD3_bit
0x0F95       [0]    LCD_EN_Direction
0x0F95       [0]    TRISD6_bit
0x0F95       [0]    TRISD7_bit
0x0F95       [0]    LCD_RS_Direction
0x0F95       [1]    TRISD
0x0F95       [0]    LCD_D7_Direction
0x0F95       [0]    TRISD5_bit
0x0F95       [0]    LCD_D5_Direction
0x0F95       [0]    LCD_D6_Direction
0x0F96       [1]    TRISE
0x0F97       [1]    CCP2CON
0x0F9D       [0]    TMR2IE_bit
0x0F9E       [1]    PIR1
0x0F9E       [0]    TMR2IF_bit
0x0FA0       [0]    CCP2IE_bit
0x0FA1       [0]    CCP2IF_bit
0x0FAB       [1]    RCSTA
0x0FAC       [1]    TXSTA
0x0FAE       [1]    RCREG
0x0FAF       [1]    SPBRG
0x0FB0       [1]    SPBRGH
0x0FB8       [1]    BAUDCON
0x0FBA       [1]    T2CON
0x0FBB       [1]    PR2
0x0FD8       [1]    STATUS
0x0FD9       [1]    FSR2L
0x0FDA       [1]    FSR2H
0x0FDE       [1]    POSTINC2
0x0FE0       [1]    BSR
0x0FE1       [1]    FSR1L
0x0FE2       [1]    FSR1H
0x0FE4       [1]    PREINC1
0x0FE6       [1]    POSTINC1
0x0FE7       [1]    INDF1
0x0FE8       [1]    WREG
0x0FE9       [1]    FSR0L
0x0FEA       [1]    FSR0H
0x0FEE       [1]    POSTINC0
0x0FF2       [1]    INTCON
0x0FF3       [1]    PRODL
0x0FF4       [1]    PRODH
0x0FF5       [1]    TABLAT
0x0FF6       [1]    TBLPTRL
0x0FF6       [3]    TBLPTR
0x0FF7       [1]    TBLPTRH
0x0FF8       [1]    TBLPTRU
//** Constants locations ** 
//ADDRESS    SIZE    CONSTANT
//----------------------------------------------
0x06B4       [1]    ?ICS_LATG
0x06B5       [1]    ?ICS_LATH
0x06B6       [1]    ?ICS_LATF
0x06B7       [1]    ?ICS_PORTI
0x06B8      [17]    ?ICS?lstr2_main
0x06C9       [2]    ?ICS_counter
0x06CB      [17]    ?ICS?lstr1_main
0x06DC       [1]    ?ICS_LATI
