;  LST file generated by mikroListExporter - v.2.0 
; Date/Time: 27/11/2023 13:52:01
;----------------------------------------------

;Address Opcode 	ASM
0x0000	0xF001EFF9  	GOTO        1010
_Interrupt:
;interrupt.c,1 :: 		void Interrupt(){
0x0008	0xF016C000  	MOVFF       R0, 22
0x000C	0xF015C001  	MOVFF       R1, 21
;interrupt.c,3 :: 		if (TMR0IF_bit){
0x0010	0xA4F2      	BTFSS       TMR0IF_bit, BitPos(TMR0IF_bit+0) 
0x0012	0xD056      	BRA         L_Interrupt62
;interrupt.c,4 :: 		TMR0IF_bit = 0;
0x0014	0x94F2      	BCF         TMR0IF_bit, BitPos(TMR0IF_bit+0) 
;interrupt.c,5 :: 		TMR0H         = 0x15;
0x0016	0x0E15      	MOVLW       21
0x0018	0x6ED7      	MOVWF       TMR0H 
;interrupt.c,6 :: 		TMR0L         = 0xA0;
0x001A	0x0EA0      	MOVLW       160
0x001C	0x6ED6      	MOVWF       TMR0L 
;interrupt.c,8 :: 		if(LATI==0b00000000)
0x001E	0x501A      	MOVF        _LATI, 0 
0x0020	0x0A00      	XORLW       0
0x0022	0xE102      	BNZ         L_Interrupt63
;interrupt.c,9 :: 		LATI=0b00000001;
0x0024	0x0E01      	MOVLW       1
0x0026	0x6E1A      	MOVWF       _LATI 
L_Interrupt63:
;interrupt.c,10 :: 		UpdateExternalPorts();
0x0028	0xD934      	RCALL       _UpdateExternalPorts
;interrupt.c,11 :: 		switch(LATI){
0x002A	0xD030      	BRA         L_Interrupt64
;interrupt.c,12 :: 		case 0b00000001:
L_Interrupt66:
;interrupt.c,13 :: 		PORTI0_bit=DIPSW;
0x002C	0xBA80      	BTFSC       RA5_bit, BitPos(RA5_bit+0) 
0x002E	0xD002      	BRA         L__Interrupt90
0x0030	0x9017      	BCF         _PORTI, 0 
0x0032	0xD001      	BRA         L__Interrupt91
L__Interrupt90:
0x0034	0x8017      	BSF         _PORTI, 0 
L__Interrupt91:
;interrupt.c,14 :: 		break;
0x0036	0xD042      	BRA         L_Interrupt65
;interrupt.c,15 :: 		case 0b00000010:
L_Interrupt67:
;interrupt.c,16 :: 		PORTI1_bit=DIPSW;
0x0038	0xBA80      	BTFSC       RA5_bit, BitPos(RA5_bit+0) 
0x003A	0xD002      	BRA         L__Interrupt92
0x003C	0x9217      	BCF         _PORTI, 1 
0x003E	0xD001      	BRA         L__Interrupt93
L__Interrupt92:
0x0040	0x8217      	BSF         _PORTI, 1 
L__Interrupt93:
;interrupt.c,17 :: 		break;
0x0042	0xD03C      	BRA         L_Interrupt65
;interrupt.c,18 :: 		case 0b00000100:
L_Interrupt68:
;interrupt.c,19 :: 		PORTI2_bit=DIPSW;
0x0044	0xBA80      	BTFSC       RA5_bit, BitPos(RA5_bit+0) 
0x0046	0xD002      	BRA         L__Interrupt94
0x0048	0x9417      	BCF         _PORTI, 2 
0x004A	0xD001      	BRA         L__Interrupt95
L__Interrupt94:
0x004C	0x8417      	BSF         _PORTI, 2 
L__Interrupt95:
;interrupt.c,20 :: 		break;
0x004E	0xD036      	BRA         L_Interrupt65
;interrupt.c,21 :: 		case 0b00001000:
L_Interrupt69:
;interrupt.c,22 :: 		PORTI3_bit=DIPSW;
0x0050	0xBA80      	BTFSC       RA5_bit, BitPos(RA5_bit+0) 
0x0052	0xD002      	BRA         L__Interrupt96
0x0054	0x9617      	BCF         _PORTI, 3 
0x0056	0xD001      	BRA         L__Interrupt97
L__Interrupt96:
0x0058	0x8617      	BSF         _PORTI, 3 
L__Interrupt97:
;interrupt.c,23 :: 		break;
0x005A	0xD030      	BRA         L_Interrupt65
;interrupt.c,24 :: 		case 0b00010000:
L_Interrupt70:
;interrupt.c,25 :: 		PORTI4_bit=DIPSW;
0x005C	0xBA80      	BTFSC       RA5_bit, BitPos(RA5_bit+0) 
0x005E	0xD002      	BRA         L__Interrupt98
0x0060	0x9817      	BCF         _PORTI, 4 
0x0062	0xD001      	BRA         L__Interrupt99
L__Interrupt98:
0x0064	0x8817      	BSF         _PORTI, 4 
L__Interrupt99:
;interrupt.c,26 :: 		break;
0x0066	0xD02A      	BRA         L_Interrupt65
;interrupt.c,27 :: 		case 0b00100000:
L_Interrupt71:
;interrupt.c,28 :: 		PORTI5_bit=DIPSW;
0x0068	0xBA80      	BTFSC       RA5_bit, BitPos(RA5_bit+0) 
0x006A	0xD002      	BRA         L__Interrupt100
0x006C	0x9A17      	BCF         _PORTI, 5 
0x006E	0xD001      	BRA         L__Interrupt101
L__Interrupt100:
0x0070	0x8A17      	BSF         _PORTI, 5 
L__Interrupt101:
;interrupt.c,29 :: 		break;
0x0072	0xD024      	BRA         L_Interrupt65
;interrupt.c,30 :: 		case 0b01000000:
L_Interrupt72:
;interrupt.c,31 :: 		PORTI6_bit=DIPSW;
0x0074	0xBA80      	BTFSC       RA5_bit, BitPos(RA5_bit+0) 
0x0076	0xD002      	BRA         L__Interrupt102
0x0078	0x9C17      	BCF         _PORTI, 6 
0x007A	0xD001      	BRA         L__Interrupt103
L__Interrupt102:
0x007C	0x8C17      	BSF         _PORTI, 6 
L__Interrupt103:
;interrupt.c,32 :: 		break;
0x007E	0xD01E      	BRA         L_Interrupt65
;interrupt.c,33 :: 		case 0b10000000:
L_Interrupt73:
;interrupt.c,34 :: 		PORTI7_bit=DIPSW;
0x0080	0xBA80      	BTFSC       RA5_bit, BitPos(RA5_bit+0) 
0x0082	0xD002      	BRA         L__Interrupt104
0x0084	0x9E17      	BCF         _PORTI, 7 
0x0086	0xD001      	BRA         L__Interrupt105
L__Interrupt104:
0x0088	0x8E17      	BSF         _PORTI, 7 
L__Interrupt105:
;interrupt.c,35 :: 		break;
0x008A	0xD018      	BRA         L_Interrupt65
;interrupt.c,36 :: 		}
L_Interrupt64:
0x008C	0x501A      	MOVF        _LATI, 0 
0x008E	0x0A01      	XORLW       1
0x0090	0xE0CD      	BZ          L_Interrupt66
0x0092	0x501A      	MOVF        _LATI, 0 
0x0094	0x0A02      	XORLW       2
0x0096	0xE0D0      	BZ          L_Interrupt67
0x0098	0x501A      	MOVF        _LATI, 0 
0x009A	0x0A04      	XORLW       4
0x009C	0xE0D3      	BZ          L_Interrupt68
0x009E	0x501A      	MOVF        _LATI, 0 
0x00A0	0x0A08      	XORLW       8
0x00A2	0xE0D6      	BZ          L_Interrupt69
0x00A4	0x501A      	MOVF        _LATI, 0 
0x00A6	0x0A10      	XORLW       16
0x00A8	0xE0D9      	BZ          L_Interrupt70
0x00AA	0x501A      	MOVF        _LATI, 0 
0x00AC	0x0A20      	XORLW       32
0x00AE	0xE0DC      	BZ          L_Interrupt71
0x00B0	0x501A      	MOVF        _LATI, 0 
0x00B2	0x0A40      	XORLW       64
0x00B4	0xE0DF      	BZ          L_Interrupt72
0x00B6	0x501A      	MOVF        _LATI, 0 
0x00B8	0x0A80      	XORLW       128
0x00BA	0xE0E2      	BZ          L_Interrupt73
L_Interrupt65:
;interrupt.c,37 :: 		LATI<<=1;
0x00BC	0x361A      	RLCF        _LATI, 1 
0x00BE	0x901A      	BCF         _LATI, 0 
;interrupt.c,38 :: 		}
L_Interrupt62:
;interrupt.c,39 :: 		}
L_end_Interrupt:
L__Interrupt89:
0x00C0	0xF000C016  	MOVFF       22, R0
0x00C4	0xF001C015  	MOVFF       21, R1
0x00C8	0x0011      	RETFIE      1
; end of _Interrupt
_Delay_1us:
;__Lib_Delays.c,7 :: 		void Delay_1us() {
;__Lib_Delays.c,8 :: 		Delay_us(1);
0x00CA	0x0E03      	MOVLW       3
0x00CC	0x6E0D      	MOVWF       R13, 0
L_Delay_1us0:
0x00CE	0x2E0D      	DECFSZ      R13, 1, 0
0x00D0	0xD7FE      	BRA         L_Delay_1us0
0x00D2	0x0000      	NOP
0x00D4	0x0000      	NOP
;__Lib_Delays.c,9 :: 		}
L_end_Delay_1us:
0x00D6	0x0012      	RETURN      0
; end of _Delay_1us
_Delay_5500us:
;__Lib_Delays.c,31 :: 		void Delay_5500us() {
;__Lib_Delays.c,32 :: 		Delay_us(5500);
0x00D8	0x0E56      	MOVLW       86
0x00DA	0x6E0C      	MOVWF       R12, 0
0x00DC	0x0EB5      	MOVLW       181
0x00DE	0x6E0D      	MOVWF       R13, 0
L_Delay_5500us6:
0x00E0	0x2E0D      	DECFSZ      R13, 1, 0
0x00E2	0xD7FE      	BRA         L_Delay_5500us6
0x00E4	0x2E0C      	DECFSZ      R12, 1, 0
0x00E6	0xD7FC      	BRA         L_Delay_5500us6
0x00E8	0x0000      	NOP
0x00EA	0x0000      	NOP
;__Lib_Delays.c,33 :: 		}
L_end_Delay_5500us:
0x00EC	0x0012      	RETURN      0
; end of _Delay_5500us
_Delay_50us:
;__Lib_Delays.c,19 :: 		void Delay_50us() {
;__Lib_Delays.c,20 :: 		Delay_us(50);
0x00EE	0x0EC7      	MOVLW       199
0x00F0	0x6E0D      	MOVWF       R13, 0
L_Delay_50us3:
0x00F2	0x2E0D      	DECFSZ      R13, 1, 0
0x00F4	0xD7FE      	BRA         L_Delay_50us3
0x00F6	0x0000      	NOP
0x00F8	0x0000      	NOP
;__Lib_Delays.c,21 :: 		}
L_end_Delay_50us:
0x00FA	0x0012      	RETURN      0
; end of _Delay_50us
_Lcd_Cmd:
;__Lib_Lcd.c,18 :: 		
;__Lib_Lcd.c,20 :: 		
0x00FC	0xBE44      	BTFSC       FARG_Lcd_Cmd_out_char, 7 
0x00FE	0xD002      	BRA         L__Lcd_Cmd21
0x0100	0x948C      	BCF         LCD_D7, BitPos(LCD_D7+0) 
0x0102	0xD001      	BRA         L__Lcd_Cmd22
L__Lcd_Cmd21:
0x0104	0x848C      	BSF         LCD_D7, BitPos(LCD_D7+0) 
L__Lcd_Cmd22:
;__Lib_Lcd.c,21 :: 		
0x0106	0xBC44      	BTFSC       FARG_Lcd_Cmd_out_char, 6 
0x0108	0xD002      	BRA         L__Lcd_Cmd23
0x010A	0x968C      	BCF         LCD_D6, BitPos(LCD_D6+0) 
0x010C	0xD001      	BRA         L__Lcd_Cmd24
L__Lcd_Cmd23:
0x010E	0x868C      	BSF         LCD_D6, BitPos(LCD_D6+0) 
L__Lcd_Cmd24:
;__Lib_Lcd.c,22 :: 		
0x0110	0xBA44      	BTFSC       FARG_Lcd_Cmd_out_char, 5 
0x0112	0xD002      	BRA         L__Lcd_Cmd25
0x0114	0x988C      	BCF         LCD_D5, BitPos(LCD_D5+0) 
0x0116	0xD001      	BRA         L__Lcd_Cmd26
L__Lcd_Cmd25:
0x0118	0x888C      	BSF         LCD_D5, BitPos(LCD_D5+0) 
L__Lcd_Cmd26:
;__Lib_Lcd.c,23 :: 		
0x011A	0xB844      	BTFSC       FARG_Lcd_Cmd_out_char, 4 
0x011C	0xD002      	BRA         L__Lcd_Cmd27
0x011E	0x9A8C      	BCF         LCD_D4, BitPos(LCD_D4+0) 
0x0120	0xD001      	BRA         L__Lcd_Cmd28
L__Lcd_Cmd27:
0x0122	0x8A8C      	BSF         LCD_D4, BitPos(LCD_D4+0) 
L__Lcd_Cmd28:
;__Lib_Lcd.c,25 :: 		
0x0124	0xB035      	BTFSC       __Lib_Lcd_cmd_status, BitPos(__Lib_Lcd_cmd_status+0) 
0x0126	0xD002      	BRA         L__Lcd_Cmd29
0x0128	0x8E8C      	BSF         LCD_RS, BitPos(LCD_RS+0) 
0x012A	0xD001      	BRA         L__Lcd_Cmd30
L__Lcd_Cmd29:
0x012C	0x9E8C      	BCF         LCD_RS, BitPos(LCD_RS+0) 
L__Lcd_Cmd30:
;__Lib_Lcd.c,28 :: 		
0x012E	0x8C8C      	BSF         LCD_EN, BitPos(LCD_EN+0) 
;__Lib_Lcd.c,29 :: 		
0x0130	0xDFCC      	RCALL       _Delay_1us
;__Lib_Lcd.c,30 :: 		
0x0132	0x9C8C      	BCF         LCD_EN, BitPos(LCD_EN+0) 
;__Lib_Lcd.c,33 :: 		
0x0134	0xB644      	BTFSC       FARG_Lcd_Cmd_out_char, 3 
0x0136	0xD002      	BRA         L__Lcd_Cmd31
0x0138	0x948C      	BCF         LCD_D7, BitPos(LCD_D7+0) 
0x013A	0xD001      	BRA         L__Lcd_Cmd32
L__Lcd_Cmd31:
0x013C	0x848C      	BSF         LCD_D7, BitPos(LCD_D7+0) 
L__Lcd_Cmd32:
;__Lib_Lcd.c,34 :: 		
0x013E	0xB444      	BTFSC       FARG_Lcd_Cmd_out_char, 2 
0x0140	0xD002      	BRA         L__Lcd_Cmd33
0x0142	0x968C      	BCF         LCD_D6, BitPos(LCD_D6+0) 
0x0144	0xD001      	BRA         L__Lcd_Cmd34
L__Lcd_Cmd33:
0x0146	0x868C      	BSF         LCD_D6, BitPos(LCD_D6+0) 
L__Lcd_Cmd34:
;__Lib_Lcd.c,35 :: 		
0x0148	0xB244      	BTFSC       FARG_Lcd_Cmd_out_char, 1 
0x014A	0xD002      	BRA         L__Lcd_Cmd35
0x014C	0x988C      	BCF         LCD_D5, BitPos(LCD_D5+0) 
0x014E	0xD001      	BRA         L__Lcd_Cmd36
L__Lcd_Cmd35:
0x0150	0x888C      	BSF         LCD_D5, BitPos(LCD_D5+0) 
L__Lcd_Cmd36:
;__Lib_Lcd.c,36 :: 		
0x0152	0xB044      	BTFSC       FARG_Lcd_Cmd_out_char, 0 
0x0154	0xD002      	BRA         L__Lcd_Cmd37
0x0156	0x9A8C      	BCF         LCD_D4, BitPos(LCD_D4+0) 
0x0158	0xD001      	BRA         L__Lcd_Cmd38
L__Lcd_Cmd37:
0x015A	0x8A8C      	BSF         LCD_D4, BitPos(LCD_D4+0) 
L__Lcd_Cmd38:
;__Lib_Lcd.c,38 :: 		
0x015C	0xB035      	BTFSC       __Lib_Lcd_cmd_status, BitPos(__Lib_Lcd_cmd_status+0) 
0x015E	0xD002      	BRA         L__Lcd_Cmd39
0x0160	0x8E8C      	BSF         LCD_RS, BitPos(LCD_RS+0) 
0x0162	0xD001      	BRA         L__Lcd_Cmd40
L__Lcd_Cmd39:
0x0164	0x9E8C      	BCF         LCD_RS, BitPos(LCD_RS+0) 
L__Lcd_Cmd40:
;__Lib_Lcd.c,40 :: 		
0x0166	0x8C8C      	BSF         LCD_EN, BitPos(LCD_EN+0) 
;__Lib_Lcd.c,41 :: 		
0x0168	0xDFB0      	RCALL       _Delay_1us
;__Lib_Lcd.c,42 :: 		
0x016A	0x9C8C      	BCF         LCD_EN, BitPos(LCD_EN+0) 
;__Lib_Lcd.c,44 :: 		
0x016C	0xA035      	BTFSS       __Lib_Lcd_cmd_status, BitPos(__Lib_Lcd_cmd_status+0) 
0x016E	0xD002      	BRA         L_Lcd_Cmd0
;__Lib_Lcd.c,45 :: 		
0x0170	0xDFB3      	RCALL       _Delay_5500us
0x0172	0xD001      	BRA         L_Lcd_Cmd1
L_Lcd_Cmd0:
;__Lib_Lcd.c,47 :: 		
0x0174	0xDFBC      	RCALL       _Delay_50us
L_Lcd_Cmd1:
;__Lib_Lcd.c,48 :: 		
L_end_Lcd_Cmd:
0x0176	0x0012      	RETURN      0
; end of _Lcd_Cmd
_Lcd_Chr_CP:
;__Lib_Lcd.c,50 :: 		
;__Lib_Lcd.c,52 :: 		
0x0178	0x9035      	BCF         __Lib_Lcd_cmd_status, BitPos(__Lib_Lcd_cmd_status+0) 
;__Lib_Lcd.c,53 :: 		
0x017A	0xF044C043  	MOVFF       FARG_Lcd_Chr_CP_out_char, FARG_Lcd_Cmd_out_char
0x017E	0xDFBE      	RCALL       _Lcd_Cmd
;__Lib_Lcd.c,54 :: 		
0x0180	0x8035      	BSF         __Lib_Lcd_cmd_status, BitPos(__Lib_Lcd_cmd_status+0) 
;__Lib_Lcd.c,55 :: 		
L_end_Lcd_Chr_CP:
0x0182	0x0012      	RETURN      0
; end of _Lcd_Chr_CP
_Lcd_Init:
;__Lib_Lcd.c,84 :: 		
;__Lib_Lcd.c,86 :: 		
0x0184	0x9C95      	BCF         LCD_EN_Direction, BitPos(LCD_EN_Direction+0) 
;__Lib_Lcd.c,87 :: 		
0x0186	0x9E95      	BCF         LCD_RS_Direction, BitPos(LCD_RS_Direction+0) 
;__Lib_Lcd.c,88 :: 		
0x0188	0x9495      	BCF         LCD_D4_Direction, BitPos(LCD_D4_Direction+0) 
;__Lib_Lcd.c,89 :: 		
0x018A	0x9695      	BCF         LCD_D5_Direction, BitPos(LCD_D5_Direction+0) 
;__Lib_Lcd.c,90 :: 		
0x018C	0x9895      	BCF         LCD_D6_Direction, BitPos(LCD_D6_Direction+0) 
;__Lib_Lcd.c,91 :: 		
0x018E	0x9A95      	BCF         LCD_D7_Direction, BitPos(LCD_D7_Direction+0) 
;__Lib_Lcd.c,93 :: 		
0x0190	0x9C8C      	BCF         LCD_EN, BitPos(LCD_EN+0) 
;__Lib_Lcd.c,94 :: 		
0x0192	0x9E8C      	BCF         LCD_RS, BitPos(LCD_RS+0) 
;__Lib_Lcd.c,95 :: 		
0x0194	0x948C      	BCF         LCD_D7, BitPos(LCD_D7+0) 
;__Lib_Lcd.c,96 :: 		
0x0196	0x968C      	BCF         LCD_D6, BitPos(LCD_D6+0) 
;__Lib_Lcd.c,97 :: 		
0x0198	0x988C      	BCF         LCD_D5, BitPos(LCD_D5+0) 
;__Lib_Lcd.c,98 :: 		
0x019A	0x9A8C      	BCF         LCD_D4, BitPos(LCD_D4+0) 
;__Lib_Lcd.c,100 :: 		
0x019C	0xDF9D      	RCALL       _Delay_5500us
;__Lib_Lcd.c,101 :: 		
0x019E	0xDF9C      	RCALL       _Delay_5500us
;__Lib_Lcd.c,102 :: 		
0x01A0	0xDF9B      	RCALL       _Delay_5500us
;__Lib_Lcd.c,105 :: 		
0x01A2	0x888C      	BSF         LCD_D5, BitPos(LCD_D5+0) 
;__Lib_Lcd.c,106 :: 		
0x01A4	0x8A8C      	BSF         LCD_D4, BitPos(LCD_D4+0) 
;__Lib_Lcd.c,107 :: 		
0x01A6	0x8C8C      	BSF         LCD_EN, BitPos(LCD_EN+0) 
;__Lib_Lcd.c,108 :: 		
0x01A8	0xDF90      	RCALL       _Delay_1us
;__Lib_Lcd.c,109 :: 		
0x01AA	0x9C8C      	BCF         LCD_EN, BitPos(LCD_EN+0) 
;__Lib_Lcd.c,110 :: 		
0x01AC	0xDF95      	RCALL       _Delay_5500us
;__Lib_Lcd.c,112 :: 		
0x01AE	0x8C8C      	BSF         LCD_EN, BitPos(LCD_EN+0) 
;__Lib_Lcd.c,113 :: 		
0x01B0	0xDF8C      	RCALL       _Delay_1us
;__Lib_Lcd.c,114 :: 		
0x01B2	0x9C8C      	BCF         LCD_EN, BitPos(LCD_EN+0) 
;__Lib_Lcd.c,115 :: 		
0x01B4	0xDF91      	RCALL       _Delay_5500us
;__Lib_Lcd.c,117 :: 		
0x01B6	0x8C8C      	BSF         LCD_EN, BitPos(LCD_EN+0) 
;__Lib_Lcd.c,118 :: 		
0x01B8	0xDF88      	RCALL       _Delay_1us
;__Lib_Lcd.c,119 :: 		
0x01BA	0x9C8C      	BCF         LCD_EN, BitPos(LCD_EN+0) 
;__Lib_Lcd.c,120 :: 		
0x01BC	0xDF8D      	RCALL       _Delay_5500us
;__Lib_Lcd.c,123 :: 		
0x01BE	0x9A8C      	BCF         LCD_D4, BitPos(LCD_D4+0) 
;__Lib_Lcd.c,124 :: 		
0x01C0	0x8C8C      	BSF         LCD_EN, BitPos(LCD_EN+0) 
;__Lib_Lcd.c,125 :: 		
0x01C2	0xDF83      	RCALL       _Delay_1us
;__Lib_Lcd.c,126 :: 		
0x01C4	0x9C8C      	BCF         LCD_EN, BitPos(LCD_EN+0) 
;__Lib_Lcd.c,127 :: 		
0x01C6	0xDF88      	RCALL       _Delay_5500us
;__Lib_Lcd.c,130 :: 		
0x01C8	0x8C8C      	BSF         LCD_EN, BitPos(LCD_EN+0) 
;__Lib_Lcd.c,131 :: 		
0x01CA	0xDF7F      	RCALL       _Delay_1us
;__Lib_Lcd.c,132 :: 		
0x01CC	0x9C8C      	BCF         LCD_EN, BitPos(LCD_EN+0) 
;__Lib_Lcd.c,134 :: 		
0x01CE	0x988C      	BCF         LCD_D5, BitPos(LCD_D5+0) 
;__Lib_Lcd.c,135 :: 		
0x01D0	0x848C      	BSF         LCD_D7, BitPos(LCD_D7+0) 
;__Lib_Lcd.c,136 :: 		
0x01D2	0x8C8C      	BSF         LCD_EN, BitPos(LCD_EN+0) 
;__Lib_Lcd.c,137 :: 		
0x01D4	0xDF7A      	RCALL       _Delay_1us
;__Lib_Lcd.c,138 :: 		
0x01D6	0x9C8C      	BCF         LCD_EN, BitPos(LCD_EN+0) 
;__Lib_Lcd.c,139 :: 		
0x01D8	0xDF7F      	RCALL       _Delay_5500us
;__Lib_Lcd.c,142 :: 		
0x01DA	0x948C      	BCF         LCD_D7, BitPos(LCD_D7+0) 
;__Lib_Lcd.c,143 :: 		
0x01DC	0x8A8C      	BSF         LCD_D4, BitPos(LCD_D4+0) 
;__Lib_Lcd.c,144 :: 		
0x01DE	0x8C8C      	BSF         LCD_EN, BitPos(LCD_EN+0) 
;__Lib_Lcd.c,145 :: 		
0x01E0	0xDF74      	RCALL       _Delay_1us
;__Lib_Lcd.c,146 :: 		
0x01E2	0x9C8C      	BCF         LCD_EN, BitPos(LCD_EN+0) 
;__Lib_Lcd.c,148 :: 		
0x01E4	0x9A8C      	BCF         LCD_D4, BitPos(LCD_D4+0) 
;__Lib_Lcd.c,149 :: 		
0x01E6	0x8C8C      	BSF         LCD_EN, BitPos(LCD_EN+0) 
;__Lib_Lcd.c,150 :: 		
0x01E8	0xDF70      	RCALL       _Delay_1us
;__Lib_Lcd.c,151 :: 		
0x01EA	0x9C8C      	BCF         LCD_EN, BitPos(LCD_EN+0) 
;__Lib_Lcd.c,152 :: 		
0x01EC	0xDF75      	RCALL       _Delay_5500us
;__Lib_Lcd.c,155 :: 		
0x01EE	0x8C8C      	BSF         LCD_EN, BitPos(LCD_EN+0) 
;__Lib_Lcd.c,156 :: 		
0x01F0	0xDF6C      	RCALL       _Delay_1us
;__Lib_Lcd.c,157 :: 		
0x01F2	0x9C8C      	BCF         LCD_EN, BitPos(LCD_EN+0) 
;__Lib_Lcd.c,159 :: 		
0x01F4	0x8A8C      	BSF         LCD_D4, BitPos(LCD_D4+0) 
;__Lib_Lcd.c,160 :: 		
0x01F6	0x8C8C      	BSF         LCD_EN, BitPos(LCD_EN+0) 
;__Lib_Lcd.c,161 :: 		
0x01F8	0xDF68      	RCALL       _Delay_1us
;__Lib_Lcd.c,162 :: 		
0x01FA	0x9C8C      	BCF         LCD_EN, BitPos(LCD_EN+0) 
;__Lib_Lcd.c,163 :: 		
0x01FC	0xDF6D      	RCALL       _Delay_5500us
;__Lib_Lcd.c,166 :: 		
0x01FE	0x9A8C      	BCF         LCD_D4, BitPos(LCD_D4+0) 
;__Lib_Lcd.c,167 :: 		
0x0200	0x8C8C      	BSF         LCD_EN, BitPos(LCD_EN+0) 
;__Lib_Lcd.c,168 :: 		
0x0202	0xDF63      	RCALL       _Delay_1us
;__Lib_Lcd.c,169 :: 		
0x0204	0x9C8C      	BCF         LCD_EN, BitPos(LCD_EN+0) 
;__Lib_Lcd.c,171 :: 		
0x0206	0x848C      	BSF         LCD_D7, BitPos(LCD_D7+0) 
;__Lib_Lcd.c,172 :: 		
0x0208	0x868C      	BSF         LCD_D6, BitPos(LCD_D6+0) 
;__Lib_Lcd.c,173 :: 		
0x020A	0x888C      	BSF         LCD_D5, BitPos(LCD_D5+0) 
;__Lib_Lcd.c,174 :: 		
0x020C	0x8A8C      	BSF         LCD_D4, BitPos(LCD_D4+0) 
;__Lib_Lcd.c,175 :: 		
0x020E	0x8C8C      	BSF         LCD_EN, BitPos(LCD_EN+0) 
;__Lib_Lcd.c,176 :: 		
0x0210	0xDF5C      	RCALL       _Delay_1us
;__Lib_Lcd.c,177 :: 		
0x0212	0x9C8C      	BCF         LCD_EN, BitPos(LCD_EN+0) 
;__Lib_Lcd.c,179 :: 		
0x0214	0xDF61      	RCALL       _Delay_5500us
;__Lib_Lcd.c,181 :: 		
0x0216	0x8035      	BSF         __Lib_Lcd_cmd_status, BitPos(__Lib_Lcd_cmd_status+0) 
;__Lib_Lcd.c,182 :: 		
L_end_Lcd_Init:
0x0218	0x0012      	RETURN      0
; end of _Lcd_Init
_InitTimer0:
;initialize.c,2 :: 		void InitTimer0(){
;initialize.c,3 :: 		T0CON       = 0x80;
0x021A	0x0E80      	MOVLW       128
0x021C	0x6ED5      	MOVWF       T0CON 
;initialize.c,4 :: 		TMR0H       = 0x15;
0x021E	0x0E15      	MOVLW       21
0x0220	0x6ED7      	MOVWF       TMR0H 
;initialize.c,5 :: 		TMR0L       = 0xA0;
0x0222	0x0EA0      	MOVLW       160
0x0224	0x6ED6      	MOVWF       TMR0L 
;initialize.c,6 :: 		GIE_bit     = 1;
0x0226	0x8EF2      	BSF         GIE_bit, BitPos(GIE_bit+0) 
;initialize.c,7 :: 		TMR0IE_bit  = 1;
0x0228	0x8AF2      	BSF         TMR0IE_bit, BitPos(TMR0IE_bit+0) 
;initialize.c,8 :: 		}
L_end_InitTimer0:
0x022A	0x0012      	RETURN      0
; end of _InitTimer0
_UART1_Init:
;__Lib_UART_c67.c,15 :: 		
;__Lib_UART_c67.c,18 :: 		
0x022C	0x0EFF      	MOVLW       _UART1_Write
0x022E	0x6E36      	MOVWF       _UART_Wr_Ptr 
0x0230	0x0EFF      	MOVLW       hi_addr(_UART1_Write)
0x0232	0x6E37      	MOVWF       _UART_Wr_Ptr+1 
0x0234	0x0EFF      	MOVLW       FARG_UART1_Write_data_
0x0236	0x6E38      	MOVWF       _UART_Wr_Ptr+2 
0x0238	0x0EFF      	MOVLW       hi_addr(FARG_UART1_Write_data_)
0x023A	0x6E39      	MOVWF       _UART_Wr_Ptr+3 
;__Lib_UART_c67.c,19 :: 		
0x023C	0x0EFF      	MOVLW       _UART1_Read
0x023E	0x6E31      	MOVWF       _UART_Rd_Ptr 
0x0240	0x0EFF      	MOVLW       hi_addr(_UART1_Read)
0x0242	0x6E32      	MOVWF       _UART_Rd_Ptr+1 
0x0244	0x0E00      	MOVLW       0
0x0246	0x6E33      	MOVWF       _UART_Rd_Ptr+2 
0x0248	0x0E00      	MOVLW       0
0x024A	0x6E34      	MOVWF       _UART_Rd_Ptr+3 
;__Lib_UART_c67.c,20 :: 		
0x024C	0x0EFF      	MOVLW       _UART1_Data_Ready
0x024E	0x6E2D      	MOVWF       _UART_Rdy_Ptr 
0x0250	0x0EFF      	MOVLW       hi_addr(_UART1_Data_Ready)
0x0252	0x6E2E      	MOVWF       _UART_Rdy_Ptr+1 
0x0254	0x0E00      	MOVLW       0
0x0256	0x6E2F      	MOVWF       _UART_Rdy_Ptr+2 
0x0258	0x0E00      	MOVLW       0
0x025A	0x6E30      	MOVWF       _UART_Rdy_Ptr+3 
;__Lib_UART_c67.c,21 :: 		
0x025C	0x0EFF      	MOVLW       _UART1_Tx_Idle
0x025E	0x6E3A      	MOVWF       _UART_Tx_Idle_Ptr 
0x0260	0x0EFF      	MOVLW       hi_addr(_UART1_Tx_Idle)
0x0262	0x6E3B      	MOVWF       _UART_Tx_Idle_Ptr+1 
0x0264	0x0E00      	MOVLW       0
0x0266	0x6E3C      	MOVWF       _UART_Tx_Idle_Ptr+2 
0x0268	0x0E00      	MOVLW       0
0x026A	0x6E3D      	MOVWF       _UART_Tx_Idle_Ptr+3 
;__Lib_UART_c67.c,23 :: 		
0x026C	0x8AAC      	BSF         TXSTA, 5 
;__Lib_UART_c67.c,24 :: 		
0x026E	0x0E90      	MOVLW       144
0x0270	0x6EAB      	MOVWF       RCSTA 
;__Lib_UART_c67.c,25 :: 		
0x0272	0x8E94      	BSF         TRISC7_bit, BitPos(TRISC7_bit+0) 
;__Lib_UART_c67.c,26 :: 		
0x0274	0x9C94      	BCF         TRISC6_bit, BitPos(TRISC6_bit+0) 
;__Lib_UART_c67.c,28 :: 		
L_UART1_Init0:
0x0276	0xAA9E      	BTFSS       PIR1, 5 
0x0278	0xD003      	BRA         L_UART1_Init1
;__Lib_UART_c67.c,29 :: 		
0x027A	0xF000CFAE  	MOVFF       RCREG, R0
0x027E	0xD7FB      	BRA         L_UART1_Init0
L_UART1_Init1:
;__Lib_UART_c67.c,30 :: 		
L_end_UART1_Init:
0x0280	0x0012      	RETURN      0
; end of _UART1_Init
___CC2DW:
;__Lib_System.c,21 :: 		
;__Lib_System.c,23 :: 		
_CC2DL_Loop1:
;__Lib_System.c,24 :: 		
0x0282	0x0009      	TBLRD*+
;__Lib_System.c,25 :: 		
0x0284	0xFFE6CFF5  	MOVFF       TABLAT, POSTINC1
;__Lib_System.c,26 :: 		
0x0288	0x0600      	DECF        R0, 1, 0
;__Lib_System.c,27 :: 		
0x028A	0xE1FB      	BNZ         _CC2DL_Loop1
;__Lib_System.c,28 :: 		
0x028C	0x0601      	DECF        R1, 1, 0
;__Lib_System.c,29 :: 		
0x028E	0xE1F9      	BNZ         _CC2DL_Loop1
;__Lib_System.c,31 :: 		
L_end___CC2DW:
0x0290	0x0012      	RETURN      0
; end of ___CC2DW
_UpdateExternalPorts:
;function.c,10 :: 		void UpdateExternalPorts(){
;function.c,12 :: 		ST_CP=0;
0x0292	0x928D      	BCF         LATE1_bit, BitPos(LATE1_bit+0) 
;function.c,13 :: 		SH_CP=0;
0x0294	0x948D      	BCF         LATE2_bit, BitPos(LATE2_bit+0) 
;function.c,14 :: 		DS=0;
0x0296	0x968A      	BCF         LATB3_bit, BitPos(LATB3_bit+0) 
;function.c,17 :: 		buffer=LATF;
0x0298	0xF002C018  	MOVFF       _LATF, R2
;function.c,18 :: 		for(i=0;i<8;i++){
0x029C	0x6A01      	CLRF        R1 
L_UpdateExternalPorts4:
0x029E	0x0E08      	MOVLW       8
0x02A0	0x5C01      	SUBWF       R1, 0 
0x02A2	0xE20C      	BC          L_UpdateExternalPorts5
;function.c,19 :: 		if(buffer.B7)
0x02A4	0xAE02      	BTFSS       R2, 7 
0x02A6	0xD002      	BRA         L_UpdateExternalPorts7
;function.c,20 :: 		DS=1;
0x02A8	0x868A      	BSF         LATB3_bit, BitPos(LATB3_bit+0) 
0x02AA	0xD001      	BRA         L_UpdateExternalPorts8
L_UpdateExternalPorts7:
;function.c,22 :: 		DS=0;
0x02AC	0x968A      	BCF         LATB3_bit, BitPos(LATB3_bit+0) 
L_UpdateExternalPorts8:
;function.c,24 :: 		SH_CP=1;
0x02AE	0x848D      	BSF         LATE2_bit, BitPos(LATE2_bit+0) 
;function.c,25 :: 		asm nop;
0x02B0	0x0000      	NOP
;function.c,26 :: 		SH_CP=0;
0x02B2	0x948D      	BCF         LATE2_bit, BitPos(LATE2_bit+0) 
;function.c,28 :: 		buffer<<=1;
0x02B4	0x3602      	RLCF        R2, 1 
0x02B6	0x9002      	BCF         R2, 0 
;function.c,18 :: 		for(i=0;i<8;i++){
0x02B8	0x2A01      	INCF        R1, 1 
;function.c,29 :: 		}
0x02BA	0xD7F1      	BRA         L_UpdateExternalPorts4
L_UpdateExternalPorts5:
;function.c,32 :: 		buffer=LATG;
0x02BC	0xF002C019  	MOVFF       _LATG, R2
;function.c,33 :: 		for(i=0;i<8;i++){
0x02C0	0x6A01      	CLRF        R1 
L_UpdateExternalPorts9:
0x02C2	0x0E08      	MOVLW       8
0x02C4	0x5C01      	SUBWF       R1, 0 
0x02C6	0xE20C      	BC          L_UpdateExternalPorts10
;function.c,34 :: 		if(buffer.B7)
0x02C8	0xAE02      	BTFSS       R2, 7 
0x02CA	0xD002      	BRA         L_UpdateExternalPorts12
;function.c,35 :: 		DS=1;
0x02CC	0x868A      	BSF         LATB3_bit, BitPos(LATB3_bit+0) 
0x02CE	0xD001      	BRA         L_UpdateExternalPorts13
L_UpdateExternalPorts12:
;function.c,37 :: 		DS=0;
0x02D0	0x968A      	BCF         LATB3_bit, BitPos(LATB3_bit+0) 
L_UpdateExternalPorts13:
;function.c,39 :: 		SH_CP=1;
0x02D2	0x848D      	BSF         LATE2_bit, BitPos(LATE2_bit+0) 
;function.c,40 :: 		asm nop;
0x02D4	0x0000      	NOP
;function.c,41 :: 		SH_CP=0;
0x02D6	0x948D      	BCF         LATE2_bit, BitPos(LATE2_bit+0) 
;function.c,43 :: 		buffer<<=1;
0x02D8	0x3602      	RLCF        R2, 1 
0x02DA	0x9002      	BCF         R2, 0 
;function.c,33 :: 		for(i=0;i<8;i++){
0x02DC	0x2A01      	INCF        R1, 1 
;function.c,44 :: 		}
0x02DE	0xD7F1      	BRA         L_UpdateExternalPorts9
L_UpdateExternalPorts10:
;function.c,47 :: 		buffer=LATH;
0x02E0	0xF002C01B  	MOVFF       _LATH, R2
;function.c,48 :: 		for(i=0;i<8;i++){
0x02E4	0x6A01      	CLRF        R1 
L_UpdateExternalPorts14:
0x02E6	0x0E08      	MOVLW       8
0x02E8	0x5C01      	SUBWF       R1, 0 
0x02EA	0xE20C      	BC          L_UpdateExternalPorts15
;function.c,49 :: 		if(buffer.B7)
0x02EC	0xAE02      	BTFSS       R2, 7 
0x02EE	0xD002      	BRA         L_UpdateExternalPorts17
;function.c,50 :: 		DS=1;
0x02F0	0x868A      	BSF         LATB3_bit, BitPos(LATB3_bit+0) 
0x02F2	0xD001      	BRA         L_UpdateExternalPorts18
L_UpdateExternalPorts17:
;function.c,52 :: 		DS=0;
0x02F4	0x968A      	BCF         LATB3_bit, BitPos(LATB3_bit+0) 
L_UpdateExternalPorts18:
;function.c,54 :: 		SH_CP=1;
0x02F6	0x848D      	BSF         LATE2_bit, BitPos(LATE2_bit+0) 
;function.c,55 :: 		asm nop;
0x02F8	0x0000      	NOP
;function.c,56 :: 		SH_CP=0;
0x02FA	0x948D      	BCF         LATE2_bit, BitPos(LATE2_bit+0) 
;function.c,58 :: 		buffer<<=1;
0x02FC	0x3602      	RLCF        R2, 1 
0x02FE	0x9002      	BCF         R2, 0 
;function.c,48 :: 		for(i=0;i<8;i++){
0x0300	0x2A01      	INCF        R1, 1 
;function.c,59 :: 		}
0x0302	0xD7F1      	BRA         L_UpdateExternalPorts14
L_UpdateExternalPorts15:
;function.c,62 :: 		buffer=LATI;
0x0304	0xF002C01A  	MOVFF       _LATI, R2
;function.c,63 :: 		for(i=0;i<8;i++){
0x0308	0x6A01      	CLRF        R1 
L_UpdateExternalPorts19:
0x030A	0x0E08      	MOVLW       8
0x030C	0x5C01      	SUBWF       R1, 0 
0x030E	0xE20C      	BC          L_UpdateExternalPorts20
;function.c,64 :: 		if(buffer.B7)
0x0310	0xAE02      	BTFSS       R2, 7 
0x0312	0xD002      	BRA         L_UpdateExternalPorts22
;function.c,65 :: 		DS=1;
0x0314	0x868A      	BSF         LATB3_bit, BitPos(LATB3_bit+0) 
0x0316	0xD001      	BRA         L_UpdateExternalPorts23
L_UpdateExternalPorts22:
;function.c,67 :: 		DS=0;
0x0318	0x968A      	BCF         LATB3_bit, BitPos(LATB3_bit+0) 
L_UpdateExternalPorts23:
;function.c,69 :: 		SH_CP=1;
0x031A	0x848D      	BSF         LATE2_bit, BitPos(LATE2_bit+0) 
;function.c,70 :: 		asm nop;
0x031C	0x0000      	NOP
;function.c,71 :: 		SH_CP=0;
0x031E	0x948D      	BCF         LATE2_bit, BitPos(LATE2_bit+0) 
;function.c,73 :: 		buffer<<=1;
0x0320	0x3602      	RLCF        R2, 1 
0x0322	0x9002      	BCF         R2, 0 
;function.c,63 :: 		for(i=0;i<8;i++){
0x0324	0x2A01      	INCF        R1, 1 
;function.c,74 :: 		}
0x0326	0xD7F1      	BRA         L_UpdateExternalPorts19
L_UpdateExternalPorts20:
;function.c,75 :: 		ST_CP=1;
0x0328	0x828D      	BSF         LATE1_bit, BitPos(LATE1_bit+0) 
;function.c,76 :: 		asm nop;
0x032A	0x0000      	NOP
;function.c,77 :: 		ST_CP=0;
0x032C	0x928D      	BCF         LATE1_bit, BitPos(LATE1_bit+0) 
;function.c,78 :: 		}
L_end_UpdateExternalPorts:
0x032E	0x0012      	RETURN      0
; end of _UpdateExternalPorts
_Lcd_Out:
;__Lib_Lcd.c,184 :: 		
;__Lib_Lcd.c,187 :: 		
0x0330	0xD00F      	BRA         L_Lcd_Out11
;__Lib_Lcd.c,188 :: 		
L_Lcd_Out13:
0x0332	0x0E80      	MOVLW       128
0x0334	0x6E3E      	MOVWF       FARG_Lcd_Out_row 
0x0336	0xD019      	BRA         L_Lcd_Out12
;__Lib_Lcd.c,189 :: 		
L_Lcd_Out14:
0x0338	0x0EC0      	MOVLW       192
0x033A	0x6E3E      	MOVWF       FARG_Lcd_Out_row 
0x033C	0xD016      	BRA         L_Lcd_Out12
;__Lib_Lcd.c,190 :: 		
L_Lcd_Out15:
0x033E	0x0E94      	MOVLW       148
0x0340	0x6E3E      	MOVWF       FARG_Lcd_Out_row 
0x0342	0xD013      	BRA         L_Lcd_Out12
;__Lib_Lcd.c,191 :: 		
L_Lcd_Out16:
0x0344	0x0ED4      	MOVLW       212
0x0346	0x6E3E      	MOVWF       FARG_Lcd_Out_row 
0x0348	0xD010      	BRA         L_Lcd_Out12
;__Lib_Lcd.c,192 :: 		
L_Lcd_Out17:
0x034A	0x0E80      	MOVLW       128
0x034C	0x6E3E      	MOVWF       FARG_Lcd_Out_row 
;__Lib_Lcd.c,193 :: 		
0x034E	0xD00D      	BRA         L_Lcd_Out12
L_Lcd_Out11:
0x0350	0x503E      	MOVF        FARG_Lcd_Out_row, 0 
0x0352	0x0A01      	XORLW       1
0x0354	0xE0EE      	BZ          L_Lcd_Out13
0x0356	0x503E      	MOVF        FARG_Lcd_Out_row, 0 
0x0358	0x0A02      	XORLW       2
0x035A	0xE0EE      	BZ          L_Lcd_Out14
0x035C	0x503E      	MOVF        FARG_Lcd_Out_row, 0 
0x035E	0x0A03      	XORLW       3
0x0360	0xE0EE      	BZ          L_Lcd_Out15
0x0362	0x503E      	MOVF        FARG_Lcd_Out_row, 0 
0x0364	0x0A04      	XORLW       4
0x0366	0xE0EE      	BZ          L_Lcd_Out16
0x0368	0xD7F0      	BRA         L_Lcd_Out17
L_Lcd_Out12:
;__Lib_Lcd.c,194 :: 		
0x036A	0x043F      	DECF        FARG_Lcd_Out_column, 0 
0x036C	0x6E00      	MOVWF       R0 
0x036E	0x503E      	MOVF        FARG_Lcd_Out_row, 0 
0x0370	0x2600      	ADDWF       R0, 1 
0x0372	0xF03EC000  	MOVFF       R0, FARG_Lcd_Out_row
;__Lib_Lcd.c,196 :: 		
0x0376	0xF044C000  	MOVFF       R0, FARG_Lcd_Cmd_out_char
0x037A	0xDEC0      	RCALL       _Lcd_Cmd
;__Lib_Lcd.c,197 :: 		
0x037C	0x9035      	BCF         __Lib_Lcd_cmd_status, BitPos(__Lib_Lcd_cmd_status+0) 
;__Lib_Lcd.c,198 :: 		
0x037E	0x6A42      	CLRF        Lcd_Out_i_L0 
;__Lib_Lcd.c,199 :: 		
L_Lcd_Out18:
0x0380	0x5042      	MOVF        Lcd_Out_i_L0, 0 
0x0382	0x2440      	ADDWF       FARG_Lcd_Out_text, 0 
0x0384	0x6EE9      	MOVWF       FSR0L 
0x0386	0x0E00      	MOVLW       0
0x0388	0x2041      	ADDWFC      FARG_Lcd_Out_text+1, 0 
0x038A	0x6EEA      	MOVWF       FSR0L+1 
0x038C	0x52EE      	MOVF        POSTINC0, 1 
0x038E	0xE00B      	BZ          L_Lcd_Out19
;__Lib_Lcd.c,200 :: 		
0x0390	0x5042      	MOVF        Lcd_Out_i_L0, 0 
0x0392	0x2440      	ADDWF       FARG_Lcd_Out_text, 0 
0x0394	0x6EE9      	MOVWF       FSR0L 
0x0396	0x0E00      	MOVLW       0
0x0398	0x2041      	ADDWFC      FARG_Lcd_Out_text+1, 0 
0x039A	0x6EEA      	MOVWF       FSR0L+1 
0x039C	0xF043CFEE  	MOVFF       POSTINC0, FARG_Lcd_Chr_CP_out_char
0x03A0	0xDEEB      	RCALL       _Lcd_Chr_CP
0x03A2	0x2A42      	INCF        Lcd_Out_i_L0, 1 
0x03A4	0xD7ED      	BRA         L_Lcd_Out18
L_Lcd_Out19:
;__Lib_Lcd.c,201 :: 		
0x03A6	0x8035      	BSF         __Lib_Lcd_cmd_status, BitPos(__Lib_Lcd_cmd_status+0) 
;__Lib_Lcd.c,202 :: 		
L_end_Lcd_Out:
0x03A8	0x0012      	RETURN      0
; end of _Lcd_Out
_InitMCU:
;initialize.c,10 :: 		void InitMCU(){
;initialize.c,11 :: 		TRISA=0b00101010;// [][][DIPSW][LED][TRIMPOT2][BUZZER][TRIMPOT1][RELAY]
0x03AA	0x0E2A      	MOVLW       42
0x03AC	0x6E92      	MOVWF       TRISA 
;initialize.c,12 :: 		TRISB=0b11100100;// [BUTTON_ESC][BUTTON_DOWN][BUTTON_UP][IN4][DS][BUTTON_MENU][][]
0x03AE	0x0EE4      	MOVLW       228
0x03B0	0x6E93      	MOVWF       TRISB 
;initialize.c,13 :: 		TRISC=0b10000001;// [RXD][TXD][][][][LEDG-IN3][EXT_OUT][EXT_IN]
0x03B2	0x0E81      	MOVLW       129
0x03B4	0x6E94      	MOVWF       TRISC 
;initialize.c,14 :: 		TRISD=0b00000000;// [LCD_RS][LCD_EN][LCD_D4][LCD_D5][LCD_D6][LCD_D7][LEDB-IN1][LEDR-IN2]
0x03B6	0x6A95      	CLRF        TRISD 
;initialize.c,15 :: 		TRISE=0b00000000;// [][][][][][SH_CP][ST_CP][DS18B20]
0x03B8	0x6A96      	CLRF        TRISE 
;initialize.c,17 :: 		ANSELA=0b00001010;// [][][][][TRIMPOT2][][TRIMPOT1][]
0x03BA	0x0E0A      	MOVLW       10
0x03BC	0x010F      	MOVLB       15
0x03BE	0x6F5B      	MOVWF       ANSELA, 1
;initialize.c,18 :: 		ANSELB=0b00000000;// [][][][][][][][]
0x03C0	0x6B5C      	CLRF        ANSELB, 1
;initialize.c,19 :: 		ANSELC=0b00000000;// [][][][][][][][]
0x03C2	0x6B5D      	CLRF        ANSELC, 1
;initialize.c,20 :: 		ANSELD=0b00000000;// [][][][][][][][]
0x03C4	0x6B5E      	CLRF        ANSELD, 1
;initialize.c,21 :: 		ANSELE=0b00000000;// [][][][][][][][]
0x03C6	0x6B5F      	CLRF        ANSELE, 1
;initialize.c,23 :: 		LATA=0x00;
0x03C8	0x6A89      	CLRF        LATA 
;initialize.c,24 :: 		LATB=0x00;
0x03CA	0x6A8A      	CLRF        LATB 
;initialize.c,25 :: 		LATC=0x00;
0x03CC	0x6A8B      	CLRF        LATC 
;initialize.c,26 :: 		LATD=0x00;
0x03CE	0x6A8C      	CLRF        LATD 
;initialize.c,27 :: 		LATE=0x00;
0x03D0	0x6A8D      	CLRF        LATE 
;initialize.c,29 :: 		InitTimer0();
0x03D2	0xDF23      	RCALL       _InitTimer0
;initialize.c,30 :: 		UART1_Init(9600);
0x03D4	0x86B8      	BSF         BAUDCON, 3, 0
0x03D6	0x0E04      	MOVLW       4
0x03D8	0x6EB0      	MOVWF       SPBRGH 
0x03DA	0x0EE1      	MOVLW       225
0x03DC	0x6EAF      	MOVWF       SPBRG 
0x03DE	0x84AC      	BSF         TXSTA, 2, 0
0x03E0	0xDF25      	RCALL       _UART1_Init
;initialize.c,32 :: 		Lcd_Init();
0x03E2	0xDED0      	RCALL       _Lcd_Init
;initialize.c,33 :: 		Lcd_Cmd(_LCD_CURSOR_OFF);
0x03E4	0x0E0C      	MOVLW       12
0x03E6	0x6E44      	MOVWF       FARG_Lcd_Cmd_out_char 
0x03E8	0xDE89      	RCALL       _Lcd_Cmd
;initialize.c,34 :: 		Lcd_Cmd(_LCD_CLEAR);
0x03EA	0x0E01      	MOVLW       1
0x03EC	0x6E44      	MOVWF       FARG_Lcd_Cmd_out_char 
0x03EE	0xDE86      	RCALL       _Lcd_Cmd
;initialize.c,35 :: 		}
L_end_InitMCU:
0x03F0	0x0012      	RETURN      0
; end of _InitMCU
_main:
0x03F2	0xF002EC30  	CALL        1120, 0
;main.c,8 :: 		void main() {
;main.c,9 :: 		InitMCU();
0x03F6	0xDFD9      	RCALL       _InitMCU
;main.c,11 :: 		while(1){
L_main76:
;main.c,14 :: 		Lcd_Out(1,1,"1.1.LED Yakma   ");    // Ekranda 1.satir 1.sütundan itibaren yaz
0x03F8	0x0E01      	MOVLW       1
0x03FA	0x6E3E      	MOVWF       FARG_Lcd_Out_row 
0x03FC	0x0E01      	MOVLW       1
0x03FE	0x6E3F      	MOVWF       FARG_Lcd_Out_column 
0x0400	0x0E1C      	MOVLW       ?lstr1_main
0x0402	0x6E40      	MOVWF       FARG_Lcd_Out_text 
0x0404	0x0E00      	MOVLW       hi_addr(?lstr1_main)
0x0406	0x6E41      	MOVWF       FARG_Lcd_Out_text+1 
0x0408	0xDF93      	RCALL       _Lcd_Out
;main.c,15 :: 		LED=1;                              // LED'i yak
0x040A	0x8889      	BSF         LATA4_bit, BitPos(LATA4_bit+0) 
;main.c,16 :: 		delay_ms(1000);                     // 1000ms=1saniye bekle
0x040C	0x0E3D      	MOVLW       61
0x040E	0x6E0B      	MOVWF       R11, 0
0x0410	0x0EE1      	MOVLW       225
0x0412	0x6E0C      	MOVWF       R12, 0
0x0414	0x0E3F      	MOVLW       63
0x0416	0x6E0D      	MOVWF       R13, 0
L_main78:
0x0418	0x2E0D      	DECFSZ      R13, 1, 0
0x041A	0xD7FE      	BRA         L_main78
0x041C	0x2E0C      	DECFSZ      R12, 1, 0
0x041E	0xD7FC      	BRA         L_main78
0x0420	0x2E0B      	DECFSZ      R11, 1, 0
0x0422	0xD7FA      	BRA         L_main78
0x0424	0x0000      	NOP
0x0426	0x0000      	NOP
;main.c,17 :: 		LED=0;                              // LED'i sondur
0x0428	0x9889      	BCF         LATA4_bit, BitPos(LATA4_bit+0) 
;main.c,18 :: 		delay_ms(1000);                     // 1000ms=1saniye bekle
0x042A	0x0E3D      	MOVLW       61
0x042C	0x6E0B      	MOVWF       R11, 0
0x042E	0x0EE1      	MOVLW       225
0x0430	0x6E0C      	MOVWF       R12, 0
0x0432	0x0E3F      	MOVLW       63
0x0434	0x6E0D      	MOVWF       R13, 0
L_main79:
0x0436	0x2E0D      	DECFSZ      R13, 1, 0
0x0438	0xD7FE      	BRA         L_main79
0x043A	0x2E0C      	DECFSZ      R12, 1, 0
0x043C	0xD7FC      	BRA         L_main79
0x043E	0x2E0B      	DECFSZ      R11, 1, 0
0x0440	0xD7FA      	BRA         L_main79
0x0442	0x0000      	NOP
0x0444	0x0000      	NOP
;main.c,75 :: 		}
0x0446	0xD7D8      	BRA         L_main76
;main.c,76 :: 		}
L_end_main:
0x0448	0xD7FF      	BRA         $+0
; end of _main
0x0460	0xF017EE10  	LFSR        1, 23
0x0464	0x0E16      	MOVLW       22
0x0466	0x6E00      	MOVWF       R0 
0x0468	0x0E01      	MOVLW       1
0x046A	0x6E01      	MOVWF       R1 
0x046C	0x0E4A      	MOVLW       74
0x046E	0x6EF6      	MOVWF       4086 
0x0470	0x0E04      	MOVLW       4
0x0472	0x6EF7      	MOVWF       TBLPTRH 
0x0474	0x0E00      	MOVLW       0
0x0476	0x6EF8      	MOVWF       TBLPTRU 
0x0478	0xF001EC41  	CALL        642, 0
0x047C	0x0012      	RETURN      0
;main.c,0 :: ?ICS_PORTI
0x044A	0x00 ;?ICS_PORTI+0
; end of ?ICS_PORTI
;main.c,0 :: ?ICS_LATF
0x044B	0x00 ;?ICS_LATF+0
; end of ?ICS_LATF
;main.c,0 :: ?ICS_LATG
0x044C	0x00 ;?ICS_LATG+0
; end of ?ICS_LATG
;main.c,0 :: ?ICS_LATI
0x044D	0x00 ;?ICS_LATI+0
; end of ?ICS_LATI
;main.c,0 :: ?ICS_LATH
0x044E	0x00 ;?ICS_LATH+0
; end of ?ICS_LATH
;main.c,0 :: ?ICS?lstr1_main
0x044F	0x2E31 ;?ICS?lstr1_main+0
0x0451	0x2E31 ;?ICS?lstr1_main+2
0x0453	0x454C ;?ICS?lstr1_main+4
0x0455	0x2044 ;?ICS?lstr1_main+6
0x0457	0x6159 ;?ICS?lstr1_main+8
0x0459	0x6D6B ;?ICS?lstr1_main+10
0x045B	0x2061 ;?ICS?lstr1_main+12
0x045D	0x2020 ;?ICS?lstr1_main+14
0x045F	0x00 ;?ICS?lstr1_main+16
; end of ?ICS?lstr1_main
Symbol List:
//** Routines locations **
//ADDRESS    SIZE    PROCEDURE
//----------------------------------------------
0x0008     [194]    _Interrupt
0x00CA      [14]    _Delay_1us
0x00D8      [22]    _Delay_5500us
0x00EE      [14]    _Delay_50us
0x00FC     [124]    _Lcd_Cmd
0x0178      [12]    _Lcd_Chr_CP
0x0184     [150]    _Lcd_Init
0x021A      [18]    _InitTimer0
0x022C      [86]    _UART1_Init
0x0282      [16]    ___CC2DW
0x0292     [158]    _UpdateExternalPorts
0x0330     [122]    _Lcd_Out
0x03AA      [72]    _InitMCU
0x03F2      [88]    _main
//** Variables locations ** 
//ADDRESS    SIZE    VARIABLE
//----------------------------------------------
0x0000       [1]    R0
0x0000       [1]    UART1_Init_tmp_L0
0x0001       [2]    wait_i_L0
0x0001       [1]    __Lib_Conversions_Adjust_Hex_tmp_L0
0x0001       [1]    R1
0x0001       [1]    UpdateExternalPorts_i_L0
0x0001       [1]    UART1_Read___tmp_UART1_Read_L0
0x0002       [2]    memset_pp_L0
0x0002       [2]    strlen_cp_L0
0x0002       [1]    R2
0x0002       [2]    memchr_s_L0
0x0002       [1]    UpdateExternalPorts_buffer_L0
0x0002       [2]    memcpy_dd_L0
0x0003       [2]    memmove_tt_L0
0x0003       [2]    Ltrim_original_L0
0x0003       [1]    R3
0x0004       [2]    strncat_cp_L0
0x0004       [2]    memcpy_ss_L0
0x0004       [2]    strcat_cp_L0
0x0004       [2]    strcpy_cp_L0
0x0004       [2]    strncpy_cp_L0
0x0004       [1]    R4
0x0005       [1]    R5
0x0005       [2]    LongIntToHex_input_half_L0
0x0005       [2]    Ltrim_p_L0
0x0005       [2]    LongWordToHex_input_half_L0
0x0005       [2]    memmove_ff_L0
0x0006       [1]    R6
0x0007       [1]    R7
0x0008       [1]    R8
0x0009       [1]    R9
0x000A       [1]    R10
0x000B       [1]    R11
0x000C       [1]    R12
0x000D       [1]    R13
0x000E       [1]    R14
0x000F       [1]    R15
0x0010       [1]    R16
0x0011       [1]    R17
0x0012       [1]    R18
0x0013       [1]    R19
0x0014       [1]    R20
0x0017       [0]    _PORTI7_bit
0x0017       [0]    _PORTI6_bit
0x0017       [0]    _PORTI5_bit
0x0017       [1]    _PORTI
0x0017       [0]    _PORTI0_bit
0x0017       [0]    _PORTI1_bit
0x0017       [0]    _PORTI2_bit
0x0017       [0]    _PORTI3_bit
0x0017       [0]    _PORTI4_bit
0x0018       [1]    _LATF
0x0019       [1]    _LATG
0x001A       [1]    _LATI
0x001B       [1]    _LATH
0x001C      [17]    ?lstr1_main
0x002D       [4]    _UART_Rdy_Ptr
0x0031       [4]    _UART_Rd_Ptr
0x0035       [0]    __Lib_Lcd_cmd_status
0x0036       [4]    _UART_Wr_Ptr
0x003A       [4]    _UART_Tx_Idle_Ptr
0x003E       [1]    FARG_Lcd_Out_row
0x003F       [1]    FARG_Lcd_Out_column
0x0040       [2]    FARG_Lcd_Out_text
0x0042       [1]    Lcd_Out_i_L0
0x0043       [1]    FARG_Lcd_Chr_CP_out_char
0x0044       [1]    FARG_Lcd_Cmd_out_char
0x0F5B       [1]    ANSELA
0x0F5C       [1]    ANSELB
0x0F5D       [1]    ANSELC
0x0F5E       [1]    ANSELD
0x0F5F       [1]    ANSELE
0x0F80       [0]    RA5_bit
0x0F80       [0]    DIPSW
0x0F89       [0]    LED
0x0F89       [1]    LATA
0x0F89       [0]    LATA4_bit
0x0F8A       [1]    LATB
0x0F8A       [0]    DS
0x0F8A       [0]    LATB3_bit
0x0F8B       [1]    LATC
0x0F8C       [0]    LCD_EN
0x0F8C       [0]    LCD_D5
0x0F8C       [0]    LCD_D4
0x0F8C       [0]    LATD7_bit
0x0F8C       [0]    LCD_RS
0x0F8C       [0]    LATD2_bit
0x0F8C       [0]    LATD3_bit
0x0F8C       [0]    LATD4_bit
0x0F8C       [0]    LCD_D7
0x0F8C       [0]    LCD_D6
0x0F8C       [0]    LATD5_bit
0x0F8C       [0]    LATD6_bit
0x0F8C       [1]    LATD
0x0F8D       [1]    LATE
0x0F8D       [0]    SH_CP
0x0F8D       [0]    ST_CP
0x0F8D       [0]    LATE2_bit
0x0F8D       [0]    LATE1_bit
0x0F92       [1]    TRISA
0x0F93       [1]    TRISB
0x0F94       [1]    TRISC
0x0F94       [0]    TRISC6_bit
0x0F94       [0]    TRISC7_bit
0x0F95       [1]    TRISD
0x0F95       [0]    LCD_EN_Direction
0x0F95       [0]    LCD_RS_Direction
0x0F95       [0]    LCD_D7_Direction
0x0F95       [0]    LCD_D4_Direction
0x0F95       [0]    LCD_D5_Direction
0x0F95       [0]    LCD_D6_Direction
0x0F95       [0]    TRISD5_bit
0x0F95       [0]    TRISD4_bit
0x0F95       [0]    TRISD7_bit
0x0F95       [0]    TRISD6_bit
0x0F95       [0]    TRISD2_bit
0x0F95       [0]    TRISD3_bit
0x0F96       [1]    TRISE
0x0F9E       [1]    PIR1
0x0FAB       [1]    RCSTA
0x0FAC       [1]    TXSTA
0x0FAE       [1]    RCREG
0x0FAF       [1]    SPBRG
0x0FB0       [1]    SPBRGH
0x0FB8       [1]    BAUDCON
0x0FD5       [1]    T0CON
0x0FD6       [1]    TMR0L
0x0FD7       [1]    TMR0H
0x0FD8       [1]    STATUS
0x0FD9       [1]    FSR2L
0x0FDA       [1]    FSR2H
0x0FDE       [1]    POSTINC2
0x0FE0       [1]    BSR
0x0FE1       [1]    FSR1L
0x0FE2       [1]    FSR1H
0x0FE4       [1]    PREINC1
0x0FE6       [1]    POSTINC1
0x0FE7       [1]    INDF1
0x0FE8       [1]    WREG
0x0FE9       [1]    FSR0L
0x0FEA       [1]    FSR0H
0x0FEE       [1]    POSTINC0
0x0FF2       [0]    TMR0IF_bit
0x0FF2       [0]    GIE_bit
0x0FF2       [0]    TMR0IE_bit
0x0FF3       [1]    PRODL
0x0FF4       [1]    PRODH
0x0FF5       [1]    TABLAT
0x0FF6       [1]    TBLPTRL
0x0FF7       [1]    TBLPTRH
0x0FF8       [1]    TBLPTRU
//** Constants locations ** 
//ADDRESS    SIZE    CONSTANT
//----------------------------------------------
0x044A       [1]    ?ICS_PORTI
0x044B       [1]    ?ICS_LATF
0x044C       [1]    ?ICS_LATG
0x044D       [1]    ?ICS_LATI
0x044E       [1]    ?ICS_LATH
0x044F      [17]    ?ICS?lstr1_main
